#
# There is insufficient memory for the Java Runtime Environment to continue.
# Native memory allocation (malloc) failed to allocate 1379376 bytes for Chunk::new
# Possible reasons:
#   The system is out of physical RAM or swap space
#   The process is running with CompressedOops enabled, and the Java Heap may be blocking the growth of the native heap
# Possible solutions:
#   Reduce memory load on the system
#   Increase physical memory or swap space
#   Check if swap backing store is full
#   Decrease Java heap size (-Xmx/-Xms)
#   Decrease number of Java threads
#   Decrease Java thread stack sizes (-Xss)
#   Set larger code cache with -XX:ReservedCodeCacheSize=
#   JVM is running with Unscaled Compressed Oops mode in which the Java heap is
#     placed in the first 4GB address space. The Java Heap base address is the
#     maximum limit for the native heap growth. Please use -XX:HeapBaseMinAddress
#     to set the Java Heap base and to place the Java Heap above 4GB virtual address.
# This output file may be truncated or incomplete.
#
#  Out of Memory Error (./src/hotspot/share/memory/arena.cpp:197), pid=11232, tid=2324
#
# JRE version: OpenJDK Runtime Environment (11.0.11+9) (build 11.0.11+9-b60-7590822)
# Java VM: OpenJDK 64-Bit Server VM (11.0.11+9-b60-7590822, mixed mode, tiered, compressed oops, g1 gc, windows-amd64)
# No core dump will be written. Minidumps are not enabled by default on client versions of Windows
#

---------------  S U M M A R Y ------------

Command Line: --add-opens=java.base/java.util=ALL-UNNAMED --add-opens=java.base/java.lang=ALL-UNNAMED --add-opens=java.base/java.lang.invoke=ALL-UNNAMED --add-opens=java.base/java.util=ALL-UNNAMED --add-opens=java.prefs/java.util.prefs=ALL-UNNAMED --add-opens=java.prefs/java.util.prefs=ALL-UNNAMED --add-opens=java.base/java.nio.charset=ALL-UNNAMED --add-opens=java.base/java.net=ALL-UNNAMED --add-opens=java.base/java.util.concurrent.atomic=ALL-UNNAMED -Xmx2048m -Dfile.encoding=UTF-8 -Duser.country=RU -Duser.language=ru -Duser.variant org.gradle.launcher.daemon.bootstrap.GradleDaemon 7.0.2

Host: Intel(R) Core(TM) i5-8265U CPU @ 1.60GHz, 8 cores, 7G,  Windows 10 , 64 bit Build 17763 (10.0.17763.1339)
Time: Sat Dec  3 18:21:23 2022 RTZ 2 (ceia) elapsed time: 14.566084 seconds (0d 0h 0m 14s)

---------------  T H R E A D  ---------------

Current thread (0x000002bccfd73800):  JavaThread "C2 CompilerThread0" daemon [_thread_in_native, id=2324, stack(0x000000ea12900000,0x000000ea12a00000)]


Current CompileTask:
C2:  14566 7581 %     4       org.gradle.internal.instantiation.generator.AbstractClassGenerator::inspectType @ 250 (560 bytes)

Stack: [0x000000ea12900000,0x000000ea12a00000]
Native frames: (J=compiled Java code, j=interpreted, Vv=VM code, C=native code)
V  [jvm.dll+0x5f214a]
V  [jvm.dll+0x726fb5]
V  [jvm.dll+0x7285cd]
V  [jvm.dll+0x728c83]
V  [jvm.dll+0x243278]
V  [jvm.dll+0xbc53c]
V  [jvm.dll+0xbca3c]
V  [jvm.dll+0x2b5c34]
V  [jvm.dll+0x508488]
V  [jvm.dll+0x203d53]
V  [jvm.dll+0x1fdbac]
V  [jvm.dll+0x1fb35f]
V  [jvm.dll+0x183d6c]
V  [jvm.dll+0x209a57]
V  [jvm.dll+0x2082a1]
V  [jvm.dll+0x6ef58f]
V  [jvm.dll+0x6e80b5]
V  [jvm.dll+0x5f1036]
C  [ucrtbase.dll+0x21ffa]
C  [KERNEL32.DLL+0x17974]
C  [ntdll.dll+0x6a271]


---------------  P R O C E S S  ---------------

Threads class SMR info:
_java_thread_list=0x000002bcd883f0a0, length=61, elements={
0x000002bcb2dee000, 0x000002bccfd0d000, 0x000002bccfd16800, 0x000002bccfd29000,
0x000002bccfd2a800, 0x000002bccfd2b800, 0x000002bccfd73800, 0x000002bccfd7e000,
0x000002bccfd8c000, 0x000002bccfd8d800, 0x000002bccfd8e000, 0x000002bccfd8f000,
0x000002bccfd90000, 0x000002bccfd90800, 0x000002bccfd91800, 0x000002bccfd92800,
0x000002bccfd8c800, 0x000002bcd2151000, 0x000002bcd214f800, 0x000002bcd2152000,
0x000002bcd2152800, 0x000002bcd214e800, 0x000002bcd2150000, 0x000002bcd2153800,
0x000002bcd214d800, 0x000002bcd2157800, 0x000002bcd2158800, 0x000002bcd215a000,
0x000002bcd2155000, 0x000002bcd2154800, 0x000002bcd215b000, 0x000002bcd2159000,
0x000002bcd2156000, 0x000002bcd215c800, 0x000002bcd29a4000, 0x000002bcd29a5800,
0x000002bcd29a6800, 0x000002bcd29a3800, 0x000002bcd29a7800, 0x000002bcd29ac800,
0x000002bcd29aa000, 0x000002bcd29ab800, 0x000002bcd29ad000, 0x000002bcd29a8000,
0x000002bcd29ae000, 0x000002bcd29aa800, 0x000002bcd29ae800, 0x000002bcd29a9000,
0x000002bcd29af800, 0x000002bcd29b0800, 0x000002bcd29b2000, 0x000002bcd2939000,
0x000002bcd2936800, 0x000002bcd2935800, 0x000002bcd2933800, 0x000002bcd293a000,
0x000002bcd2937800, 0x000002bcd2934000, 0x000002bcd293a800, 0x000002bcd2938000,
0x000002bcd2935000
}

Java Threads: ( => current thread )
  0x000002bcb2dee000 JavaThread "main" [_thread_blocked, id=9688, stack(0x000000ea11d00000,0x000000ea11e00000)]
  0x000002bccfd0d000 JavaThread "Reference Handler" daemon [_thread_blocked, id=8856, stack(0x000000ea12400000,0x000000ea12500000)]
  0x000002bccfd16800 JavaThread "Finalizer" daemon [_thread_blocked, id=6760, stack(0x000000ea12500000,0x000000ea12600000)]
  0x000002bccfd29000 JavaThread "Signal Dispatcher" daemon [_thread_blocked, id=1568, stack(0x000000ea12600000,0x000000ea12700000)]
  0x000002bccfd2a800 JavaThread "Attach Listener" daemon [_thread_blocked, id=9776, stack(0x000000ea12700000,0x000000ea12800000)]
  0x000002bccfd2b800 JavaThread "Service Thread" daemon [_thread_blocked, id=5164, stack(0x000000ea12800000,0x000000ea12900000)]
=>0x000002bccfd73800 JavaThread "C2 CompilerThread0" daemon [_thread_in_native, id=2324, stack(0x000000ea12900000,0x000000ea12a00000)]
  0x000002bccfd7e000 JavaThread "C1 CompilerThread0" daemon [_thread_blocked, id=9620, stack(0x000000ea12a00000,0x000000ea12b00000)]
  0x000002bccfd8c000 JavaThread "Sweeper thread" daemon [_thread_blocked, id=12644, stack(0x000000ea12b00000,0x000000ea12c00000)]
  0x000002bccfd8d800 JavaThread "Common-Cleaner" daemon [_thread_blocked, id=10056, stack(0x000000ea12c00000,0x000000ea12d00000)]
  0x000002bccfd8e000 JavaThread "Daemon health stats" [_thread_blocked, id=9012, stack(0x000000ea13200000,0x000000ea13300000)]
  0x000002bccfd8f000 JavaThread "Incoming local TCP Connector on port 50639" [_thread_in_native, id=3256, stack(0x000000ea12e00000,0x000000ea12f00000)]
  0x000002bccfd90000 JavaThread "Daemon periodic checks" [_thread_blocked, id=12752, stack(0x000000ea12f00000,0x000000ea13000000)]
  0x000002bccfd90800 JavaThread "Daemon" [_thread_blocked, id=1628, stack(0x000000ea13300000,0x000000ea13400000)]
  0x000002bccfd91800 JavaThread "Handler for socket connection from /127.0.0.1:50639 to /127.0.0.1:50640" [_thread_in_native, id=2008, stack(0x000000ea13400000,0x000000ea13500000)]
  0x000002bccfd92800 JavaThread "Cancel handler" [_thread_blocked, id=12772, stack(0x000000ea13500000,0x000000ea13600000)]
  0x000002bccfd8c800 JavaThread "Daemon worker" [_thread_blocked, id=9928, stack(0x000000ea13600000,0x000000ea13700000)]
  0x000002bcd2151000 JavaThread "Asynchronous log dispatcher for DefaultDaemonConnection: socket connection from /127.0.0.1:50639 to /127.0.0.1:50640" [_thread_blocked, id=10016, stack(0x000000ea13700000,0x000000ea13800000)]
  0x000002bcd214f800 JavaThread "Stdin handler" [_thread_blocked, id=9640, stack(0x000000ea13800000,0x000000ea13900000)]
  0x000002bcd2152000 JavaThread "Daemon client event forwarder" [_thread_blocked, id=10376, stack(0x000000ea13900000,0x000000ea13a00000)]
  0x000002bcd2152800 JavaThread "Cache worker for file hash cache (C:\Users\Julia\.gradle\caches\7.0.2\fileHashes)" [_thread_blocked, id=2320, stack(0x000000ea13f00000,0x000000ea14000000)]
  0x000002bcd214e800 JavaThread "File lock request listener" [_thread_in_native, id=5776, stack(0x000000ea14000000,0x000000ea14100000)]
  0x000002bcd2150000 JavaThread "Cache worker for journal cache (C:\Users\Julia\.gradle\caches\journal-1)" [_thread_blocked, id=12148, stack(0x000000ea14200000,0x000000ea14300000)]
  0x000002bcd2153800 JavaThread "Cache worker for file hash cache (C:\Users\Julia\AndroidStudioProjects\labs3_4_6\androidlab3_4\.gradle\7.0.2\fileHashes)" [_thread_blocked, id=11764, stack(0x000000ea14400000,0x000000ea14500000)]
  0x000002bcd214d800 JavaThread "File watcher server" daemon [_thread_in_native, id=9260, stack(0x000000ea14500000,0x000000ea14600000)]
  0x000002bcd2157800 JavaThread "File watcher consumer" daemon [_thread_blocked, id=10108, stack(0x000000ea14600000,0x000000ea14700000)]
  0x000002bcd2158800 JavaThread "Cache worker for checksums cache (C:\Users\Julia\AndroidStudioProjects\labs3_4_6\androidlab3_4\.gradle\checksums)" [_thread_blocked, id=7000, stack(0x000000ea14700000,0x000000ea14800000)]
  0x000002bcd215a000 JavaThread "Cache worker for cache directory md-supplier (C:\Users\Julia\.gradle\caches\7.0.2\md-supplier)" [_thread_blocked, id=7948, stack(0x000000ea14800000,0x000000ea14900000)]
  0x000002bcd2155000 JavaThread "Cache worker for cache directory md-rule (C:\Users\Julia\.gradle\caches\7.0.2\md-rule)" [_thread_blocked, id=4880, stack(0x000000ea14900000,0x000000ea14a00000)]
  0x000002bcd2154800 JavaThread "Cache worker for execution history cache (C:\Users\Julia\.gradle\caches\7.0.2\executionHistory)" [_thread_blocked, id=10716, stack(0x000000ea14b00000,0x000000ea14c00000)]
  0x000002bcd215b000 JavaThread "jar transforms" [_thread_blocked, id=2416, stack(0x000000ea14c00000,0x000000ea14d00000)]
  0x000002bcd2159000 JavaThread "jar transforms Thread 2" [_thread_blocked, id=1132, stack(0x000000ea14d00000,0x000000ea14e00000)]
  0x000002bcd2156000 JavaThread "Cache worker for file content cache (C:\Users\Julia\.gradle\caches\7.0.2\fileContent)" [_thread_blocked, id=2104, stack(0x000000ea14e00000,0x000000ea14f00000)]
  0x000002bcd215c800 JavaThread "Cache worker for dependencies-accessors (C:\Users\Julia\AndroidStudioProjects\labs3_4_6\androidlab3_4\.gradle\7.0.2\dependencies-accessors)" [_thread_blocked, id=6384, stack(0x000000ea14f00000,0x000000ea15000000)]
  0x000002bcd29a4000 JavaThread "jar transforms Thread 3" [_thread_blocked, id=12616, stack(0x000000ea15000000,0x000000ea15100000)]
  0x000002bcd29a5800 JavaThread "Cache worker for Build Output Cleanup Cache (C:\Users\Julia\AndroidStudioProjects\labs3_4_6\androidlab3_4\.gradle\buildOutputCleanup)" [_thread_blocked, id=11060, stack(0x000000ea15100000,0x000000ea15200000)]
  0x000002bcd29a6800 JavaThread "Build operations" [_thread_blocked, id=2960, stack(0x000000ea15200000,0x000000ea15300000)]
  0x000002bcd29a3800 JavaThread "Build operations Thread 2" [_thread_in_vm, id=9268, stack(0x000000ea15300000,0x000000ea15400000)]
  0x000002bcd29a7800 JavaThread "Build operations Thread 3" [_thread_blocked, id=10816, stack(0x000000ea15400000,0x000000ea15500000)]
  0x000002bcd29ac800 JavaThread "Build operations Thread 4" [_thread_in_native, id=3604, stack(0x000000ea15500000,0x000000ea15600000)]
  0x000002bcd29aa000 JavaThread "Build operations Thread 5" [_thread_in_Java, id=3048, stack(0x000000ea15600000,0x000000ea15700000)]
  0x000002bcd29ab800 JavaThread "Build operations Thread 6" [_thread_blocked, id=5664, stack(0x000000ea15700000,0x000000ea15800000)]
  0x000002bcd29ad000 JavaThread "Build operations Thread 7" [_thread_blocked, id=4364, stack(0x000000ea15800000,0x000000ea15900000)]
  0x000002bcd29a8000 JavaThread "Build operations Thread 8" [_thread_blocked, id=12500, stack(0x000000ea15900000,0x000000ea15a00000)]
  0x000002bcd29ae000 JavaThread "jar transforms Thread 4" [_thread_blocked, id=5188, stack(0x000000ea15a00000,0x000000ea15b00000)]
  0x000002bcd29aa800 JavaThread "jar transforms Thread 5" [_thread_blocked, id=9416, stack(0x000000ea15b00000,0x000000ea15c00000)]
  0x000002bcd29ae800 JavaThread "jar transforms Thread 6" [_thread_blocked, id=5408, stack(0x000000ea15c00000,0x000000ea15d00000)]
  0x000002bcd29a9000 JavaThread "jar transforms Thread 7" [_thread_blocked, id=11012, stack(0x000000ea15d00000,0x000000ea15e00000)]
  0x000002bcd29af800 JavaThread "jar transforms Thread 8" [_thread_blocked, id=8508, stack(0x000000ea15e00000,0x000000ea15f00000)]
  0x000002bcd29b0800 JavaThread "Memory manager" [_thread_blocked, id=832, stack(0x000000ea14300000,0x000000ea14400000)]
  0x000002bcd29b2000 JavaThread "build event listener" [_thread_blocked, id=7152, stack(0x000000ea14a00000,0x000000ea14b00000)]
  0x000002bcd2939000 JavaThread "pool-3-thread-1" [_thread_blocked, id=10096, stack(0x000000ea15f00000,0x000000ea16000000)]
  0x000002bcd2936800 JavaThread "build event listener" [_thread_blocked, id=10204, stack(0x000000ea16000000,0x000000ea16100000)]
  0x000002bcd2935800 JavaThread "Execution worker for ':'" [_thread_blocked, id=8740, stack(0x000000ea16100000,0x000000ea16200000)]
  0x000002bcd2933800 JavaThread "Execution worker for ':' Thread 2" [_thread_blocked, id=7684, stack(0x000000ea16200000,0x000000ea16300000)]
  0x000002bcd293a000 JavaThread "Execution worker for ':' Thread 3" [_thread_blocked, id=5372, stack(0x000000ea16300000,0x000000ea16400000)]
  0x000002bcd2937800 JavaThread "Execution worker for ':' Thread 4" [_thread_blocked, id=3364, stack(0x000000ea16400000,0x000000ea16500000)]
  0x000002bcd2934000 JavaThread "Execution worker for ':' Thread 5" [_thread_blocked, id=1048, stack(0x000000ea16500000,0x000000ea16600000)]
  0x000002bcd293a800 JavaThread "Execution worker for ':' Thread 6" [_thread_blocked, id=3024, stack(0x000000ea16600000,0x000000ea16700000)]
  0x000002bcd2938000 JavaThread "Execution worker for ':' Thread 7" [_thread_blocked, id=11504, stack(0x000000ea16700000,0x000000ea16800000)]
  0x000002bcd2935000 JavaThread "Cache worker for execution history cache (C:\Users\Julia\AndroidStudioProjects\labs3_4_6\androidlab3_4\.gradle\7.0.2\executionHistory)" [_thread_blocked, id=11220, stack(0x000000ea16800000,0x000000ea16900000)]

Other Threads:
  0x000002bccfd09000 VMThread "VM Thread" [stack: 0x000000ea12300000,0x000000ea12400000] [id=3836]
  0x000002bccff02000 WatcherThread [stack: 0x000000ea12d00000,0x000000ea12e00000] [id=9712]
  0x000002bcb506e800 GCTaskThread "GC Thread#0" [stack: 0x000000ea11e00000,0x000000ea11f00000] [id=10076]
  0x000002bcd05b0800 GCTaskThread "GC Thread#1" [stack: 0x000000ea13000000,0x000000ea13100000] [id=10948]
  0x000002bcd0ca4800 GCTaskThread "GC Thread#2" [stack: 0x000000ea13100000,0x000000ea13200000] [id=5472]
  0x000002bcd1d7c800 GCTaskThread "GC Thread#3" [stack: 0x000000ea13a00000,0x000000ea13b00000] [id=10976]
  0x000002bcd15df000 GCTaskThread "GC Thread#4" [stack: 0x000000ea13b00000,0x000000ea13c00000] [id=9792]
  0x000002bcd18b7800 GCTaskThread "GC Thread#5" [stack: 0x000000ea13c00000,0x000000ea13d00000] [id=9764]
  0x000002bcd12c3000 GCTaskThread "GC Thread#6" [stack: 0x000000ea13d00000,0x000000ea13e00000] [id=9284]
  0x000002bcd1c9a800 GCTaskThread "GC Thread#7" [stack: 0x000000ea13e00000,0x000000ea13f00000] [id=11756]
  0x000002bcb50a1000 ConcurrentGCThread "G1 Main Marker" [stack: 0x000000ea11f00000,0x000000ea12000000] [id=10540]
  0x000002bcb50a2800 ConcurrentGCThread "G1 Conc#0" [stack: 0x000000ea12000000,0x000000ea12100000] [id=11472]
  0x000002bcd1815800 ConcurrentGCThread "G1 Conc#1" [stack: 0x000000ea14100000,0x000000ea14200000] [id=11380]
  0x000002bccecdf800 ConcurrentGCThread "G1 Refine#0" [stack: 0x000000ea12100000,0x000000ea12200000] [id=10392]
  0x000002bccece0000 ConcurrentGCThread "G1 Young RemSet Sampling" [stack: 0x000000ea12200000,0x000000ea12300000] [id=6348]

Threads with active compile tasks:
C2 CompilerThread0  14631 7581 %     4       org.gradle.internal.instantiation.generator.AbstractClassGenerator::inspectType @ 250 (560 bytes)

VM state:not at safepoint (normal execution)

VM Mutex/Monitor currently owned by a thread: None

Heap address: 0x0000000080000000, size: 2048 MB, Compressed Oops mode: 32-bit
Narrow klass base: 0x0000000000000000, Narrow klass shift: 3
Compressed class space size: 1073741824 Address: 0x0000000100000000

Heap:
 garbage-first heap   total 187392K, used 75135K [0x0000000080000000, 0x0000000100000000)
  region size 1024K, 12 young (12288K), 10 survivors (10240K)
 Metaspace       used 84103K, capacity 86045K, committed 86092K, reserved 1124352K
  class space    used 10804K, capacity 11553K, committed 11596K, reserved 1048576K
Heap Regions: E=young(eden), S=young(survivor), O=old, HS=humongous(starts), HC=humongous(continues), CS=collection set, F=free, A=archive, TAMS=top-at-mark-start (previous, next)
|   0|0x0000000080000000, 0x0000000080100000, 0x0000000080100000|100%| O|  |TAMS 0x0000000080100000, 0x0000000080000000| Untracked 
|   1|0x0000000080100000, 0x0000000080200000, 0x0000000080200000|100%| O|  |TAMS 0x0000000080200000, 0x0000000080100000| Untracked 
|   2|0x0000000080200000, 0x0000000080300000, 0x0000000080300000|100%| O|  |TAMS 0x0000000080300000, 0x0000000080200000| Untracked 
|   3|0x0000000080300000, 0x0000000080400000, 0x0000000080400000|100%|HS|  |TAMS 0x0000000080400000, 0x0000000080300000| Complete 
|   4|0x0000000080400000, 0x0000000080500000, 0x0000000080500000|100%|HC|  |TAMS 0x0000000080500000, 0x0000000080400000| Complete 
|   5|0x0000000080500000, 0x0000000080600000, 0x0000000080600000|100%|HC|  |TAMS 0x0000000080600000, 0x0000000080500000| Complete 
|   6|0x0000000080600000, 0x0000000080700000, 0x0000000080700000|100%| O|  |TAMS 0x0000000080700000, 0x0000000080600000| Untracked 
|   7|0x0000000080700000, 0x0000000080800000, 0x0000000080800000|100%| O|  |TAMS 0x0000000080800000, 0x0000000080700000| Untracked 
|   8|0x0000000080800000, 0x0000000080900000, 0x0000000080900000|100%| O|  |TAMS 0x0000000080900000, 0x0000000080800000| Untracked 
|   9|0x0000000080900000, 0x0000000080a00000, 0x0000000080a00000|100%| O|  |TAMS 0x0000000080a00000, 0x0000000080900000| Untracked 
|  10|0x0000000080a00000, 0x0000000080b00000, 0x0000000080b00000|100%| O|  |TAMS 0x0000000080b00000, 0x0000000080a00000| Untracked 
|  11|0x0000000080b00000, 0x0000000080c00000, 0x0000000080c00000|100%| O|  |TAMS 0x0000000080c00000, 0x0000000080b00000| Untracked 
|  12|0x0000000080c00000, 0x0000000080d00000, 0x0000000080d00000|100%| O|  |TAMS 0x0000000080d00000, 0x0000000080c00000| Untracked 
|  13|0x0000000080d00000, 0x0000000080e00000, 0x0000000080e00000|100%| O|  |TAMS 0x0000000080e00000, 0x0000000080d00000| Untracked 
|  14|0x0000000080e00000, 0x0000000080f00000, 0x0000000080f00000|100%| O|  |TAMS 0x0000000080f00000, 0x0000000080e00000| Untracked 
|  15|0x0000000080f00000, 0x0000000081000000, 0x0000000081000000|100%| O|  |TAMS 0x0000000081000000, 0x0000000080f00000| Untracked 
|  16|0x0000000081000000, 0x0000000081100000, 0x0000000081100000|100%| O|  |TAMS 0x0000000081100000, 0x0000000081000000| Untracked 
|  17|0x0000000081100000, 0x0000000081200000, 0x0000000081200000|100%| O|  |TAMS 0x0000000081200000, 0x0000000081100000| Untracked 
|  18|0x0000000081200000, 0x0000000081300000, 0x0000000081300000|100%| O|  |TAMS 0x0000000081300000, 0x0000000081200000| Untracked 
|  19|0x0000000081300000, 0x0000000081400000, 0x0000000081400000|100%|HS|  |TAMS 0x0000000081400000, 0x0000000081300000| Complete 
|  20|0x0000000081400000, 0x0000000081500000, 0x0000000081500000|100%| O|  |TAMS 0x0000000081500000, 0x0000000081400000| Untracked 
|  21|0x0000000081500000, 0x0000000081600000, 0x0000000081600000|100%| O|  |TAMS 0x0000000081600000, 0x0000000081500000| Untracked 
|  22|0x0000000081600000, 0x0000000081700000, 0x0000000081700000|100%| O|  |TAMS 0x0000000081700000, 0x0000000081600000| Untracked 
|  23|0x0000000081700000, 0x0000000081800000, 0x0000000081800000|100%| O|  |TAMS 0x0000000081800000, 0x0000000081700000| Untracked 
|  24|0x0000000081800000, 0x0000000081900000, 0x0000000081900000|100%|HS|  |TAMS 0x0000000081900000, 0x0000000081800000| Complete 
|  25|0x0000000081900000, 0x0000000081a00000, 0x0000000081a00000|100%|HS|  |TAMS 0x0000000081a00000, 0x0000000081900000| Complete 
|  26|0x0000000081a00000, 0x0000000081b00000, 0x0000000081b00000|100%|HS|  |TAMS 0x0000000081b00000, 0x0000000081a00000| Complete 
|  27|0x0000000081b00000, 0x0000000081c00000, 0x0000000081c00000|100%|HC|  |TAMS 0x0000000081c00000, 0x0000000081b00000| Complete 
|  28|0x0000000081c00000, 0x0000000081d00000, 0x0000000081d00000|100%|HC|  |TAMS 0x0000000081d00000, 0x0000000081c00000| Complete 
|  29|0x0000000081d00000, 0x0000000081e00000, 0x0000000081e00000|100%|HS|  |TAMS 0x0000000081e00000, 0x0000000081d00000| Complete 
|  30|0x0000000081e00000, 0x0000000081f00000, 0x0000000081f00000|100%|HC|  |TAMS 0x0000000081f00000, 0x0000000081e00000| Complete 
|  31|0x0000000081f00000, 0x0000000082000000, 0x0000000082000000|100%| O|  |TAMS 0x0000000082000000, 0x0000000081f00000| Untracked 
|  32|0x0000000082000000, 0x0000000082100000, 0x0000000082100000|100%| O|  |TAMS 0x0000000082100000, 0x0000000082000000| Untracked 
|  33|0x0000000082100000, 0x0000000082200000, 0x0000000082200000|100%| O|  |TAMS 0x0000000082200000, 0x0000000082100000| Untracked 
|  34|0x0000000082200000, 0x0000000082300000, 0x0000000082300000|100%| O|  |TAMS 0x0000000082300000, 0x0000000082200000| Untracked 
|  35|0x0000000082300000, 0x0000000082400000, 0x0000000082400000|100%| O|  |TAMS 0x0000000082400000, 0x0000000082300000| Untracked 
|  36|0x0000000082400000, 0x0000000082500000, 0x0000000082500000|100%| O|  |TAMS 0x0000000082500000, 0x0000000082400000| Untracked 
|  37|0x0000000082500000, 0x0000000082600000, 0x0000000082600000|100%| O|  |TAMS 0x0000000082600000, 0x0000000082500000| Untracked 
|  38|0x0000000082600000, 0x0000000082700000, 0x0000000082700000|100%| O|  |TAMS 0x0000000082700000, 0x0000000082600000| Untracked 
|  39|0x0000000082700000, 0x0000000082800000, 0x0000000082800000|100%| O|  |TAMS 0x0000000082800000, 0x0000000082700000| Untracked 
|  40|0x0000000082800000, 0x0000000082900000, 0x0000000082900000|100%| O|  |TAMS 0x0000000082900000, 0x0000000082800000| Untracked 
|  41|0x0000000082900000, 0x0000000082a00000, 0x0000000082a00000|100%| O|  |TAMS 0x0000000082a00000, 0x0000000082900000| Untracked 
|  42|0x0000000082a00000, 0x0000000082b00000, 0x0000000082b00000|100%| O|  |TAMS 0x0000000082b00000, 0x0000000082a00000| Untracked 
|  43|0x0000000082b00000, 0x0000000082c00000, 0x0000000082c00000|100%| O|  |TAMS 0x0000000082c00000, 0x0000000082b00000| Untracked 
|  44|0x0000000082c00000, 0x0000000082d00000, 0x0000000082d00000|100%| O|  |TAMS 0x0000000082d00000, 0x0000000082c00000| Untracked 
|  45|0x0000000082d00000, 0x0000000082e00000, 0x0000000082e00000|100%| O|  |TAMS 0x0000000082e00000, 0x0000000082d00000| Untracked 
|  46|0x0000000082e00000, 0x0000000082f00000, 0x0000000082f00000|100%| O|  |TAMS 0x0000000082e39e00, 0x0000000082e00000| Untracked 
|  47|0x0000000082f00000, 0x0000000083000000, 0x0000000083000000|100%| O|  |TAMS 0x0000000082f00000, 0x0000000082f00000| Untracked 
|  48|0x0000000083000000, 0x0000000083100000, 0x0000000083100000|100%| O|  |TAMS 0x0000000083000000, 0x0000000083000000| Untracked 
|  49|0x0000000083100000, 0x0000000083200000, 0x0000000083200000|100%| O|  |TAMS 0x0000000083100000, 0x0000000083100000| Untracked 
|  50|0x0000000083200000, 0x0000000083300000, 0x0000000083300000|100%| O|  |TAMS 0x0000000083200000, 0x0000000083200000| Untracked 
|  51|0x0000000083300000, 0x0000000083400000, 0x0000000083400000|100%| O|  |TAMS 0x0000000083300000, 0x0000000083300000| Untracked 
|  52|0x0000000083400000, 0x0000000083500000, 0x0000000083500000|100%| O|  |TAMS 0x0000000083400000, 0x0000000083400000| Untracked 
|  53|0x0000000083500000, 0x0000000083600000, 0x0000000083600000|100%| O|  |TAMS 0x0000000083500000, 0x0000000083500000| Untracked 
|  54|0x0000000083600000, 0x0000000083700000, 0x0000000083700000|100%| O|  |TAMS 0x0000000083600000, 0x0000000083600000| Untracked 
|  55|0x0000000083700000, 0x0000000083800000, 0x0000000083800000|100%| O|  |TAMS 0x0000000083700000, 0x0000000083700000| Untracked 
|  56|0x0000000083800000, 0x0000000083900000, 0x0000000083900000|100%| O|  |TAMS 0x0000000083800000, 0x0000000083800000| Untracked 
|  57|0x0000000083900000, 0x0000000083a00000, 0x0000000083a00000|100%| O|  |TAMS 0x0000000083900000, 0x0000000083900000| Untracked 
|  58|0x0000000083a00000, 0x0000000083b00000, 0x0000000083b00000|100%| O|  |TAMS 0x0000000083a00000, 0x0000000083a00000| Untracked 
|  59|0x0000000083b00000, 0x0000000083c00000, 0x0000000083c00000|100%| O|  |TAMS 0x0000000083b00000, 0x0000000083b00000| Untracked 
|  60|0x0000000083c00000, 0x0000000083d00000, 0x0000000083d00000|100%| O|  |TAMS 0x0000000083c00000, 0x0000000083c00000| Untracked 
|  61|0x0000000083d00000, 0x0000000083e00000, 0x0000000083e00000|100%| O|  |TAMS 0x0000000083d00000, 0x0000000083d00000| Untracked 
|  62|0x0000000083e00000, 0x0000000083e5fe00, 0x0000000083f00000| 37%| O|  |TAMS 0x0000000083e00000, 0x0000000083e00000| Untracked 
|  63|0x0000000083f00000, 0x0000000083f00000, 0x0000000084000000|  0%| F|  |TAMS 0x0000000083f00000, 0x0000000083f00000| Untracked 
|  64|0x0000000084000000, 0x0000000084000000, 0x0000000084100000|  0%| F|  |TAMS 0x0000000084000000, 0x0000000084000000| Untracked 
|  65|0x0000000084100000, 0x0000000084100000, 0x0000000084200000|  0%| F|  |TAMS 0x0000000084100000, 0x0000000084100000| Untracked 
|  66|0x0000000084200000, 0x0000000084200000, 0x0000000084300000|  0%| F|  |TAMS 0x0000000084200000, 0x0000000084200000| Untracked 
|  67|0x0000000084300000, 0x0000000084300000, 0x0000000084400000|  0%| F|  |TAMS 0x0000000084300000, 0x0000000084300000| Untracked 
|  68|0x0000000084400000, 0x0000000084400000, 0x0000000084500000|  0%| F|  |TAMS 0x0000000084400000, 0x0000000084400000| Untracked 
|  69|0x0000000084500000, 0x0000000084500000, 0x0000000084600000|  0%| F|  |TAMS 0x0000000084500000, 0x0000000084500000| Untracked 
|  70|0x0000000084600000, 0x0000000084600000, 0x0000000084700000|  0%| F|  |TAMS 0x0000000084600000, 0x0000000084600000| Untracked 
|  71|0x0000000084700000, 0x0000000084700000, 0x0000000084800000|  0%| F|  |TAMS 0x0000000084700000, 0x0000000084700000| Untracked 
|  72|0x0000000084800000, 0x0000000084800000, 0x0000000084900000|  0%| F|  |TAMS 0x0000000084800000, 0x0000000084800000| Untracked 
|  73|0x0000000084900000, 0x0000000084900000, 0x0000000084a00000|  0%| F|  |TAMS 0x0000000084900000, 0x0000000084900000| Untracked 
|  74|0x0000000084a00000, 0x0000000084a00000, 0x0000000084b00000|  0%| F|  |TAMS 0x0000000084a00000, 0x0000000084a00000| Untracked 
|  75|0x0000000084b00000, 0x0000000084b00000, 0x0000000084c00000|  0%| F|  |TAMS 0x0000000084b00000, 0x0000000084b00000| Untracked 
|  76|0x0000000084c00000, 0x0000000084c00000, 0x0000000084d00000|  0%| F|  |TAMS 0x0000000084c00000, 0x0000000084c00000| Untracked 
|  77|0x0000000084d00000, 0x0000000084d00000, 0x0000000084e00000|  0%| F|  |TAMS 0x0000000084d00000, 0x0000000084d00000| Untracked 
|  78|0x0000000084e00000, 0x0000000084e00000, 0x0000000084f00000|  0%| F|  |TAMS 0x0000000084e00000, 0x0000000084e00000| Untracked 
|  79|0x0000000084f00000, 0x0000000084f00000, 0x0000000085000000|  0%| F|  |TAMS 0x0000000084f00000, 0x0000000084f00000| Untracked 
|  80|0x0000000085000000, 0x0000000085000000, 0x0000000085100000|  0%| F|  |TAMS 0x0000000085000000, 0x0000000085000000| Untracked 
|  81|0x0000000085100000, 0x0000000085100000, 0x0000000085200000|  0%| F|  |TAMS 0x0000000085100000, 0x0000000085100000| Untracked 
|  82|0x0000000085200000, 0x0000000085200000, 0x0000000085300000|  0%| F|  |TAMS 0x0000000085200000, 0x0000000085200000| Untracked 
|  83|0x0000000085300000, 0x0000000085300000, 0x0000000085400000|  0%| F|  |TAMS 0x0000000085300000, 0x0000000085300000| Untracked 
|  84|0x0000000085400000, 0x0000000085400000, 0x0000000085500000|  0%| F|  |TAMS 0x0000000085400000, 0x0000000085400000| Untracked 
|  85|0x0000000085500000, 0x0000000085500000, 0x0000000085600000|  0%| F|  |TAMS 0x0000000085500000, 0x0000000085500000| Untracked 
|  86|0x0000000085600000, 0x0000000085600000, 0x0000000085700000|  0%| F|  |TAMS 0x0000000085600000, 0x0000000085600000| Untracked 
|  87|0x0000000085700000, 0x0000000085700000, 0x0000000085800000|  0%| F|  |TAMS 0x0000000085700000, 0x0000000085700000| Untracked 
|  88|0x0000000085800000, 0x0000000085800000, 0x0000000085900000|  0%| F|  |TAMS 0x0000000085800000, 0x0000000085800000| Untracked 
|  89|0x0000000085900000, 0x0000000085900000, 0x0000000085a00000|  0%| F|  |TAMS 0x0000000085900000, 0x0000000085900000| Untracked 
|  90|0x0000000085a00000, 0x0000000085a00000, 0x0000000085b00000|  0%| F|  |TAMS 0x0000000085a00000, 0x0000000085a00000| Untracked 
|  91|0x0000000085b00000, 0x0000000085b00000, 0x0000000085c00000|  0%| F|  |TAMS 0x0000000085b00000, 0x0000000085b00000| Untracked 
|  92|0x0000000085c00000, 0x0000000085c00000, 0x0000000085d00000|  0%| F|  |TAMS 0x0000000085c00000, 0x0000000085c00000| Untracked 
|  93|0x0000000085d00000, 0x0000000085d00000, 0x0000000085e00000|  0%| F|  |TAMS 0x0000000085d00000, 0x0000000085d00000| Untracked 
|  94|0x0000000085e00000, 0x0000000085e00000, 0x0000000085f00000|  0%| F|  |TAMS 0x0000000085e00000, 0x0000000085e00000| Untracked 
|  95|0x0000000085f00000, 0x0000000085f00000, 0x0000000086000000|  0%| F|  |TAMS 0x0000000085f00000, 0x0000000085f00000| Untracked 
|  96|0x0000000086000000, 0x0000000086000000, 0x0000000086100000|  0%| F|  |TAMS 0x0000000086000000, 0x0000000086000000| Untracked 
|  97|0x0000000086100000, 0x0000000086100000, 0x0000000086200000|  0%| F|  |TAMS 0x0000000086100000, 0x0000000086100000| Untracked 
|  98|0x0000000086200000, 0x0000000086200000, 0x0000000086300000|  0%| F|  |TAMS 0x0000000086200000, 0x0000000086200000| Untracked 
|  99|0x0000000086300000, 0x0000000086300000, 0x0000000086400000|  0%| F|  |TAMS 0x0000000086300000, 0x0000000086300000| Untracked 
| 100|0x0000000086400000, 0x0000000086500000, 0x0000000086500000|100%| S|CS|TAMS 0x0000000086400000, 0x0000000086400000| Complete 
| 101|0x0000000086500000, 0x0000000086600000, 0x0000000086600000|100%| S|CS|TAMS 0x0000000086500000, 0x0000000086500000| Complete 
| 102|0x0000000086600000, 0x0000000086700000, 0x0000000086700000|100%| S|CS|TAMS 0x0000000086600000, 0x0000000086600000| Complete 
| 103|0x0000000086700000, 0x0000000086800000, 0x0000000086800000|100%| S|CS|TAMS 0x0000000086700000, 0x0000000086700000| Complete 
| 104|0x0000000086800000, 0x0000000086900000, 0x0000000086900000|100%| S|CS|TAMS 0x0000000086800000, 0x0000000086800000| Complete 
| 105|0x0000000086900000, 0x0000000086900000, 0x0000000086a00000|  0%| F|  |TAMS 0x0000000086900000, 0x0000000086900000| Untracked 
| 106|0x0000000086a00000, 0x0000000086a00000, 0x0000000086b00000|  0%| F|  |TAMS 0x0000000086a00000, 0x0000000086a00000| Untracked 
| 107|0x0000000086b00000, 0x0000000086b00000, 0x0000000086c00000|  0%| F|  |TAMS 0x0000000086b00000, 0x0000000086b00000| Untracked 
| 108|0x0000000086c00000, 0x0000000086c00000, 0x0000000086d00000|  0%| F|  |TAMS 0x0000000086c00000, 0x0000000086c00000| Untracked 
| 109|0x0000000086d00000, 0x0000000086e00000, 0x0000000086e00000|100%| S|CS|TAMS 0x0000000086d00000, 0x0000000086d00000| Complete 
| 110|0x0000000086e00000, 0x0000000086f00000, 0x0000000086f00000|100%| S|CS|TAMS 0x0000000086e00000, 0x0000000086e00000| Complete 
| 111|0x0000000086f00000, 0x0000000087000000, 0x0000000087000000|100%| S|CS|TAMS 0x0000000086f00000, 0x0000000086f00000| Complete 
| 112|0x0000000087000000, 0x0000000087100000, 0x0000000087100000|100%| S|CS|TAMS 0x0000000087000000, 0x0000000087000000| Complete 
| 113|0x0000000087100000, 0x0000000087200000, 0x0000000087200000|100%| S|CS|TAMS 0x0000000087100000, 0x0000000087100000| Complete 
| 114|0x0000000087200000, 0x0000000087200000, 0x0000000087300000|  0%| F|  |TAMS 0x0000000087200000, 0x0000000087200000| Untracked 
| 115|0x0000000087300000, 0x0000000087300000, 0x0000000087400000|  0%| F|  |TAMS 0x0000000087300000, 0x0000000087300000| Untracked 
| 116|0x0000000087400000, 0x0000000087400000, 0x0000000087500000|  0%| F|  |TAMS 0x0000000087400000, 0x0000000087400000| Untracked 
| 117|0x0000000087500000, 0x0000000087500000, 0x0000000087600000|  0%| F|  |TAMS 0x0000000087500000, 0x0000000087500000| Untracked 
| 118|0x0000000087600000, 0x0000000087600000, 0x0000000087700000|  0%| F|  |TAMS 0x0000000087600000, 0x0000000087600000| Untracked 
| 119|0x0000000087700000, 0x0000000087700000, 0x0000000087800000|  0%| F|  |TAMS 0x0000000087700000, 0x0000000087700000| Untracked 
| 120|0x0000000087800000, 0x0000000087800000, 0x0000000087900000|  0%| F|  |TAMS 0x0000000087800000, 0x0000000087800000| Untracked 
| 121|0x0000000087900000, 0x0000000087900000, 0x0000000087a00000|  0%| F|  |TAMS 0x0000000087900000, 0x0000000087900000| Untracked 
| 122|0x0000000087a00000, 0x0000000087a00000, 0x0000000087b00000|  0%| F|  |TAMS 0x0000000087a00000, 0x0000000087a00000| Untracked 
| 123|0x0000000087b00000, 0x0000000087b00000, 0x0000000087c00000|  0%| F|  |TAMS 0x0000000087b00000, 0x0000000087b00000| Untracked 
| 124|0x0000000087c00000, 0x0000000087c00000, 0x0000000087d00000|  0%| F|  |TAMS 0x0000000087c00000, 0x0000000087c00000| Untracked 
| 125|0x0000000087d00000, 0x0000000087d00000, 0x0000000087e00000|  0%| F|  |TAMS 0x0000000087d00000, 0x0000000087d00000| Untracked 
| 126|0x0000000087e00000, 0x0000000087e00000, 0x0000000087f00000|  0%| F|  |TAMS 0x0000000087e00000, 0x0000000087e00000| Untracked 
| 127|0x0000000087f00000, 0x0000000087f00000, 0x0000000088000000|  0%| F|  |TAMS 0x0000000087f00000, 0x0000000087f00000| Untracked 
| 128|0x0000000088000000, 0x0000000088000000, 0x0000000088100000|  0%| F|  |TAMS 0x0000000088000000, 0x0000000088000000| Untracked 
| 129|0x0000000088100000, 0x0000000088100000, 0x0000000088200000|  0%| F|  |TAMS 0x0000000088100000, 0x0000000088100000| Untracked 
| 130|0x0000000088200000, 0x0000000088200000, 0x0000000088300000|  0%| F|  |TAMS 0x0000000088200000, 0x0000000088200000| Untracked 
| 131|0x0000000088300000, 0x0000000088300000, 0x0000000088400000|  0%| F|  |TAMS 0x0000000088300000, 0x0000000088300000| Untracked 
| 132|0x0000000088400000, 0x0000000088400000, 0x0000000088500000|  0%| F|  |TAMS 0x0000000088400000, 0x0000000088400000| Untracked 
| 133|0x0000000088500000, 0x0000000088500000, 0x0000000088600000|  0%| F|  |TAMS 0x0000000088500000, 0x0000000088500000| Untracked 
| 134|0x0000000088600000, 0x0000000088600000, 0x0000000088700000|  0%| F|  |TAMS 0x0000000088600000, 0x0000000088600000| Untracked 
| 135|0x0000000088700000, 0x0000000088700000, 0x0000000088800000|  0%| F|  |TAMS 0x0000000088700000, 0x0000000088700000| Untracked 
| 136|0x0000000088800000, 0x0000000088800000, 0x0000000088900000|  0%| F|  |TAMS 0x0000000088800000, 0x0000000088800000| Untracked 
| 137|0x0000000088900000, 0x0000000088900000, 0x0000000088a00000|  0%| F|  |TAMS 0x0000000088900000, 0x0000000088900000| Untracked 
| 138|0x0000000088a00000, 0x0000000088a00000, 0x0000000088b00000|  0%| F|  |TAMS 0x0000000088a00000, 0x0000000088a00000| Untracked 
| 139|0x0000000088b00000, 0x0000000088b00000, 0x0000000088c00000|  0%| F|  |TAMS 0x0000000088b00000, 0x0000000088b00000| Untracked 
| 140|0x0000000088c00000, 0x0000000088c00000, 0x0000000088d00000|  0%| F|  |TAMS 0x0000000088c00000, 0x0000000088c00000| Untracked 
| 141|0x0000000088d00000, 0x0000000088d00000, 0x0000000088e00000|  0%| F|  |TAMS 0x0000000088d00000, 0x0000000088d00000| Untracked 
| 142|0x0000000088e00000, 0x0000000088e00000, 0x0000000088f00000|  0%| F|  |TAMS 0x0000000088e00000, 0x0000000088e00000| Untracked 
| 143|0x0000000088f00000, 0x0000000088f00000, 0x0000000089000000|  0%| F|  |TAMS 0x0000000088f00000, 0x0000000088f00000| Untracked 
| 144|0x0000000089000000, 0x0000000089000000, 0x0000000089100000|  0%| F|  |TAMS 0x0000000089000000, 0x0000000089000000| Untracked 
| 145|0x0000000089100000, 0x0000000089100000, 0x0000000089200000|  0%| F|  |TAMS 0x0000000089100000, 0x0000000089100000| Untracked 
| 146|0x0000000089200000, 0x0000000089200000, 0x0000000089300000|  0%| F|  |TAMS 0x0000000089200000, 0x0000000089200000| Untracked 
| 147|0x0000000089300000, 0x0000000089300000, 0x0000000089400000|  0%| F|  |TAMS 0x0000000089300000, 0x0000000089300000| Untracked 
| 148|0x0000000089400000, 0x0000000089400000, 0x0000000089500000|  0%| F|  |TAMS 0x0000000089400000, 0x0000000089400000| Untracked 
| 149|0x0000000089500000, 0x0000000089500000, 0x0000000089600000|  0%| F|  |TAMS 0x0000000089500000, 0x0000000089500000| Untracked 
| 150|0x0000000089600000, 0x0000000089600000, 0x0000000089700000|  0%| F|  |TAMS 0x0000000089600000, 0x0000000089600000| Untracked 
| 151|0x0000000089700000, 0x0000000089700000, 0x0000000089800000|  0%| F|  |TAMS 0x0000000089700000, 0x0000000089700000| Untracked 
| 152|0x0000000089800000, 0x0000000089800000, 0x0000000089900000|  0%| F|  |TAMS 0x0000000089800000, 0x0000000089800000| Untracked 
| 153|0x0000000089900000, 0x0000000089900000, 0x0000000089a00000|  0%| F|  |TAMS 0x0000000089900000, 0x0000000089900000| Untracked 
| 154|0x0000000089a00000, 0x0000000089a00000, 0x0000000089b00000|  0%| F|  |TAMS 0x0000000089a00000, 0x0000000089a00000| Untracked 
| 155|0x0000000089b00000, 0x0000000089b00000, 0x0000000089c00000|  0%| F|  |TAMS 0x0000000089b00000, 0x0000000089b00000| Untracked 
| 156|0x0000000089c00000, 0x0000000089c00000, 0x0000000089d00000|  0%| F|  |TAMS 0x0000000089c00000, 0x0000000089c00000| Untracked 
| 157|0x0000000089d00000, 0x0000000089d00000, 0x0000000089e00000|  0%| F|  |TAMS 0x0000000089d00000, 0x0000000089d00000| Untracked 
| 158|0x0000000089e00000, 0x0000000089e00000, 0x0000000089f00000|  0%| F|  |TAMS 0x0000000089e00000, 0x0000000089e00000| Untracked 
| 159|0x0000000089f00000, 0x0000000089f00000, 0x000000008a000000|  0%| F|  |TAMS 0x0000000089f00000, 0x0000000089f00000| Untracked 
| 160|0x000000008a000000, 0x000000008a000000, 0x000000008a100000|  0%| F|  |TAMS 0x000000008a000000, 0x000000008a000000| Untracked 
| 161|0x000000008a100000, 0x000000008a100000, 0x000000008a200000|  0%| F|  |TAMS 0x000000008a100000, 0x000000008a100000| Untracked 
| 162|0x000000008a200000, 0x000000008a200000, 0x000000008a300000|  0%| F|  |TAMS 0x000000008a200000, 0x000000008a200000| Untracked 
| 163|0x000000008a300000, 0x000000008a300000, 0x000000008a400000|  0%| F|  |TAMS 0x000000008a300000, 0x000000008a300000| Untracked 
| 164|0x000000008a400000, 0x000000008a400000, 0x000000008a500000|  0%| F|  |TAMS 0x000000008a400000, 0x000000008a400000| Untracked 
| 165|0x000000008a500000, 0x000000008a500000, 0x000000008a600000|  0%| F|  |TAMS 0x000000008a500000, 0x000000008a500000| Untracked 
| 166|0x000000008a600000, 0x000000008a600000, 0x000000008a700000|  0%| F|  |TAMS 0x000000008a600000, 0x000000008a600000| Untracked 
| 167|0x000000008a700000, 0x000000008a700000, 0x000000008a800000|  0%| F|  |TAMS 0x000000008a700000, 0x000000008a700000| Untracked 
| 168|0x000000008a800000, 0x000000008a800000, 0x000000008a900000|  0%| F|  |TAMS 0x000000008a800000, 0x000000008a800000| Untracked 
| 169|0x000000008a900000, 0x000000008a900000, 0x000000008aa00000|  0%| F|  |TAMS 0x000000008a900000, 0x000000008a900000| Untracked 
| 170|0x000000008aa00000, 0x000000008aa00000, 0x000000008ab00000|  0%| F|  |TAMS 0x000000008aa00000, 0x000000008aa00000| Untracked 
| 171|0x000000008ab00000, 0x000000008ab00000, 0x000000008ac00000|  0%| F|  |TAMS 0x000000008ab00000, 0x000000008ab00000| Untracked 
| 172|0x000000008ac00000, 0x000000008ac00000, 0x000000008ad00000|  0%| F|  |TAMS 0x000000008ac00000, 0x000000008ac00000| Untracked 
| 173|0x000000008ad00000, 0x000000008ad00000, 0x000000008ae00000|  0%| F|  |TAMS 0x000000008ad00000, 0x000000008ad00000| Untracked 
| 174|0x000000008ae00000, 0x000000008ae00000, 0x000000008af00000|  0%| F|  |TAMS 0x000000008ae00000, 0x000000008ae00000| Untracked 
| 175|0x000000008af00000, 0x000000008af00000, 0x000000008b000000|  0%| F|  |TAMS 0x000000008af00000, 0x000000008af00000| Untracked 
| 176|0x000000008b000000, 0x000000008b000000, 0x000000008b100000|  0%| F|  |TAMS 0x000000008b000000, 0x000000008b000000| Untracked 
| 177|0x000000008b100000, 0x000000008b100000, 0x000000008b200000|  0%| F|  |TAMS 0x000000008b100000, 0x000000008b100000| Untracked 
| 178|0x000000008b200000, 0x000000008b200000, 0x000000008b300000|  0%| F|  |TAMS 0x000000008b200000, 0x000000008b200000| Untracked 
| 179|0x000000008b300000, 0x000000008b300000, 0x000000008b400000|  0%| F|  |TAMS 0x000000008b300000, 0x000000008b300000| Untracked 
| 180|0x000000008b400000, 0x000000008b4fdfa0, 0x000000008b500000| 99%| E|  |TAMS 0x000000008b400000, 0x000000008b400000| Complete 
| 181|0x000000008b500000, 0x000000008b600000, 0x000000008b600000|100%| E|CS|TAMS 0x000000008b500000, 0x000000008b500000| Complete 
| 182|0x000000008b600000, 0x000000008b700000, 0x000000008b700000|100%| E|CS|TAMS 0x000000008b600000, 0x000000008b600000| Complete 

Card table byte_map: [0x000002bcc8230000,0x000002bcc8630000] _byte_map_base: 0x000002bcc7e30000

Marking Bits (Prev, Next): (CMBitMap*) 0x000002bcb5098400, (CMBitMap*) 0x000002bcb50983c8
 Prev Bits: [0x000002bccaa30000, 0x000002bccca30000)
 Next Bits: [0x000002bcc8a30000, 0x000002bccaa30000)

Polling page: 0x000002bcb2f10000

Metaspace:

Usage:
  Non-class:     72.95 MB capacity,    71.72 MB ( 98%) used,     1.00 MB (  1%) free+waste,   227.25 KB ( <1%) overhead. 
      Class:     11.39 MB capacity,    10.61 MB ( 93%) used,   689.32 KB (  6%) free+waste,   105.06 KB ( <1%) overhead. 
       Both:     84.33 MB capacity,    82.33 MB ( 98%) used,     1.68 MB (  2%) free+waste,   332.31 KB ( <1%) overhead. 

Virtual space:
  Non-class space:       76.00 MB reserved,      73.00 MB ( 96%) committed 
      Class space:        1.00 GB reserved,      11.45 MB (  1%) committed 
             Both:        1.07 GB reserved,      84.45 MB (  8%) committed 

Chunk freelists:
   Non-Class:  0 bytes
       Class:  0 bytes
        Both:  0 bytes

MaxMetaspaceSize: 17179869184.00 GB
CompressedClassSpaceSize: 1.00 GB

CodeHeap 'non-profiled nmethods': size=120000Kb used=4186Kb max_used=4186Kb free=115813Kb
 bounds [0x000002bcc05d0000, 0x000002bcc09f0000, 0x000002bcc7b00000]
CodeHeap 'profiled nmethods': size=120000Kb used=16972Kb max_used=16972Kb free=103028Kb
 bounds [0x000002bcb90a0000, 0x000002bcba140000, 0x000002bcc05d0000]
CodeHeap 'non-nmethods': size=5760Kb used=2276Kb max_used=2309Kb free=3484Kb
 bounds [0x000002bcb8b00000, 0x000002bcb8d70000, 0x000002bcb90a0000]
 total_blobs=9169 nmethods=8295 adapters=785
 compilation: enabled
              stopped_count=0, restarted_count=0
 full_count=0

Compilation events (20 events):
Event: 14.556 Thread 0x000002bccfd7e000 nmethod 8326 0x000002bcba114910 code [0x000002bcba114ae0, 0x000002bcba114c98]
Event: 14.556 Thread 0x000002bccfd7e000 8327       2       org.gradle.api.internal.artifacts.repositories.resolver.DirectDependencyMetadataAdapter_Decorated::getName (39 bytes)
Event: 14.557 Thread 0x000002bccfd7e000 nmethod 8327 0x000002bcba114e10 code [0x000002bcba115040, 0x000002bcba1154a8]
Event: 14.557 Thread 0x000002bccfd7e000 8330       2       org.gradle.api.internal.artifacts.ivyservice.resolveengine.graph.builder.ModuleSelectors$$Lambda$425/0x0000000100601040::apply (13 bytes)
Event: 14.558 Thread 0x000002bccfd7e000 nmethod 8330 0x000002bcba115810 code [0x000002bcba1159e0, 0x000002bcba115b68]
Event: 14.558 Thread 0x000002bccfd7e000 8331       2       org.gradle.api.internal.artifacts.ivyservice.resolveengine.graph.builder.ModuleSelectors$$Lambda$426/0x0000000100601440::apply (13 bytes)
Event: 14.558 Thread 0x000002bccfd7e000 nmethod 8331 0x000002bcba115c10 code [0x000002bcba115de0, 0x000002bcba115f68]
Event: 14.558 Thread 0x000002bccfd7e000 8332       2       org.gradle.api.internal.artifacts.ivyservice.resolveengine.graph.builder.ModuleSelectors::requiredVersion (25 bytes)
Event: 14.558 Thread 0x000002bccfd7e000 nmethod 8332 0x000002bcba116010 code [0x000002bcba116200, 0x000002bcba116528]
Event: 14.559 Thread 0x000002bccfd7e000 8333       2       org.gradle.api.internal.artifacts.ivyservice.resolveengine.graph.builder.SelectorState::getDependencyMetadata (8 bytes)
Event: 14.559 Thread 0x000002bccfd7e000 nmethod 8333 0x000002bcba116710 code [0x000002bcba1168c0, 0x000002bcba1169b8]
Event: 14.559 Thread 0x000002bccfd7e000 8334       1       org.gradle.internal.component.model.LocalComponentDependencyMetadata::isForce (5 bytes)
Event: 14.559 Thread 0x000002bccfd7e000 nmethod 8334 0x000002bcc09e3590 code [0x000002bcc09e3740, 0x000002bcc09e37f8]
Event: 14.559 Thread 0x000002bccfd7e000 8336       2       org.gradle.api.internal.artifacts.ivyservice.ivyresolve.strategy.StaticVersionComparator::compare (326 bytes)
Event: 14.560 Thread 0x000002bccfd7e000 nmethod 8336 0x000002bcba116a90 code [0x000002bcba116d40, 0x000002bcba1177e8]
Event: 14.561 Thread 0x000002bccfd7e000 8339       2       org.gradle.api.internal.artifacts.ivyservice.resolveengine.graph.builder.NodeState::maybeCollectStrictVersions (68 bytes)
Event: 14.562 Thread 0x000002bccfd7e000 nmethod 8339 0x000002bcba118010 code [0x000002bcba118220, 0x000002bcba118698]
Event: 14.562 Thread 0x000002bccfd7e000 8335       2       org.gradle.api.internal.artifacts.ivyservice.ivyresolve.strategy.StaticVersionComparator::compare (13 bytes)
Event: 14.562 Thread 0x000002bccfd7e000 nmethod 8335 0x000002bcba118910 code [0x000002bcba118ae0, 0x000002bcba118c88]
Event: 14.562 Thread 0x000002bccfd7e000 8337       2       java.util.Collections$SingletonMap::get (20 bytes)

GC Heap History (20 events):
Event: 4.248 GC heap before
{Heap before GC invocations=6 (full 0):
 garbage-first heap   total 129024K, used 75430K [0x0000000080000000, 0x0000000100000000)
  region size 1024K, 58 young (59392K), 3 survivors (3072K)
 Metaspace       used 34631K, capacity 35414K, committed 35584K, reserved 1079296K
  class space    used 4518K, capacity 4832K, committed 4864K, reserved 1048576K
}
Event: 4.254 GC heap after
{Heap after GC invocations=7 (full 0):
 garbage-first heap   total 129024K, used 22576K [0x0000000080000000, 0x0000000100000000)
  region size 1024K, 6 young (6144K), 6 survivors (6144K)
 Metaspace       used 34631K, capacity 35414K, committed 35584K, reserved 1079296K
  class space    used 4518K, capacity 4832K, committed 4864K, reserved 1048576K
}
Event: 4.294 GC heap before
{Heap before GC invocations=7 (full 0):
 garbage-first heap   total 129024K, used 23600K [0x0000000080000000, 0x0000000100000000)
  region size 1024K, 8 young (8192K), 6 survivors (6144K)
 Metaspace       used 35067K, capacity 35830K, committed 35840K, reserved 1081344K
  class space    used 4545K, capacity 4864K, committed 4864K, reserved 1048576K
}
Event: 4.302 GC heap after
{Heap after GC invocations=8 (full 0):
 garbage-first heap   total 129024K, used 23047K [0x0000000080000000, 0x0000000100000000)
  region size 1024K, 4 young (4096K), 4 survivors (4096K)
 Metaspace       used 35067K, capacity 35830K, committed 35840K, reserved 1081344K
  class space    used 4545K, capacity 4864K, committed 4864K, reserved 1048576K
}
Event: 4.894 GC heap before
{Heap before GC invocations=9 (full 0):
 garbage-first heap   total 129024K, used 74247K [0x0000000080000000, 0x0000000100000000)
  region size 1024K, 52 young (53248K), 4 survivors (4096K)
 Metaspace       used 38685K, capacity 39567K, committed 39884K, reserved 1083392K
  class space    used 4930K, capacity 5251K, committed 5324K, reserved 1048576K
}
Event: 4.903 GC heap after
{Heap after GC invocations=10 (full 0):
 garbage-first heap   total 155648K, used 27091K [0x0000000080000000, 0x0000000100000000)
  region size 1024K, 7 young (7168K), 7 survivors (7168K)
 Metaspace       used 38685K, capacity 39567K, committed 39884K, reserved 1083392K
  class space    used 4930K, capacity 5251K, committed 5324K, reserved 1048576K
}
Event: 5.691 GC heap before
{Heap before GC invocations=10 (full 0):
 garbage-first heap   total 155648K, used 88531K [0x0000000080000000, 0x0000000100000000)
  region size 1024K, 67 young (68608K), 7 survivors (7168K)
 Metaspace       used 43916K, capacity 44871K, committed 45004K, reserved 1087488K
  class space    used 5637K, capacity 5970K, committed 6092K, reserved 1048576K
}
Event: 5.701 GC heap after
{Heap after GC invocations=11 (full 0):
 garbage-first heap   total 155648K, used 29600K [0x0000000080000000, 0x0000000100000000)
  region size 1024K, 7 young (7168K), 7 survivors (7168K)
 Metaspace       used 43916K, capacity 44871K, committed 45004K, reserved 1087488K
  class space    used 5637K, capacity 5970K, committed 6092K, reserved 1048576K
}
Event: 7.033 GC heap before
{Heap before GC invocations=11 (full 0):
 garbage-first heap   total 155648K, used 101280K [0x0000000080000000, 0x0000000100000000)
  region size 1024K, 70 young (71680K), 7 survivors (7168K)
 Metaspace       used 47153K, capacity 48343K, committed 48460K, reserved 1091584K
  class space    used 6027K, capacity 6460K, committed 6476K, reserved 1048576K
}
Event: 7.042 GC heap after
{Heap after GC invocations=12 (full 0):
 garbage-first heap   total 155648K, used 46396K [0x0000000080000000, 0x0000000100000000)
  region size 1024K, 9 young (9216K), 9 survivors (9216K)
 Metaspace       used 47153K, capacity 48343K, committed 48460K, reserved 1091584K
  class space    used 6027K, capacity 6460K, committed 6476K, reserved 1048576K
}
Event: 8.505 GC heap before
{Heap before GC invocations=12 (full 0):
 garbage-first heap   total 155648K, used 105788K [0x0000000080000000, 0x0000000100000000)
  region size 1024K, 67 young (68608K), 9 survivors (9216K)
 Metaspace       used 54395K, capacity 55786K, committed 55884K, reserved 1097728K
  class space    used 6916K, capacity 7434K, committed 7500K, reserved 1048576K
}
Event: 8.515 GC heap after
{Heap after GC invocations=13 (full 0):
 garbage-first heap   total 155648K, used 51158K [0x0000000080000000, 0x0000000100000000)
  region size 1024K, 4 young (4096K), 4 survivors (4096K)
 Metaspace       used 54395K, capacity 55786K, committed 55884K, reserved 1097728K
  class space    used 6916K, capacity 7434K, committed 7500K, reserved 1048576K
}
Event: 9.402 GC heap before
{Heap before GC invocations=13 (full 0):
 garbage-first heap   total 155648K, used 75734K [0x0000000080000000, 0x0000000100000000)
  region size 1024K, 29 young (29696K), 4 survivors (4096K)
 Metaspace       used 58777K, capacity 60172K, committed 60236K, reserved 1101824K
  class space    used 7424K, capacity 7954K, committed 8012K, reserved 1048576K
}
Event: 9.412 GC heap after
{Heap after GC invocations=14 (full 0):
 garbage-first heap   total 187392K, used 52455K [0x0000000080000000, 0x0000000100000000)
  region size 1024K, 5 young (5120K), 5 survivors (5120K)
 Metaspace       used 58777K, capacity 60172K, committed 60236K, reserved 1101824K
  class space    used 7424K, capacity 7954K, committed 8012K, reserved 1048576K
}
Event: 10.548 GC heap before
{Heap before GC invocations=15 (full 0):
 garbage-first heap   total 187392K, used 120039K [0x0000000080000000, 0x0000000100000000)
  region size 1024K, 71 young (72704K), 5 survivors (5120K)
 Metaspace       used 65315K, capacity 66797K, committed 67020K, reserved 1107968K
  class space    used 8243K, capacity 8785K, committed 8908K, reserved 1048576K
}
Event: 10.557 GC heap after
{Heap after GC invocations=16 (full 0):
 garbage-first heap   total 187392K, used 57370K [0x0000000080000000, 0x0000000100000000)
  region size 1024K, 7 young (7168K), 7 survivors (7168K)
 Metaspace       used 65315K, capacity 66797K, committed 67020K, reserved 1107968K
  class space    used 8243K, capacity 8785K, committed 8908K, reserved 1048576K
}
Event: 11.657 GC heap before
{Heap before GC invocations=16 (full 0):
 garbage-first heap   total 187392K, used 125978K [0x0000000080000000, 0x0000000100000000)
  region size 1024K, 74 young (75776K), 7 survivors (7168K)
 Metaspace       used 70422K, capacity 72084K, committed 72396K, reserved 1112064K
  class space    used 9005K, capacity 9605K, committed 9676K, reserved 1048576K
}
Event: 11.668 GC heap after
{Heap after GC invocations=17 (full 0):
 garbage-first heap   total 187392K, used 62464K [0x0000000080000000, 0x0000000100000000)
  region size 1024K, 10 young (10240K), 10 survivors (10240K)
 Metaspace       used 70422K, capacity 72084K, committed 72396K, reserved 1112064K
  class space    used 9005K, capacity 9605K, committed 9676K, reserved 1048576K
}
Event: 13.192 GC heap before
{Heap before GC invocations=17 (full 0):
 garbage-first heap   total 187392K, used 134144K [0x0000000080000000, 0x0000000100000000)
  region size 1024K, 80 young (81920K), 10 survivors (10240K)
 Metaspace       used 76916K, capacity 78650K, committed 78796K, reserved 1118208K
  class space    used 9914K, capacity 10581K, committed 10700K, reserved 1048576K
}
Event: 13.206 GC heap after
{Heap after GC invocations=18 (full 0):
 garbage-first heap   total 187392K, used 67669K [0x0000000080000000, 0x0000000100000000)
  region size 1024K, 6 young (6144K), 6 survivors (6144K)
 Metaspace       used 76916K, capacity 78650K, committed 78796K, reserved 1118208K
  class space    used 9914K, capacity 10581K, committed 10700K, reserved 1048576K
}

Deoptimization events (20 events):
Event: 14.158 Thread 0x000002bcd2938000 DEOPT PACKING pc=0x000002bcc07763fc sp=0x000000ea167fdab0
Event: 14.158 Thread 0x000002bcd2938000 DEOPT UNPACKING pc=0x000002bcb8b2662f sp=0x000000ea167fda40 mode 2
Event: 14.162 Thread 0x000002bcd2938000 Uncommon trap: trap_request=0xffffffc6 fr.pc=0x000002bcc08b37b0 relative=0x0000000000000450
Event: 14.162 Thread 0x000002bcd2938000 Uncommon trap: reason=bimorphic_or_optimized_type_check action=maybe_recompile pc=0x000002bcc08b37b0 method=java.util.Collections$SetFromMap.remove(Ljava/lang/Object;)Z @ 5 c2
Event: 14.162 Thread 0x000002bcd2938000 DEOPT PACKING pc=0x000002bcc08b37b0 sp=0x000000ea167fe970
Event: 14.162 Thread 0x000002bcd2938000 DEOPT UNPACKING pc=0x000002bcb8b2662f sp=0x000000ea167fe968 mode 2
Event: 14.164 Thread 0x000002bcd2938000 Uncommon trap: trap_request=0xffffffc6 fr.pc=0x000002bcc08b37b0 relative=0x0000000000000450
Event: 14.164 Thread 0x000002bcd2938000 Uncommon trap: reason=bimorphic_or_optimized_type_check action=maybe_recompile pc=0x000002bcc08b37b0 method=java.util.Collections$SetFromMap.remove(Ljava/lang/Object;)Z @ 5 c2
Event: 14.164 Thread 0x000002bcd2938000 DEOPT PACKING pc=0x000002bcc08b37b0 sp=0x000000ea167fe970
Event: 14.164 Thread 0x000002bcd2938000 DEOPT UNPACKING pc=0x000002bcb8b2662f sp=0x000000ea167fe968 mode 2
Event: 14.164 Thread 0x000002bcd2938000 Uncommon trap: trap_request=0xffffffc6 fr.pc=0x000002bcc08b37b0 relative=0x0000000000000450
Event: 14.164 Thread 0x000002bcd2938000 Uncommon trap: reason=bimorphic_or_optimized_type_check action=maybe_recompile pc=0x000002bcc08b37b0 method=java.util.Collections$SetFromMap.remove(Ljava/lang/Object;)Z @ 5 c2
Event: 14.164 Thread 0x000002bcd2938000 DEOPT PACKING pc=0x000002bcc08b37b0 sp=0x000000ea167fe810
Event: 14.164 Thread 0x000002bcd2938000 DEOPT UNPACKING pc=0x000002bcb8b2662f sp=0x000000ea167fe808 mode 2
Event: 14.229 Thread 0x000002bcd2938000 Uncommon trap: trap_request=0xffffffc6 fr.pc=0x000002bcc08b37b0 relative=0x0000000000000450
Event: 14.229 Thread 0x000002bcd2938000 Uncommon trap: reason=bimorphic_or_optimized_type_check action=maybe_recompile pc=0x000002bcc08b37b0 method=java.util.Collections$SetFromMap.remove(Ljava/lang/Object;)Z @ 5 c2
Event: 14.229 Thread 0x000002bcd2938000 DEOPT PACKING pc=0x000002bcc08b37b0 sp=0x000000ea167fe970
Event: 14.229 Thread 0x000002bcd2938000 DEOPT UNPACKING pc=0x000002bcb8b2662f sp=0x000000ea167fe968 mode 2
Event: 14.414 Thread 0x000002bcd2938000 DEOPT PACKING pc=0x000002bcb9f5bbbb sp=0x000000ea167f9730
Event: 14.414 Thread 0x000002bcd2938000 DEOPT UNPACKING pc=0x000002bcb8b26dde sp=0x000000ea167f8c70 mode 0

Classes redefined (0 events):
No events

Internal exceptions (20 events):
Event: 13.228 Thread 0x000002bccfd8c800 Exception <a 'java/lang/NullPointerException'{0x000000008b59fe70}> (0x000000008b59fe70) thrown at [./src/hotspot/share/interpreter/linkResolver.cpp, line 1440]
Event: 13.544 Thread 0x000002bccfd8c800 Exception <a 'java/lang/NoSuchMethodError'{0x000000008a6994d0}: 'int java.lang.invoke.DirectMethodHandle$Holder.invokeStatic(java.lang.Object, java.lang.Object, int, java.lang.Object)'> (0x000000008a6994d0) thrown at [./src/hotspot/share/interpreter/linkResolver.cpp, line 773]
Event: 13.621 Thread 0x000002bccfd8c800 Exception <a 'sun/nio/fs/WindowsException'{0x000000008a5be9b8}> (0x000000008a5be9b8) thrown at [./src/hotspot/share/prims/jni.cpp, line 615]
Event: 13.622 Thread 0x000002bccfd8c800 Exception <a 'sun/nio/fs/WindowsException'{0x000000008a5bfaa0}> (0x000000008a5bfaa0) thrown at [./src/hotspot/share/prims/jni.cpp, line 615]
Event: 13.622 Thread 0x000002bccfd8c800 Exception <a 'sun/nio/fs/WindowsException'{0x000000008a5c0bc0}> (0x000000008a5c0bc0) thrown at [./src/hotspot/share/prims/jni.cpp, line 615]
Event: 13.622 Thread 0x000002bccfd8c800 Exception <a 'sun/nio/fs/WindowsException'{0x000000008a5c1ce0}> (0x000000008a5c1ce0) thrown at [./src/hotspot/share/prims/jni.cpp, line 615]
Event: 13.772 Thread 0x000002bccfd8c800 Exception <a 'java/lang/NoSuchMethodError'{0x0000000089c5cc70}: 'java.lang.Object java.lang.invoke.Invokers$Holder.linkToTargetMethod(java.lang.Object, int, int, java.lang.Object)'> (0x0000000089c5cc70) thrown at [./src/hotspot/share/interpreter/linkResolver.cpp, line 773]
Event: 14.047 Thread 0x000002bccfd8c800 Exception <a 'java/lang/NoSuchMethodError'{0x0000000088bfa540}: <clinit>> (0x0000000088bfa540) thrown at [./src/hotspot/share/prims/jni.cpp, line 1362]
Event: 14.053 Thread 0x000002bccfd8c800 Exception <a 'java/lang/NoSuchMethodError'{0x0000000088a34370}: <clinit>> (0x0000000088a34370) thrown at [./src/hotspot/share/prims/jni.cpp, line 1362]
Event: 14.092 Thread 0x000002bccfd8c800 Exception <a 'sun/nio/fs/WindowsException'{0x00000000889ea8e8}> (0x00000000889ea8e8) thrown at [./src/hotspot/share/prims/jni.cpp, line 615]
Event: 14.158 Thread 0x000002bcd2152000 Exception <a 'java/lang/NoSuchMethodError'{0x000000008849f640}: <clinit>> (0x000000008849f640) thrown at [./src/hotspot/share/prims/jni.cpp, line 1362]
Event: 14.159 Thread 0x000002bcd2152000 Exception <a 'java/lang/NoSuchMethodError'{0x00000000884a9658}: <clinit>> (0x00000000884a9658) thrown at [./src/hotspot/share/prims/jni.cpp, line 1362]
Event: 14.162 Thread 0x000002bcd2152000 Exception <a 'java/lang/NoSuchMethodError'{0x00000000884e78f8}: <clinit>> (0x00000000884e78f8) thrown at [./src/hotspot/share/prims/jni.cpp, line 1362]
Event: 14.164 Thread 0x000002bcd2152000 Exception <a 'java/lang/NoSuchMethodError'{0x00000000883012a8}: <clinit>> (0x00000000883012a8) thrown at [./src/hotspot/share/prims/jni.cpp, line 1362]
Event: 14.164 Thread 0x000002bcd2152000 Exception <a 'java/lang/NoSuchMethodError'{0x0000000088302580}: <clinit>> (0x0000000088302580) thrown at [./src/hotspot/share/prims/jni.cpp, line 1362]
Event: 14.188 Thread 0x000002bcd29b2000 Exception <a 'java/lang/NoSuchMethodError'{0x0000000088158b70}: <clinit>> (0x0000000088158b70) thrown at [./src/hotspot/share/prims/jni.cpp, line 1362]
Event: 14.192 Thread 0x000002bcd29b2000 Exception <a 'java/lang/NoSuchMethodError'{0x0000000088005f08}: <clinit>> (0x0000000088005f08) thrown at [./src/hotspot/share/prims/jni.cpp, line 1362]
Event: 14.196 Thread 0x000002bcd29b2000 Exception <a 'java/lang/NoSuchMethodError'{0x000000008801f190}: <clinit>> (0x000000008801f190) thrown at [./src/hotspot/share/prims/jni.cpp, line 1362]
Event: 14.230 Thread 0x000002bcd2152000 Exception <a 'java/lang/NoSuchMethodError'{0x0000000087fd49a0}: <clinit>> (0x0000000087fd49a0) thrown at [./src/hotspot/share/prims/jni.cpp, line 1362]
Event: 14.256 Thread 0x000002bcd2938000 Exception <a 'java/lang/NoSuchMethodError'{0x0000000087e4f720}: 'java.lang.Object java.lang.invoke.Invokers$Holder.linkToTargetMethod(java.lang.Object, java.lang.Object, java.lang.Object, int, java.lang.Object, java.lang.Object)'> (0x0000000087e4f720) thrown at [./src/hotspot/share/interpreter/linkResolver.cpp, line 773]

Events (20 events):
Event: 14.487 loading class org/gradle/api/internal/artifacts/ivyservice/modulecache/artifacts/DefaultCachedArtifacts
Event: 14.487 loading class org/gradle/api/internal/artifacts/ivyservice/modulecache/artifacts/DefaultCachedArtifacts done
Event: 14.499 loading class org/gradle/api/artifacts/result/DependencyResult
Event: 14.499 loading class org/gradle/api/artifacts/result/DependencyResult done
Event: 14.499 loading class org/gradle/api/artifacts/result/ResolvedDependencyResult
Event: 14.499 loading class org/gradle/api/artifacts/result/ResolvedDependencyResult done
Event: 14.499 loading class com/android/build/gradle/internal/dependency/ConstraintHandler$execute$1$1
Event: 14.499 loading class com/android/build/gradle/internal/dependency/ConstraintHandler$execute$1$1 done
Event: 14.500 loading class org/gradle/api/artifacts/dsl/DependencyConstraintHandler
Event: 14.500 loading class org/gradle/api/artifacts/dsl/DependencyConstraintHandler done
Event: 14.503 loading class org/gradle/api/artifacts/DependencyConstraint
Event: 14.503 loading class org/gradle/api/artifacts/DependencyConstraint done
Event: 14.503 loading class com/android/build/gradle/internal/dependency/ConstraintHandler$execute$1$1$1
Event: 14.503 loading class com/android/build/gradle/internal/dependency/ConstraintHandler$execute$1$1$1 done
Event: 14.503 loading class org/gradle/api/artifacts/MutableVersionConstraint
Event: 14.503 loading class org/gradle/api/artifacts/MutableVersionConstraint done
Event: 14.521 Executing VM operation: RevokeBias
Event: 14.521 Executing VM operation: RevokeBias done
Event: 14.531 loading class org/gradle/api/internal/artifacts/ivyservice/ivyresolve/strategy/InverseVersionSelector
Event: 14.531 loading class org/gradle/api/internal/artifacts/ivyservice/ivyresolve/strategy/InverseVersionSelector done


Dynamic libraries:
0x00007ff76b2f0000 - 0x00007ff76b2fa000 	C:\Program Files\Android\Android Studio\jre\bin\java.exe
0x00007ffa7a520000 - 0x00007ffa7a70d000 	C:\Windows\SYSTEM32\ntdll.dll
0x00007ffa50270000 - 0x00007ffa50287000 	C:\Program Files\Avast Software\Avast\aswhook.dll
0x00007ffa78ea0000 - 0x00007ffa78f53000 	C:\Windows\System32\KERNEL32.DLL
0x00007ffa773b0000 - 0x00007ffa77645000 	C:\Windows\System32\KERNELBASE.dll
0x00007ffa77110000 - 0x00007ffa7720a000 	C:\Windows\System32\ucrtbase.dll
0x00007ffa68ba0000 - 0x00007ffa68bb9000 	C:\Program Files\Android\Android Studio\jre\bin\jli.dll
0x00007ffa68b80000 - 0x00007ffa68b97000 	C:\Program Files\Android\Android Studio\jre\bin\VCRUNTIME140.dll
0x00007ffa7a1a0000 - 0x00007ffa7a337000 	C:\Windows\System32\USER32.dll
0x00007ffa77650000 - 0x00007ffa77670000 	C:\Windows\System32\win32u.dll
0x00007ffa79ee0000 - 0x00007ffa79f09000 	C:\Windows\System32\GDI32.dll
0x00007ffa5e5e0000 - 0x00007ffa5e859000 	C:\Windows\WinSxS\amd64_microsoft.windows.common-controls_6595b64144ccf1df_6.0.17763.1339_none_de7015e4534c7114\COMCTL32.dll
0x00007ffa77210000 - 0x00007ffa773ab000 	C:\Windows\System32\gdi32full.dll
0x00007ffa77670000 - 0x00007ffa77710000 	C:\Windows\System32\msvcp_win.dll
0x00007ffa79fd0000 - 0x00007ffa7a06e000 	C:\Windows\System32\msvcrt.dll
0x00007ffa79520000 - 0x00007ffa7984c000 	C:\Windows\System32\combase.dll
0x00007ffa793f0000 - 0x00007ffa79512000 	C:\Windows\System32\RPCRT4.dll
0x00007ffa77040000 - 0x00007ffa770be000 	C:\Windows\System32\bcryptPrimitives.dll
0x00007ffa7a490000 - 0x00007ffa7a4be000 	C:\Windows\System32\IMM32.DLL
0x000000006b370000 - 0x000000006b37c000 	C:\Program Files (x86)\360\Total Security\safemon\SafeWrapper.dll
0x00007ffa78c70000 - 0x00007ffa78d13000 	C:\Windows\System32\ADVAPI32.dll
0x00007ffa78d20000 - 0x00007ffa78dbe000 	C:\Windows\System32\sechost.dll
0x00007ffa56ef0000 - 0x00007ffa56f82000 	C:\Program Files (x86)\360\Total Security\safemon\libzdtp64.dll
0x00007ffa77770000 - 0x00007ffa78c68000 	C:\Windows\System32\SHELL32.dll
0x00007ffa770c0000 - 0x00007ffa7710a000 	C:\Windows\System32\cfgmgr32.dll
0x00007ffa79860000 - 0x00007ffa79909000 	C:\Windows\System32\shcore.dll
0x00007ffa768e0000 - 0x00007ffa77034000 	C:\Windows\System32\windows.storage.dll
0x00007ffa765b0000 - 0x00007ffa765d4000 	C:\Windows\System32\profapi.dll
0x00007ffa76550000 - 0x00007ffa765ad000 	C:\Windows\System32\powrprof.dll
0x00007ffa7a4c0000 - 0x00007ffa7a512000 	C:\Windows\System32\shlwapi.dll
0x00007ffa76530000 - 0x00007ffa76541000 	C:\Windows\System32\kernel.appcore.dll
0x00007ffa766e0000 - 0x00007ffa766f7000 	C:\Windows\System32\cryptsp.dll
0x00007ffa76120000 - 0x00007ffa7612a000 	C:\Windows\SYSTEM32\VERSION.dll
0x00007ffa66870000 - 0x00007ffa6690d000 	C:\Program Files\Android\Android Studio\jre\bin\msvcp140.dll
0x00007ffa249f0000 - 0x00007ffa254c5000 	C:\Program Files\Android\Android Studio\jre\bin\server\jvm.dll
0x00007ffa78dc0000 - 0x00007ffa78dc8000 	C:\Windows\System32\PSAPI.DLL
0x00007ffa72690000 - 0x00007ffa726b4000 	C:\Windows\SYSTEM32\WINMM.dll
0x00007ffa66f60000 - 0x00007ffa66f69000 	C:\Windows\SYSTEM32\WSOCK32.dll
0x00007ffa72660000 - 0x00007ffa7268d000 	C:\Windows\SYSTEM32\winmmbase.dll
0x00007ffa7a420000 - 0x00007ffa7a48d000 	C:\Windows\System32\WS2_32.dll
0x00007ffa68bc0000 - 0x00007ffa68bd1000 	C:\Program Files\Android\Android Studio\jre\bin\verify.dll
0x00007ffa74e30000 - 0x00007ffa7501d000 	C:\Windows\SYSTEM32\DBGHELP.DLL
0x00007ffa6d000000 - 0x00007ffa6d02a000 	C:\Windows\SYSTEM32\dbgcore.DLL
0x00007ffa68af0000 - 0x00007ffa68b19000 	C:\Program Files\Android\Android Studio\jre\bin\java.dll
0x00007ffa71db0000 - 0x00007ffa71dbb000 	C:\Program Files\Android\Android Studio\jre\bin\jimage.dll
0x00007ffa68a30000 - 0x00007ffa68a48000 	C:\Program Files\Android\Android Studio\jre\bin\zip.dll
0x00007ffa66910000 - 0x00007ffa6692a000 	C:\Program Files\Android\Android Studio\jre\bin\net.dll
0x00007ffa73f80000 - 0x00007ffa74072000 	C:\Windows\SYSTEM32\WINHTTP.dll
0x00007ffa75d20000 - 0x00007ffa75d87000 	C:\Windows\system32\mswsock.dll
0x00007ffa66490000 - 0x00007ffa664a4000 	C:\Program Files\Android\Android Studio\jre\bin\nio.dll
0x00007ffa59280000 - 0x00007ffa592a7000 	C:\Users\Julia\.gradle\native\8bec1ad78214c89d9ad589b4d07fe93259594b29d510b10fafb7a158f7737e5d\windows-amd64\native-platform.dll
0x00007ffa3ac10000 - 0x00007ffa3ad4d000 	C:\Users\Julia\.gradle\native\53dbd7edfb1c66fb8903c78663c9afc45aea4f116125fa6feffd364cf09443e8\windows-amd64\native-platform-file-events.dll
0x00007ffa71b20000 - 0x00007ffa71b2a000 	C:\Program Files\Android\Android Studio\jre\bin\management.dll
0x00007ffa71b00000 - 0x00007ffa71b0d000 	C:\Program Files\Android\Android Studio\jre\bin\management_ext.dll
0x00007ffa758a0000 - 0x00007ffa758d3000 	C:\Windows\system32\rsaenh.dll
0x00007ffa76600000 - 0x00007ffa76626000 	C:\Windows\System32\bcrypt.dll
0x00007ffa76420000 - 0x00007ffa76448000 	C:\Windows\SYSTEM32\USERENV.dll
0x00007ffa75ef0000 - 0x00007ffa75efc000 	C:\Windows\SYSTEM32\CRYPTBASE.dll
0x00007ffa75a40000 - 0x00007ffa75a7d000 	C:\Windows\SYSTEM32\IPHLPAPI.DLL
0x00007ffa79850000 - 0x00007ffa79858000 	C:\Windows\System32\NSI.dll
0x00007ffa69c50000 - 0x00007ffa69c66000 	C:\Windows\SYSTEM32\dhcpcsvc6.DLL
0x00007ffa69760000 - 0x00007ffa6977c000 	C:\Windows\SYSTEM32\dhcpcsvc.DLL
0x00007ffa75a80000 - 0x00007ffa75b47000 	C:\Windows\SYSTEM32\DNSAPI.dll

dbghelp: loaded successfully - version: 4.0.5 - missing functions: none
symbol engine: initialized successfully - sym options: 0x614 - pdb path: .;C:\Program Files\Android\Android Studio\jre\bin;C:\Windows\SYSTEM32;C:\Program Files\Avast Software\Avast;C:\Windows\WinSxS\amd64_microsoft.windows.common-controls_6595b64144ccf1df_6.0.17763.1339_none_de7015e4534c7114;C:\Program Files (x86)\360\Total Security\safemon;C:\Program Files\Android\Android Studio\jre\bin\server;C:\Users\Julia\.gradle\native\8bec1ad78214c89d9ad589b4d07fe93259594b29d510b10fafb7a158f7737e5d\windows-amd64;C:\Users\Julia\.gradle\native\53dbd7edfb1c66fb8903c78663c9afc45aea4f116125fa6feffd364cf09443e8\windows-amd64

VM Arguments:
jvm_args: --add-opens=java.base/java.util=ALL-UNNAMED --add-opens=java.base/java.lang=ALL-UNNAMED --add-opens=java.base/java.lang.invoke=ALL-UNNAMED --add-opens=java.base/java.util=ALL-UNNAMED --add-opens=java.prefs/java.util.prefs=ALL-UNNAMED --add-opens=java.prefs/java.util.prefs=ALL-UNNAMED --add-opens=java.base/java.nio.charset=ALL-UNNAMED --add-opens=java.base/java.net=ALL-UNNAMED --add-opens=java.base/java.util.concurrent.atomic=ALL-UNNAMED -Xmx2048m -Dfile.encoding=UTF-8 -Duser.country=RU -Duser.language=ru -Duser.variant 
java_command: org.gradle.launcher.daemon.bootstrap.GradleDaemon 7.0.2
java_class_path (initial): C:\Users\Julia\.gradle\wrapper\dists\gradle-7.0.2-bin\857tjihv64xamwrf0h14cai3r\gradle-7.0.2\lib\gradle-launcher-7.0.2.jar
Launcher Type: SUN_STANDARD

[Global flags]
     intx CICompilerCount                          = 4                                         {product} {ergonomic}
     uint ConcGCThreads                            = 2                                         {product} {ergonomic}
     uint G1ConcRefinementThreads                  = 8                                         {product} {ergonomic}
   size_t G1HeapRegionSize                         = 1048576                                   {product} {ergonomic}
    uintx GCDrainStackTargetSize                   = 64                                        {product} {ergonomic}
   size_t InitialHeapSize                          = 132120576                                 {product} {ergonomic}
   size_t MarkStackSize                            = 4194304                                   {product} {ergonomic}
   size_t MaxHeapSize                              = 2147483648                                {product} {command line}
   size_t MaxNewSize                               = 1287651328                                {product} {ergonomic}
   size_t MinHeapDeltaBytes                        = 1048576                                   {product} {ergonomic}
    uintx NonNMethodCodeHeapSize                   = 5836300                                {pd product} {ergonomic}
    uintx NonProfiledCodeHeapSize                  = 122910970                              {pd product} {ergonomic}
    uintx ProfiledCodeHeapSize                     = 122910970                              {pd product} {ergonomic}
    uintx ReservedCodeCacheSize                    = 251658240                              {pd product} {ergonomic}
     bool SegmentedCodeCache                       = true                                      {product} {ergonomic}
     bool UseCompressedClassPointers               = true                                 {lp64_product} {ergonomic}
     bool UseCompressedOops                        = true                                 {lp64_product} {ergonomic}
     bool UseG1GC                                  = true                                      {product} {ergonomic}
     bool UseLargePagesIndividualAllocation        = false                                  {pd product} {ergonomic}

Logging:
Log output configuration:
 #0: stdout all=warning uptime,level,tags
 #1: stderr all=off uptime,level,tags

Environment Variables:
JAVA_HOME=C:\Users\Julia\.jdks\jbr-11.0.13\bin
PATH=C:\Program Files\NVIDIA GPU Computing Toolkit\CUDA\v11.6\bin;C:\Program Files\NVIDIA GPU Computing Toolkit\CUDA\v11.6\libnvvp;C:\Program Files (x86)\Common Files\Oracle\Java\javapath;C:\Windows\system32;C:\Windows;C:\Windows\System32\Wbem;C:\Windows\System32\WindowsPowerShell\v1.0\;C:\Program Files\Git\cmd;C:\Program Files\MATLAB\R2016b\runtime\win64;C:\Program Files\MATLAB\R2016b\bin;C:\Program Files\MATLAB\R2016b\polyspace\bin;C:\Program Files\NVIDIA Corporation\Nsight Compute 2022.1.1\;C:\Program Files (x86)\NVIDIA Corporation\PhysX\Common;;C:\Program Files\Docker\Docker\resources\bin;C:\ProgramData\DockerDesktop\version-bin;C:\Users\Julia\AppData\Local\Microsoft\WindowsApps;C:\intelFPGA\16.1\modelsim_ase\win32aloem;C:\intelFPGA_lite\16.1\modelsim_ase\win32aloem;C:\Program Files\JetBrains\IntelliJ IDEA Community Edition 2021.3.1\bin;;C:\Program Files\JetBrains\PyCharm Community Edition 2021.3.2\bin;;C:\Users\Julia\AppData\Local\Programs\Microsoft VS Code\bin;C:\Program Files\JetBrains\CLion 2022.1.2\bin;;C:\Users\Julia\AppData\Local\Programs\Python\Python310;C:\Program Files\Graphviz\bin
USERNAME=Julia
OS=Windows_NT
PROCESSOR_IDENTIFIER=Intel64 Family 6 Model 142 Stepping 11, GenuineIntel



---------------  S Y S T E M  ---------------

OS: Windows 10 , 64 bit Build 17763 (10.0.17763.1339)
OS uptime: 0 days 1:04 hours

CPU:total 8 (initial active 8) (4 cores per cpu, 2 threads per core) family 6 model 142 stepping 11 microcode 0xb8, cmov, cx8, fxsr, mmx, sse, sse2, sse3, ssse3, sse4.1, sse4.2, popcnt, avx, avx2, aes, clmul, erms, 3dnowpref, lzcnt, ht, tsc, tscinvbit, bmi1, bmi2, adx, fma

Memory: 4k page, system-wide physical 8037M (119M free)
TotalPageFile size 10085M (AvailPageFile size 28M)
current process WorkingSet (physical memory assigned to process): 399M, peak: 400M
current process commit charge ("private bytes"): 455M, peak: 456M

vm_info: OpenJDK 64-Bit Server VM (11.0.11+9-b60-7590822) for windows-amd64 JRE (11.0.11+9-b60-7590822), built on Jul 29 2021 21:43:44 by "builder" with MS VC++ 14.0 (VS2015)

END.
