#
# There is insufficient memory for the Java Runtime Environment to continue.
# Native memory allocation (mmap) failed to map 70254592 bytes for Failed to commit area from 0x0000000097d00000 to 0x000000009c000000 of length 70254592.
# Possible reasons:
#   The system is out of physical RAM or swap space
#   The process is running with CompressedOops enabled, and the Java Heap may be blocking the growth of the native heap
# Possible solutions:
#   Reduce memory load on the system
#   Increase physical memory or swap space
#   Check if swap backing store is full
#   Decrease Java heap size (-Xmx/-Xms)
#   Decrease number of Java threads
#   Decrease Java thread stack sizes (-Xss)
#   Set larger code cache with -XX:ReservedCodeCacheSize=
#   JVM is running with Unscaled Compressed Oops mode in which the Java heap is
#     placed in the first 4GB address space. The Java Heap base address is the
#     maximum limit for the native heap growth. Please use -XX:HeapBaseMinAddress
#     to set the Java Heap base and to place the Java Heap above 4GB virtual address.
# This output file may be truncated or incomplete.
#
#  Out of Memory Error (./src/hotspot/os/windows/os_windows.cpp:3301), pid=12660, tid=7744
#
# JRE version: OpenJDK Runtime Environment (11.0.11+9) (build 11.0.11+9-b60-7590822)
# Java VM: OpenJDK 64-Bit Server VM (11.0.11+9-b60-7590822, mixed mode, tiered, compressed oops, g1 gc, windows-amd64)
# No core dump will be written. Minidumps are not enabled by default on client versions of Windows
#

---------------  S U M M A R Y ------------

Command Line: --add-opens=java.base/java.util=ALL-UNNAMED --add-opens=java.base/java.lang=ALL-UNNAMED --add-opens=java.base/java.lang.invoke=ALL-UNNAMED --add-opens=java.base/java.util=ALL-UNNAMED --add-opens=java.prefs/java.util.prefs=ALL-UNNAMED --add-opens=java.prefs/java.util.prefs=ALL-UNNAMED --add-opens=java.base/java.nio.charset=ALL-UNNAMED --add-opens=java.base/java.net=ALL-UNNAMED --add-opens=java.base/java.util.concurrent.atomic=ALL-UNNAMED -Xmx2048m -Dfile.encoding=UTF-8 -Duser.country=RU -Duser.language=ru -Duser.variant org.gradle.launcher.daemon.bootstrap.GradleDaemon 7.0.2

Host: Intel(R) Core(TM) i5-8265U CPU @ 1.60GHz, 8 cores, 7G,  Windows 10 , 64 bit Build 17763 (10.0.17763.1339)
Time: Sat Dec  3 18:22:11 2022 RTZ 2 (ceia) elapsed time: 21.298070 seconds (0d 0h 0m 21s)

---------------  T H R E A D  ---------------

Current thread (0x000002023f0c5000):  VMThread "VM Thread" [stack: 0x0000005313600000,0x0000005313700000] [id=7744]

Stack: [0x0000005313600000,0x0000005313700000]
[error occurred during error reporting (printing stack bounds), id 0xc0000005, EXCEPTION_ACCESS_VIOLATION (0xc0000005) at pc=0x0000020227710f2d]

Native frames: (J=compiled Java code, j=interpreted, Vv=VM code, C=native code)
V  [jvm.dll+0x5f214a]
V  [jvm.dll+0x726fb5]
V  [jvm.dll+0x7285cd]
V  [jvm.dll+0x728be5]
V  [jvm.dll+0x728b9b]
V  [jvm.dll+0x5f14e8]
V  [jvm.dll+0x5f1c78]
C  [ntdll.dll+0xa479f]
C  [ntdll.dll+0x4bef]
C  [ntdll.dll+0xa350e]
C  0x0000020227710f2d

VM_Operation (0x00000053165fa780): G1CollectForAllocation, mode: safepoint, requested by thread 0x0000020243768800


---------------  P R O C E S S  ---------------

Threads class SMR info:
_java_thread_list=0x000002024017b400, length=61, elements={
0x0000020223c18000, 0x000002023f0ca000, 0x000002023f0cb000, 0x000002023f0e3000,
0x000002023f0e4000, 0x000002023f0e5800, 0x000002023f12c800, 0x000002023f133800,
0x000002023f170000, 0x000002023f2ba800, 0x00000202411a1800, 0x0000020240a65800,
0x0000020240942800, 0x000002024048e800, 0x0000020240a9d000, 0x00000202413c5800,
0x000002024136d000, 0x0000020241429800, 0x0000020241203800, 0x0000020241497800,
0x0000020241496000, 0x0000020241494800, 0x0000020241498800, 0x0000020241495000,
0x000002024149a000, 0x0000020241496800, 0x0000020241499000, 0x000002024149b000,
0x000002024375f000, 0x0000020243763000, 0x0000020243765800, 0x0000020243760800,
0x000002024375f800, 0x0000020243766000, 0x0000020243767000, 0x0000020243761000,
0x0000020243769800, 0x0000020243768000, 0x0000020243768800, 0x0000020243763800,
0x000002024376c000, 0x000002024376a000, 0x000002024376c800, 0x000002024376b000,
0x0000020245495000, 0x0000020245499000, 0x0000020245498000, 0x000002024549a000,
0x0000020245496000, 0x0000020245494000, 0x000002024549b800, 0x0000020245497800,
0x000002024549c800, 0x0000020245496800, 0x00000202454a3000, 0x000002024549f000,
0x00000202454a0800, 0x000002024549d000, 0x000002024549e000, 0x000002024549f800,
0x00000202454a1000
}

Java Threads: ( => current thread )
  0x0000020223c18000 JavaThread "main" [_thread_blocked, id=2636, stack(0x0000005313000000,0x0000005313100000)]
  0x000002023f0ca000 JavaThread "Reference Handler" daemon [_thread_blocked, id=372, stack(0x0000005313700000,0x0000005313800000)]
  0x000002023f0cb000 JavaThread "Finalizer" daemon [_thread_blocked, id=11620, stack(0x0000005313800000,0x0000005313900000)]
  0x000002023f0e3000 JavaThread "Signal Dispatcher" daemon [_thread_blocked, id=12648, stack(0x0000005313900000,0x0000005313a00000)]
  0x000002023f0e4000 JavaThread "Attach Listener" daemon [_thread_blocked, id=4224, stack(0x0000005313a00000,0x0000005313b00000)]
  0x000002023f0e5800 JavaThread "Service Thread" daemon [_thread_blocked, id=1368, stack(0x0000005313b00000,0x0000005313c00000)]
  0x000002023f12c800 JavaThread "C2 CompilerThread0" daemon [_thread_blocked, id=3128, stack(0x0000005313c00000,0x0000005313d00000)]
  0x000002023f133800 JavaThread "C1 CompilerThread0" daemon [_thread_blocked, id=7660, stack(0x0000005313d00000,0x0000005313e00000)]
  0x000002023f170000 JavaThread "Sweeper thread" daemon [_thread_blocked, id=7320, stack(0x0000005313e00000,0x0000005313f00000)]
  0x000002023f2ba800 JavaThread "Common-Cleaner" daemon [_thread_blocked, id=1916, stack(0x0000005313f00000,0x0000005314000000)]
  0x00000202411a1800 JavaThread "Daemon health stats" [_thread_blocked, id=11320, stack(0x0000005314300000,0x0000005314400000)]
  0x0000020240a65800 JavaThread "Incoming local TCP Connector on port 50734" [_thread_in_native, id=10128, stack(0x0000005314400000,0x0000005314500000)]
  0x0000020240942800 JavaThread "Daemon periodic checks" [_thread_blocked, id=9744, stack(0x0000005314500000,0x0000005314600000)]
  0x000002024048e800 JavaThread "Daemon" [_thread_blocked, id=224, stack(0x0000005314600000,0x0000005314700000)]
  0x0000020240a9d000 JavaThread "Handler for socket connection from /127.0.0.1:50734 to /127.0.0.1:50735" [_thread_in_native, id=8164, stack(0x0000005314700000,0x0000005314800000)]
  0x00000202413c5800 JavaThread "Cancel handler" [_thread_blocked, id=6768, stack(0x0000005314800000,0x0000005314900000)]
  0x000002024136d000 JavaThread "Daemon worker" [_thread_blocked, id=11700, stack(0x0000005314900000,0x0000005314a00000)]
  0x0000020241429800 JavaThread "Asynchronous log dispatcher for DefaultDaemonConnection: socket connection from /127.0.0.1:50734 to /127.0.0.1:50735" [_thread_blocked, id=10520, stack(0x0000005314a00000,0x0000005314b00000)]
  0x0000020241203800 JavaThread "Stdin handler" [_thread_blocked, id=7872, stack(0x0000005314b00000,0x0000005314c00000)]
  0x0000020241497800 JavaThread "Daemon client event forwarder" [_thread_blocked, id=9404, stack(0x0000005314c00000,0x0000005314d00000)]
  0x0000020241496000 JavaThread "Cache worker for file hash cache (C:\Users\Julia\.gradle\caches\7.0.2\fileHashes)" [_thread_blocked, id=11412, stack(0x0000005315200000,0x0000005315300000)]
  0x0000020241494800 JavaThread "File lock request listener" [_thread_in_native, id=9944, stack(0x0000005315300000,0x0000005315400000)]
  0x0000020241498800 JavaThread "Cache worker for journal cache (C:\Users\Julia\.gradle\caches\journal-1)" [_thread_blocked, id=3352, stack(0x0000005315500000,0x0000005315600000)]
  0x0000020241495000 JavaThread "Cache worker for file hash cache (C:\Users\Julia\AndroidStudioProjects\labs3_4_6\androidlab3_4\.gradle\7.0.2\fileHashes)" [_thread_blocked, id=8088, stack(0x0000005315600000,0x0000005315700000)]
  0x000002024149a000 JavaThread "File watcher server" daemon [_thread_blocked, id=11792, stack(0x0000005315700000,0x0000005315800000)]
  0x0000020241496800 JavaThread "File watcher consumer" daemon [_thread_blocked, id=10416, stack(0x0000005315800000,0x0000005315900000)]
  0x0000020241499000 JavaThread "Cache worker for checksums cache (C:\Users\Julia\AndroidStudioProjects\labs3_4_6\androidlab3_4\.gradle\checksums)" [_thread_blocked, id=10496, stack(0x0000005315900000,0x0000005315a00000)]
  0x000002024149b000 JavaThread "Cache worker for cache directory md-supplier (C:\Users\Julia\.gradle\caches\7.0.2\md-supplier)" [_thread_blocked, id=12204, stack(0x0000005315a00000,0x0000005315b00000)]
  0x000002024375f000 JavaThread "Cache worker for cache directory md-rule (C:\Users\Julia\.gradle\caches\7.0.2\md-rule)" [_thread_blocked, id=10532, stack(0x0000005315b00000,0x0000005315c00000)]
  0x0000020243763000 JavaThread "Cache worker for execution history cache (C:\Users\Julia\.gradle\caches\7.0.2\executionHistory)" [_thread_blocked, id=11696, stack(0x0000005315c00000,0x0000005315d00000)]
  0x0000020243765800 JavaThread "jar transforms" [_thread_blocked, id=12396, stack(0x0000005315d00000,0x0000005315e00000)]
  0x0000020243760800 JavaThread "jar transforms Thread 2" [_thread_blocked, id=1424, stack(0x0000005315e00000,0x0000005315f00000)]
  0x000002024375f800 JavaThread "Cache worker for file content cache (C:\Users\Julia\.gradle\caches\7.0.2\fileContent)" [_thread_blocked, id=2352, stack(0x0000005315f00000,0x0000005316000000)]
  0x0000020243766000 JavaThread "Cache worker for dependencies-accessors (C:\Users\Julia\AndroidStudioProjects\labs3_4_6\androidlab3_4\.gradle\7.0.2\dependencies-accessors)" [_thread_blocked, id=5608, stack(0x0000005316000000,0x0000005316100000)]
  0x0000020243767000 JavaThread "jar transforms Thread 3" [_thread_blocked, id=9884, stack(0x0000005316100000,0x0000005316200000)]
  0x0000020243761000 JavaThread "Cache worker for Build Output Cleanup Cache (C:\Users\Julia\AndroidStudioProjects\labs3_4_6\androidlab3_4\.gradle\buildOutputCleanup)" [_thread_blocked, id=2660, stack(0x0000005316200000,0x0000005316300000)]
  0x0000020243769800 JavaThread "Build operations" [_thread_blocked, id=1404, stack(0x0000005316300000,0x0000005316400000)]
  0x0000020243768000 JavaThread "Build operations Thread 2" [_thread_blocked, id=3164, stack(0x0000005316400000,0x0000005316500000)]
  0x0000020243768800 JavaThread "Build operations Thread 3" [_thread_blocked, id=6332, stack(0x0000005316500000,0x0000005316600000)]
  0x0000020243763800 JavaThread "Build operations Thread 4" [_thread_blocked, id=9180, stack(0x0000005316600000,0x0000005316700000)]
  0x000002024376c000 JavaThread "Build operations Thread 5" [_thread_blocked, id=8504, stack(0x0000005316700000,0x0000005316800000)]
  0x000002024376a000 JavaThread "Build operations Thread 6" [_thread_blocked, id=2720, stack(0x0000005316800000,0x0000005316900000)]
  0x000002024376c800 JavaThread "Build operations Thread 7" [_thread_blocked, id=8276, stack(0x0000005316900000,0x0000005316a00000)]
  0x000002024376b000 JavaThread "Build operations Thread 8" [_thread_blocked, id=9636, stack(0x0000005316a00000,0x0000005316b00000)]
  0x0000020245495000 JavaThread "jar transforms Thread 4" [_thread_blocked, id=12620, stack(0x0000005316b00000,0x0000005316c00000)]
  0x0000020245499000 JavaThread "jar transforms Thread 5" [_thread_blocked, id=8584, stack(0x0000005316c00000,0x0000005316d00000)]
  0x0000020245498000 JavaThread "jar transforms Thread 6" [_thread_blocked, id=5216, stack(0x0000005316d00000,0x0000005316e00000)]
  0x000002024549a000 JavaThread "jar transforms Thread 7" [_thread_blocked, id=13088, stack(0x0000005316e00000,0x0000005316f00000)]
  0x0000020245496000 JavaThread "jar transforms Thread 8" [_thread_blocked, id=4008, stack(0x0000005316f00000,0x0000005317000000)]
  0x0000020245494000 JavaThread "Memory manager" [_thread_blocked, id=9960, stack(0x0000005317000000,0x0000005317100000)]
  0x000002024549b800 JavaThread "build event listener" [_thread_blocked, id=7088, stack(0x0000005317100000,0x0000005317200000)]
  0x0000020245497800 JavaThread "pool-3-thread-1" [_thread_blocked, id=12388, stack(0x0000005317200000,0x0000005317300000)]
  0x000002024549c800 JavaThread "build event listener" [_thread_blocked, id=10868, stack(0x0000005317300000,0x0000005317400000)]
  0x0000020245496800 JavaThread "Execution worker for ':'" [_thread_blocked, id=9748, stack(0x0000005317400000,0x0000005317500000)]
  0x00000202454a3000 JavaThread "Execution worker for ':' Thread 2" [_thread_blocked, id=12000, stack(0x0000005317500000,0x0000005317600000)]
  0x000002024549f000 JavaThread "Execution worker for ':' Thread 3" [_thread_blocked, id=7840, stack(0x0000005317600000,0x0000005317700000)]
  0x00000202454a0800 JavaThread "Execution worker for ':' Thread 4" [_thread_blocked, id=11228, stack(0x0000005317700000,0x0000005317800000)]
  0x000002024549d000 JavaThread "Execution worker for ':' Thread 5" [_thread_blocked, id=4992, stack(0x0000005317800000,0x0000005317900000)]
  0x000002024549e000 JavaThread "Execution worker for ':' Thread 6" [_thread_blocked, id=9972, stack(0x0000005317900000,0x0000005317a00000)]
  0x000002024549f800 JavaThread "Execution worker for ':' Thread 7" [_thread_blocked, id=7780, stack(0x0000005317a00000,0x0000005317b00000)]
  0x00000202454a1000 JavaThread "Cache worker for execution history cache (C:\Users\Julia\AndroidStudioProjects\labs3_4_6\androidlab3_4\.gradle\7.0.2\executionHistory)" [_thread_blocked, id=1316, stack(0x0000005317b00000,0x0000005317c00000)]

Other Threads:
=>0x000002023f0c5000 VMThread "VM Thread" [stack: 0x0000005313600000,0x0000005313700000] [id=7744]
  0x000002023f2e3800 WatcherThread [stack: 0x0000005314000000,0x0000005314100000] [id=7716]
  0x0000020223c2f000 GCTaskThread "GC Thread#0" [stack: 0x0000005313100000,0x0000005313200000] [id=12840]
  0x000002023fd0e800 GCTaskThread "GC Thread#1" [stack: 0x0000005314100000,0x0000005314200000] [id=4948]
  0x000002023fd07800 GCTaskThread "GC Thread#2" [stack: 0x0000005314200000,0x0000005314300000] [id=12308]
  0x0000020241376000 GCTaskThread "GC Thread#3" [stack: 0x0000005314d00000,0x0000005314e00000] [id=3796]
  0x0000020241415800 GCTaskThread "GC Thread#4" [stack: 0x0000005314e00000,0x0000005314f00000] [id=2500]
  0x000002024141f800 GCTaskThread "GC Thread#5" [stack: 0x0000005314f00000,0x0000005315000000] [id=11224]
  0x00000202414c8800 GCTaskThread "GC Thread#6" [stack: 0x0000005315000000,0x0000005315100000] [id=5412]
  0x00000202414c9800 GCTaskThread "GC Thread#7" [stack: 0x0000005315100000,0x0000005315200000] [id=11692]
  0x0000020223c5f800 ConcurrentGCThread "G1 Main Marker" [stack: 0x0000005313200000,0x0000005313300000] [id=9876]
  0x0000020223c61000 ConcurrentGCThread "G1 Conc#0" [stack: 0x0000005313300000,0x0000005313400000] [id=9796]
  0x000002024172f800 ConcurrentGCThread "G1 Conc#1" [stack: 0x0000005315400000,0x0000005315500000] [id=5716]
  0x000002023e707800 ConcurrentGCThread "G1 Refine#0" [stack: 0x0000005313400000,0x0000005313500000] [id=1152]
  0x000002023e708800 ConcurrentGCThread "G1 Young RemSet Sampling" [stack: 0x0000005313500000,0x0000005313600000] [id=12548]

Threads with active compile tasks:
C2 CompilerThread0  21336 15183       4       com.android.tools.r8.internal.Le::a (1137 bytes)
C1 CompilerThread0  21336 15341       2       com.android.tools.r8.dex.b$$Lambda$1568/0x0000000100b43440::get$Lambda (9 bytes)

VM state:at safepoint (normal execution)

VM Mutex/Monitor currently owned by a thread:  ([mutex/lock_event])
[0x0000020223c13210] Threads_lock - owner thread: 0x000002023f0c5000
[0x0000020223c12c70] Heap_lock - owner thread: 0x0000020243768800

Heap address: 0x0000000080000000, size: 2048 MB, Compressed Oops mode: 32-bit
Narrow klass base: 0x0000000000000000, Narrow klass shift: 3
Compressed class space size: 1073741824 Address: 0x0000000100000000

Heap:
 garbage-first heap   total 458752K, used 140277K [0x0000000080000000, 0x0000000100000000)
  region size 1024K, 16 young (16384K), 16 survivors (16384K)
 Metaspace       used 105397K, capacity 107985K, committed 108236K, reserved 1142784K
  class space    used 13546K, capacity 14537K, committed 14540K, reserved 1048576K
Heap Regions: E=young(eden), S=young(survivor), O=old, HS=humongous(starts), HC=humongous(continues), CS=collection set, F=free, A=archive, TAMS=top-at-mark-start (previous, next)
|   0|0x0000000080000000, 0x0000000080100000, 0x0000000080100000|100%| O|  |TAMS 0x0000000080100000, 0x0000000080000000| Untracked 
|   1|0x0000000080100000, 0x0000000080200000, 0x0000000080200000|100%| O|  |TAMS 0x0000000080200000, 0x0000000080100000| Untracked 
|   2|0x0000000080200000, 0x0000000080300000, 0x0000000080300000|100%| O|  |TAMS 0x0000000080300000, 0x0000000080200000| Untracked 
|   3|0x0000000080300000, 0x0000000080400000, 0x0000000080400000|100%|HS|  |TAMS 0x0000000080400000, 0x0000000080300000| Complete 
|   4|0x0000000080400000, 0x0000000080500000, 0x0000000080500000|100%|HC|  |TAMS 0x0000000080500000, 0x0000000080400000| Complete 
|   5|0x0000000080500000, 0x0000000080600000, 0x0000000080600000|100%|HC|  |TAMS 0x0000000080600000, 0x0000000080500000| Complete 
|   6|0x0000000080600000, 0x0000000080700000, 0x0000000080700000|100%| O|  |TAMS 0x0000000080700000, 0x0000000080600000| Untracked 
|   7|0x0000000080700000, 0x0000000080800000, 0x0000000080800000|100%| O|  |TAMS 0x0000000080800000, 0x0000000080700000| Untracked 
|   8|0x0000000080800000, 0x0000000080900000, 0x0000000080900000|100%| O|  |TAMS 0x0000000080900000, 0x0000000080800000| Untracked 
|   9|0x0000000080900000, 0x0000000080a00000, 0x0000000080a00000|100%| O|  |TAMS 0x0000000080a00000, 0x0000000080900000| Untracked 
|  10|0x0000000080a00000, 0x0000000080b00000, 0x0000000080b00000|100%| O|  |TAMS 0x0000000080b00000, 0x0000000080a00000| Untracked 
|  11|0x0000000080b00000, 0x0000000080c00000, 0x0000000080c00000|100%| O|  |TAMS 0x0000000080c00000, 0x0000000080b00000| Untracked 
|  12|0x0000000080c00000, 0x0000000080d00000, 0x0000000080d00000|100%| O|  |TAMS 0x0000000080d00000, 0x0000000080c00000| Untracked 
|  13|0x0000000080d00000, 0x0000000080e00000, 0x0000000080e00000|100%| O|  |TAMS 0x0000000080e00000, 0x0000000080d00000| Untracked 
|  14|0x0000000080e00000, 0x0000000080f00000, 0x0000000080f00000|100%| O|  |TAMS 0x0000000080f00000, 0x0000000080e00000| Untracked 
|  15|0x0000000080f00000, 0x0000000081000000, 0x0000000081000000|100%| O|  |TAMS 0x0000000081000000, 0x0000000080f00000| Untracked 
|  16|0x0000000081000000, 0x0000000081100000, 0x0000000081100000|100%| O|  |TAMS 0x0000000081100000, 0x0000000081000000| Untracked 
|  17|0x0000000081100000, 0x0000000081200000, 0x0000000081200000|100%|HS|  |TAMS 0x0000000081200000, 0x0000000081100000| Complete 
|  18|0x0000000081200000, 0x0000000081300000, 0x0000000081300000|100%| O|  |TAMS 0x0000000081300000, 0x0000000081200000| Untracked 
|  19|0x0000000081300000, 0x0000000081400000, 0x0000000081400000|100%| O|  |TAMS 0x0000000081400000, 0x0000000081300000| Untracked 
|  20|0x0000000081400000, 0x0000000081500000, 0x0000000081500000|100%| O|  |TAMS 0x0000000081500000, 0x0000000081400000| Untracked 
|  21|0x0000000081500000, 0x0000000081600000, 0x0000000081600000|100%| O|  |TAMS 0x0000000081600000, 0x0000000081500000| Untracked 
|  22|0x0000000081600000, 0x0000000081700000, 0x0000000081700000|100%| O|  |TAMS 0x0000000081700000, 0x0000000081600000| Untracked 
|  23|0x0000000081700000, 0x0000000081800000, 0x0000000081800000|100%| O|  |TAMS 0x0000000081800000, 0x0000000081700000| Untracked 
|  24|0x0000000081800000, 0x0000000081900000, 0x0000000081900000|100%| O|  |TAMS 0x0000000081900000, 0x0000000081800000| Untracked 
|  25|0x0000000081900000, 0x0000000081a00000, 0x0000000081a00000|100%| O|  |TAMS 0x0000000081a00000, 0x0000000081900000| Untracked 
|  26|0x0000000081a00000, 0x0000000081b00000, 0x0000000081b00000|100%| O|  |TAMS 0x0000000081b00000, 0x0000000081a00000| Untracked 
|  27|0x0000000081b00000, 0x0000000081c00000, 0x0000000081c00000|100%| O|  |TAMS 0x0000000081c00000, 0x0000000081b00000| Untracked 
|  28|0x0000000081c00000, 0x0000000081d00000, 0x0000000081d00000|100%|HS|  |TAMS 0x0000000081d00000, 0x0000000081c00000| Complete 
|  29|0x0000000081d00000, 0x0000000081e00000, 0x0000000081e00000|100%|HS|  |TAMS 0x0000000081e00000, 0x0000000081d00000| Complete 
|  30|0x0000000081e00000, 0x0000000081f00000, 0x0000000081f00000|100%|HS|  |TAMS 0x0000000081f00000, 0x0000000081e00000| Complete 
|  31|0x0000000081f00000, 0x0000000082000000, 0x0000000082000000|100%|HC|  |TAMS 0x0000000082000000, 0x0000000081f00000| Complete 
|  32|0x0000000082000000, 0x0000000082100000, 0x0000000082100000|100%|HC|  |TAMS 0x0000000082100000, 0x0000000082000000| Complete 
|  33|0x0000000082100000, 0x0000000082200000, 0x0000000082200000|100%|HS|  |TAMS 0x0000000082200000, 0x0000000082100000| Complete 
|  34|0x0000000082200000, 0x0000000082300000, 0x0000000082300000|100%|HC|  |TAMS 0x0000000082300000, 0x0000000082200000| Complete 
|  35|0x0000000082300000, 0x0000000082400000, 0x0000000082400000|100%| O|  |TAMS 0x0000000082400000, 0x0000000082300000| Untracked 
|  36|0x0000000082400000, 0x0000000082500000, 0x0000000082500000|100%| O|  |TAMS 0x0000000082500000, 0x0000000082400000| Untracked 
|  37|0x0000000082500000, 0x0000000082600000, 0x0000000082600000|100%| O|  |TAMS 0x0000000082600000, 0x0000000082500000| Untracked 
|  38|0x0000000082600000, 0x0000000082700000, 0x0000000082700000|100%| O|  |TAMS 0x0000000082700000, 0x0000000082600000| Untracked 
|  39|0x0000000082700000, 0x0000000082800000, 0x0000000082800000|100%| O|  |TAMS 0x0000000082800000, 0x0000000082700000| Untracked 
|  40|0x0000000082800000, 0x0000000082900000, 0x0000000082900000|100%| O|  |TAMS 0x0000000082900000, 0x0000000082800000| Untracked 
|  41|0x0000000082900000, 0x0000000082a00000, 0x0000000082a00000|100%| O|  |TAMS 0x0000000082a00000, 0x0000000082900000| Untracked 
|  42|0x0000000082a00000, 0x0000000082b00000, 0x0000000082b00000|100%| O|  |TAMS 0x0000000082b00000, 0x0000000082a00000| Untracked 
|  43|0x0000000082b00000, 0x0000000082c00000, 0x0000000082c00000|100%| O|  |TAMS 0x0000000082c00000, 0x0000000082b00000| Untracked 
|  44|0x0000000082c00000, 0x0000000082d00000, 0x0000000082d00000|100%| O|  |TAMS 0x0000000082d00000, 0x0000000082c00000| Untracked 
|  45|0x0000000082d00000, 0x0000000082e00000, 0x0000000082e00000|100%| O|  |TAMS 0x0000000082e00000, 0x0000000082d00000| Untracked 
|  46|0x0000000082e00000, 0x0000000082f00000, 0x0000000082f00000|100%| O|  |TAMS 0x0000000082f00000, 0x0000000082e00000| Untracked 
|  47|0x0000000082f00000, 0x0000000083000000, 0x0000000083000000|100%| O|  |TAMS 0x0000000083000000, 0x0000000082f00000| Untracked 
|  48|0x0000000083000000, 0x0000000083100000, 0x0000000083100000|100%| O|  |TAMS 0x0000000083100000, 0x0000000083000000| Untracked 
|  49|0x0000000083100000, 0x0000000083200000, 0x0000000083200000|100%| O|  |TAMS 0x0000000083200000, 0x0000000083100000| Untracked 
|  50|0x0000000083200000, 0x0000000083300000, 0x0000000083300000|100%| O|  |TAMS 0x0000000083300000, 0x0000000083200000| Untracked 
|  51|0x0000000083300000, 0x0000000083400000, 0x0000000083400000|100%| O|  |TAMS 0x0000000083400000, 0x0000000083300000| Untracked 
|  52|0x0000000083400000, 0x0000000083500000, 0x0000000083500000|100%| O|  |TAMS 0x0000000083500000, 0x0000000083400000| Untracked 
|  53|0x0000000083500000, 0x0000000083600000, 0x0000000083600000|100%| O|  |TAMS 0x0000000083600000, 0x0000000083500000| Untracked 
|  54|0x0000000083600000, 0x0000000083700000, 0x0000000083700000|100%| O|  |TAMS 0x0000000083700000, 0x0000000083600000| Untracked 
|  55|0x0000000083700000, 0x0000000083800000, 0x0000000083800000|100%| O|  |TAMS 0x0000000083800000, 0x0000000083700000| Untracked 
|  56|0x0000000083800000, 0x0000000083900000, 0x0000000083900000|100%| O|  |TAMS 0x0000000083900000, 0x0000000083800000| Untracked 
|  57|0x0000000083900000, 0x0000000083a00000, 0x0000000083a00000|100%| O|  |TAMS 0x0000000083a00000, 0x0000000083900000| Untracked 
|  58|0x0000000083a00000, 0x0000000083b00000, 0x0000000083b00000|100%| O|  |TAMS 0x0000000083b00000, 0x0000000083a00000| Untracked 
|  59|0x0000000083b00000, 0x0000000083c00000, 0x0000000083c00000|100%| O|  |TAMS 0x0000000083c00000, 0x0000000083b00000| Untracked 
|  60|0x0000000083c00000, 0x0000000083d00000, 0x0000000083d00000|100%| O|  |TAMS 0x0000000083d00000, 0x0000000083c00000| Untracked 
|  61|0x0000000083d00000, 0x0000000083e00000, 0x0000000083e00000|100%| O|  |TAMS 0x0000000083e00000, 0x0000000083d00000| Untracked 
|  62|0x0000000083e00000, 0x0000000083f00000, 0x0000000083f00000|100%| O|  |TAMS 0x0000000083f00000, 0x0000000083e00000| Untracked 
|  63|0x0000000083f00000, 0x0000000084000000, 0x0000000084000000|100%| O|  |TAMS 0x0000000084000000, 0x0000000083f00000| Untracked 
|  64|0x0000000084000000, 0x0000000084100000, 0x0000000084100000|100%| O|  |TAMS 0x0000000084100000, 0x0000000084000000| Untracked 
|  65|0x0000000084100000, 0x0000000084200000, 0x0000000084200000|100%| O|  |TAMS 0x0000000084200000, 0x0000000084100000| Untracked 
|  66|0x0000000084200000, 0x0000000084300000, 0x0000000084300000|100%| O|  |TAMS 0x0000000084300000, 0x0000000084200000| Untracked 
|  67|0x0000000084300000, 0x0000000084400000, 0x0000000084400000|100%| O|  |TAMS 0x0000000084400000, 0x0000000084300000| Untracked 
|  68|0x0000000084400000, 0x0000000084500000, 0x0000000084500000|100%| O|  |TAMS 0x0000000084500000, 0x0000000084400000| Untracked 
|  69|0x0000000084500000, 0x0000000084600000, 0x0000000084600000|100%| O|  |TAMS 0x0000000084600000, 0x0000000084500000| Untracked 
|  70|0x0000000084600000, 0x0000000084700000, 0x0000000084700000|100%| O|  |TAMS 0x0000000084700000, 0x0000000084600000| Untracked 
|  71|0x0000000084700000, 0x0000000084800000, 0x0000000084800000|100%| O|  |TAMS 0x0000000084800000, 0x0000000084700000| Untracked 
|  72|0x0000000084800000, 0x0000000084900000, 0x0000000084900000|100%| O|  |TAMS 0x0000000084900000, 0x0000000084800000| Untracked 
|  73|0x0000000084900000, 0x0000000084a00000, 0x0000000084a00000|100%| O|  |TAMS 0x0000000084a00000, 0x0000000084900000| Untracked 
|  74|0x0000000084a00000, 0x0000000084b00000, 0x0000000084b00000|100%| O|  |TAMS 0x0000000084b00000, 0x0000000084a00000| Untracked 
|  75|0x0000000084b00000, 0x0000000084c00000, 0x0000000084c00000|100%| O|  |TAMS 0x0000000084c00000, 0x0000000084b00000| Untracked 
|  76|0x0000000084c00000, 0x0000000084d00000, 0x0000000084d00000|100%| O|  |TAMS 0x0000000084d00000, 0x0000000084c00000| Untracked 
|  77|0x0000000084d00000, 0x0000000084e00000, 0x0000000084e00000|100%| O|  |TAMS 0x0000000084e00000, 0x0000000084d00000| Untracked 
|  78|0x0000000084e00000, 0x0000000084f00000, 0x0000000084f00000|100%| O|  |TAMS 0x0000000084f00000, 0x0000000084e00000| Untracked 
|  79|0x0000000084f00000, 0x0000000085000000, 0x0000000085000000|100%| O|  |TAMS 0x0000000085000000, 0x0000000084f00000| Untracked 
|  80|0x0000000085000000, 0x0000000085100000, 0x0000000085100000|100%| O|  |TAMS 0x0000000085100000, 0x0000000085000000| Untracked 
|  81|0x0000000085100000, 0x0000000085200000, 0x0000000085200000|100%| O|  |TAMS 0x0000000085200000, 0x0000000085100000| Untracked 
|  82|0x0000000085200000, 0x0000000085300000, 0x0000000085300000|100%| O|  |TAMS 0x0000000085300000, 0x0000000085200000| Untracked 
|  83|0x0000000085300000, 0x0000000085400000, 0x0000000085400000|100%| O|  |TAMS 0x0000000085400000, 0x0000000085300000| Untracked 
|  84|0x0000000085400000, 0x0000000085500000, 0x0000000085500000|100%| O|  |TAMS 0x0000000085500000, 0x0000000085400000| Untracked 
|  85|0x0000000085500000, 0x0000000085600000, 0x0000000085600000|100%| O|  |TAMS 0x0000000085600000, 0x0000000085500000| Untracked 
|  86|0x0000000085600000, 0x0000000085700000, 0x0000000085700000|100%| O|  |TAMS 0x0000000085700000, 0x0000000085600000| Untracked 
|  87|0x0000000085700000, 0x0000000085800000, 0x0000000085800000|100%| O|  |TAMS 0x0000000085800000, 0x0000000085700000| Untracked 
|  88|0x0000000085800000, 0x0000000085900000, 0x0000000085900000|100%| O|  |TAMS 0x0000000085900000, 0x0000000085800000| Untracked 
|  89|0x0000000085900000, 0x0000000085a00000, 0x0000000085a00000|100%| O|  |TAMS 0x0000000085a00000, 0x0000000085900000| Untracked 
|  90|0x0000000085a00000, 0x0000000085b00000, 0x0000000085b00000|100%| O|  |TAMS 0x0000000085b00000, 0x0000000085a00000| Untracked 
|  91|0x0000000085b00000, 0x0000000085c00000, 0x0000000085c00000|100%| O|  |TAMS 0x0000000085c00000, 0x0000000085b00000| Untracked 
|  92|0x0000000085c00000, 0x0000000085d00000, 0x0000000085d00000|100%| O|  |TAMS 0x0000000085d00000, 0x0000000085c00000| Untracked 
|  93|0x0000000085d00000, 0x0000000085e00000, 0x0000000085e00000|100%| O|  |TAMS 0x0000000085e00000, 0x0000000085d00000| Untracked 
|  94|0x0000000085e00000, 0x0000000085f00000, 0x0000000085f00000|100%| O|  |TAMS 0x0000000085f00000, 0x0000000085e00000| Untracked 
|  95|0x0000000085f00000, 0x0000000086000000, 0x0000000086000000|100%| O|  |TAMS 0x0000000086000000, 0x0000000085f00000| Untracked 
|  96|0x0000000086000000, 0x0000000086100000, 0x0000000086100000|100%| O|  |TAMS 0x0000000086100000, 0x0000000086000000| Untracked 
|  97|0x0000000086100000, 0x0000000086200000, 0x0000000086200000|100%| O|  |TAMS 0x0000000086200000, 0x0000000086100000| Untracked 
|  98|0x0000000086200000, 0x0000000086300000, 0x0000000086300000|100%| O|  |TAMS 0x0000000086300000, 0x0000000086200000| Untracked 
|  99|0x0000000086300000, 0x0000000086400000, 0x0000000086400000|100%| O|  |TAMS 0x0000000086400000, 0x0000000086300000| Untracked 
| 100|0x0000000086400000, 0x0000000086500000, 0x0000000086500000|100%| O|  |TAMS 0x0000000086500000, 0x0000000086400000| Untracked 
| 101|0x0000000086500000, 0x0000000086600000, 0x0000000086600000|100%| O|  |TAMS 0x0000000086600000, 0x0000000086500000| Untracked 
| 102|0x0000000086600000, 0x0000000086700000, 0x0000000086700000|100%| O|  |TAMS 0x0000000086700000, 0x0000000086600000| Untracked 
| 103|0x0000000086700000, 0x0000000086800000, 0x0000000086800000|100%| O|  |TAMS 0x0000000086800000, 0x0000000086700000| Untracked 
| 104|0x0000000086800000, 0x0000000086900000, 0x0000000086900000|100%| O|  |TAMS 0x0000000086900000, 0x0000000086800000| Untracked 
| 105|0x0000000086900000, 0x0000000086a00000, 0x0000000086a00000|100%| O|  |TAMS 0x0000000086a00000, 0x0000000086900000| Untracked 
| 106|0x0000000086a00000, 0x0000000086b00000, 0x0000000086b00000|100%| O|  |TAMS 0x0000000086b00000, 0x0000000086a00000| Untracked 
| 107|0x0000000086b00000, 0x0000000086c00000, 0x0000000086c00000|100%| O|  |TAMS 0x0000000086c00000, 0x0000000086b00000| Untracked 
| 108|0x0000000086c00000, 0x0000000086d00000, 0x0000000086d00000|100%| O|  |TAMS 0x0000000086d00000, 0x0000000086c00000| Untracked 
| 109|0x0000000086d00000, 0x0000000086e00000, 0x0000000086e00000|100%| O|  |TAMS 0x0000000086e00000, 0x0000000086d00000| Untracked 
| 110|0x0000000086e00000, 0x0000000086f00000, 0x0000000086f00000|100%| O|  |TAMS 0x0000000086f00000, 0x0000000086e00000| Untracked 
| 111|0x0000000086f00000, 0x0000000087000000, 0x0000000087000000|100%| O|  |TAMS 0x0000000087000000, 0x0000000086f00000| Untracked 
| 112|0x0000000087000000, 0x0000000087100000, 0x0000000087100000|100%| O|  |TAMS 0x0000000087100000, 0x0000000087000000| Untracked 
| 113|0x0000000087100000, 0x0000000087200000, 0x0000000087200000|100%| O|  |TAMS 0x0000000087200000, 0x0000000087100000| Untracked 
| 114|0x0000000087200000, 0x0000000087300000, 0x0000000087300000|100%| O|  |TAMS 0x0000000087300000, 0x0000000087200000| Untracked 
| 115|0x0000000087300000, 0x0000000087400000, 0x0000000087400000|100%| O|  |TAMS 0x0000000087400000, 0x0000000087300000| Untracked 
| 116|0x0000000087400000, 0x0000000087500000, 0x0000000087500000|100%| O|  |TAMS 0x0000000087500000, 0x0000000087400000| Untracked 
| 117|0x0000000087500000, 0x0000000087600000, 0x0000000087600000|100%| O|  |TAMS 0x0000000087600000, 0x0000000087500000| Untracked 
| 118|0x0000000087600000, 0x0000000087700000, 0x0000000087700000|100%| O|  |TAMS 0x0000000087700000, 0x0000000087600000| Untracked 
| 119|0x0000000087700000, 0x0000000087800000, 0x0000000087800000|100%| O|  |TAMS 0x00000000877d4a00, 0x0000000087700000| Untracked 
| 120|0x0000000087800000, 0x0000000087900000, 0x0000000087900000|100%| O|  |TAMS 0x0000000087800000, 0x0000000087800000| Untracked 
| 121|0x0000000087900000, 0x0000000087902400, 0x0000000087a00000|  0%| O|  |TAMS 0x0000000087900000, 0x0000000087900000| Untracked 
| 122|0x0000000087a00000, 0x0000000087a00000, 0x0000000087b00000|  0%| F|  |TAMS 0x0000000087a00000, 0x0000000087a00000| Untracked 
| 123|0x0000000087b00000, 0x0000000087b00000, 0x0000000087c00000|  0%| F|  |TAMS 0x0000000087b00000, 0x0000000087b00000| Untracked 
| 124|0x0000000087c00000, 0x0000000087c00000, 0x0000000087d00000|  0%| F|  |TAMS 0x0000000087c00000, 0x0000000087c00000| Untracked 
| 125|0x0000000087d00000, 0x0000000087d00000, 0x0000000087e00000|  0%| F|  |TAMS 0x0000000087d00000, 0x0000000087d00000| Untracked 
| 126|0x0000000087e00000, 0x0000000087e00000, 0x0000000087f00000|  0%| F|  |TAMS 0x0000000087e00000, 0x0000000087e00000| Untracked 
| 127|0x0000000087f00000, 0x0000000087f00000, 0x0000000088000000|  0%| F|  |TAMS 0x0000000087f00000, 0x0000000087f00000| Untracked 
| 128|0x0000000088000000, 0x0000000088000000, 0x0000000088100000|  0%| F|  |TAMS 0x0000000088000000, 0x0000000088000000| Untracked 
| 129|0x0000000088100000, 0x0000000088100000, 0x0000000088200000|  0%| F|  |TAMS 0x0000000088100000, 0x0000000088100000| Untracked 
| 130|0x0000000088200000, 0x0000000088200000, 0x0000000088300000|  0%| F|  |TAMS 0x0000000088200000, 0x0000000088200000| Untracked 
| 131|0x0000000088300000, 0x0000000088300000, 0x0000000088400000|  0%| F|  |TAMS 0x0000000088300000, 0x0000000088300000| Untracked 
| 132|0x0000000088400000, 0x0000000088400000, 0x0000000088500000|  0%| F|  |TAMS 0x0000000088400000, 0x0000000088400000| Untracked 
| 133|0x0000000088500000, 0x0000000088500000, 0x0000000088600000|  0%| F|  |TAMS 0x0000000088500000, 0x0000000088500000| Untracked 
| 134|0x0000000088600000, 0x0000000088600000, 0x0000000088700000|  0%| F|  |TAMS 0x0000000088600000, 0x0000000088600000| Untracked 
| 135|0x0000000088700000, 0x0000000088700000, 0x0000000088800000|  0%| F|  |TAMS 0x0000000088700000, 0x0000000088700000| Untracked 
| 136|0x0000000088800000, 0x0000000088800000, 0x0000000088900000|  0%| F|  |TAMS 0x0000000088800000, 0x0000000088800000| Untracked 
| 137|0x0000000088900000, 0x0000000088900000, 0x0000000088a00000|  0%| F|  |TAMS 0x0000000088900000, 0x0000000088900000| Untracked 
| 138|0x0000000088a00000, 0x0000000088a00000, 0x0000000088b00000|  0%| F|  |TAMS 0x0000000088a00000, 0x0000000088a00000| Untracked 
| 139|0x0000000088b00000, 0x0000000088b00000, 0x0000000088c00000|  0%| F|  |TAMS 0x0000000088b00000, 0x0000000088b00000| Untracked 
| 140|0x0000000088c00000, 0x0000000088c00000, 0x0000000088d00000|  0%| F|  |TAMS 0x0000000088c00000, 0x0000000088c00000| Untracked 
| 141|0x0000000088d00000, 0x0000000088d00000, 0x0000000088e00000|  0%| F|  |TAMS 0x0000000088d00000, 0x0000000088d00000| Untracked 
| 142|0x0000000088e00000, 0x0000000088e00000, 0x0000000088f00000|  0%| F|  |TAMS 0x0000000088e00000, 0x0000000088e00000| Untracked 
| 143|0x0000000088f00000, 0x0000000088f00000, 0x0000000089000000|  0%| F|  |TAMS 0x0000000088f00000, 0x0000000088f00000| Untracked 
| 144|0x0000000089000000, 0x0000000089000000, 0x0000000089100000|  0%| F|  |TAMS 0x0000000089000000, 0x0000000089000000| Untracked 
| 145|0x0000000089100000, 0x0000000089100000, 0x0000000089200000|  0%| F|  |TAMS 0x0000000089100000, 0x0000000089100000| Untracked 
| 146|0x0000000089200000, 0x0000000089200000, 0x0000000089300000|  0%| F|  |TAMS 0x0000000089200000, 0x0000000089200000| Untracked 
| 147|0x0000000089300000, 0x0000000089300000, 0x0000000089400000|  0%| F|  |TAMS 0x0000000089300000, 0x0000000089300000| Untracked 
| 148|0x0000000089400000, 0x0000000089400000, 0x0000000089500000|  0%| F|  |TAMS 0x0000000089400000, 0x0000000089400000| Untracked 
| 149|0x0000000089500000, 0x0000000089500000, 0x0000000089600000|  0%| F|  |TAMS 0x0000000089500000, 0x0000000089500000| Untracked 
| 150|0x0000000089600000, 0x0000000089600000, 0x0000000089700000|  0%| F|  |TAMS 0x0000000089600000, 0x0000000089600000| Untracked 
| 151|0x0000000089700000, 0x0000000089700000, 0x0000000089800000|  0%| F|  |TAMS 0x0000000089700000, 0x0000000089700000| Untracked 
| 152|0x0000000089800000, 0x0000000089800000, 0x0000000089900000|  0%| F|  |TAMS 0x0000000089800000, 0x0000000089800000| Untracked 
| 153|0x0000000089900000, 0x0000000089900000, 0x0000000089a00000|  0%| F|  |TAMS 0x0000000089900000, 0x0000000089900000| Untracked 
| 154|0x0000000089a00000, 0x0000000089a00000, 0x0000000089b00000|  0%| F|  |TAMS 0x0000000089a00000, 0x0000000089a00000| Untracked 
| 155|0x0000000089b00000, 0x0000000089b00000, 0x0000000089c00000|  0%| F|  |TAMS 0x0000000089b00000, 0x0000000089b00000| Untracked 
| 156|0x0000000089c00000, 0x0000000089c00000, 0x0000000089d00000|  0%| F|  |TAMS 0x0000000089c00000, 0x0000000089c00000| Untracked 
| 157|0x0000000089d00000, 0x0000000089d00000, 0x0000000089e00000|  0%| F|  |TAMS 0x0000000089d00000, 0x0000000089d00000| Untracked 
| 158|0x0000000089e00000, 0x0000000089e00000, 0x0000000089f00000|  0%| F|  |TAMS 0x0000000089e00000, 0x0000000089e00000| Untracked 
| 159|0x0000000089f00000, 0x0000000089f00000, 0x000000008a000000|  0%| F|  |TAMS 0x0000000089f00000, 0x0000000089f00000| Untracked 
| 160|0x000000008a000000, 0x000000008a000000, 0x000000008a100000|  0%| F|  |TAMS 0x000000008a000000, 0x000000008a000000| Untracked 
| 161|0x000000008a100000, 0x000000008a100000, 0x000000008a200000|  0%| F|  |TAMS 0x000000008a100000, 0x000000008a100000| Untracked 
| 162|0x000000008a200000, 0x000000008a200000, 0x000000008a300000|  0%| F|  |TAMS 0x000000008a200000, 0x000000008a200000| Untracked 
| 163|0x000000008a300000, 0x000000008a3fb238, 0x000000008a400000| 98%| S|CS|TAMS 0x000000008a300000, 0x000000008a300000| Complete 
| 164|0x000000008a400000, 0x000000008a500000, 0x000000008a500000|100%| S|CS|TAMS 0x000000008a400000, 0x000000008a400000| Complete 
| 165|0x000000008a500000, 0x000000008a600000, 0x000000008a600000|100%| S|CS|TAMS 0x000000008a500000, 0x000000008a500000| Complete 
| 166|0x000000008a600000, 0x000000008a700000, 0x000000008a700000|100%| S|CS|TAMS 0x000000008a600000, 0x000000008a600000| Complete 
| 167|0x000000008a700000, 0x000000008a800000, 0x000000008a800000|100%| S|CS|TAMS 0x000000008a700000, 0x000000008a700000| Complete 
| 168|0x000000008a800000, 0x000000008a900000, 0x000000008a900000|100%| S|CS|TAMS 0x000000008a800000, 0x000000008a800000| Complete 
| 169|0x000000008a900000, 0x000000008aa00000, 0x000000008aa00000|100%| S|CS|TAMS 0x000000008a900000, 0x000000008a900000| Complete 
| 170|0x000000008aa00000, 0x000000008ab00000, 0x000000008ab00000|100%| S|CS|TAMS 0x000000008aa00000, 0x000000008aa00000| Complete 
| 171|0x000000008ab00000, 0x000000008ac00000, 0x000000008ac00000|100%| S|CS|TAMS 0x000000008ab00000, 0x000000008ab00000| Complete 
| 172|0x000000008ac00000, 0x000000008ad00000, 0x000000008ad00000|100%| S|CS|TAMS 0x000000008ac00000, 0x000000008ac00000| Complete 
| 173|0x000000008ad00000, 0x000000008ae00000, 0x000000008ae00000|100%| S|CS|TAMS 0x000000008ad00000, 0x000000008ad00000| Complete 
| 174|0x000000008ae00000, 0x000000008ae00000, 0x000000008af00000|  0%| F|  |TAMS 0x000000008ae00000, 0x000000008ae00000| Untracked 
| 175|0x000000008af00000, 0x000000008af00000, 0x000000008b000000|  0%| F|  |TAMS 0x000000008af00000, 0x000000008af00000| Untracked 
| 176|0x000000008b000000, 0x000000008b000000, 0x000000008b100000|  0%| F|  |TAMS 0x000000008b000000, 0x000000008b000000| Untracked 
| 177|0x000000008b100000, 0x000000008b100000, 0x000000008b200000|  0%| F|  |TAMS 0x000000008b100000, 0x000000008b100000| Untracked 
| 178|0x000000008b200000, 0x000000008b200000, 0x000000008b300000|  0%| F|  |TAMS 0x000000008b200000, 0x000000008b200000| Untracked 
| 179|0x000000008b300000, 0x000000008b300000, 0x000000008b400000|  0%| F|  |TAMS 0x000000008b300000, 0x000000008b300000| Untracked 
| 180|0x000000008b400000, 0x000000008b400000, 0x000000008b500000|  0%| F|  |TAMS 0x000000008b400000, 0x000000008b400000| Untracked 
| 181|0x000000008b500000, 0x000000008b500000, 0x000000008b600000|  0%| F|  |TAMS 0x000000008b500000, 0x000000008b500000| Untracked 
| 182|0x000000008b600000, 0x000000008b600000, 0x000000008b700000|  0%| F|  |TAMS 0x000000008b600000, 0x000000008b600000| Untracked 
| 183|0x000000008b700000, 0x000000008b700000, 0x000000008b800000|  0%| F|  |TAMS 0x000000008b700000, 0x000000008b700000| Untracked 
| 184|0x000000008b800000, 0x000000008b800000, 0x000000008b900000|  0%| F|  |TAMS 0x000000008b800000, 0x000000008b800000| Untracked 
| 185|0x000000008b900000, 0x000000008ba00000, 0x000000008ba00000|100%| S|CS|TAMS 0x000000008b900000, 0x000000008b900000| Complete 
| 186|0x000000008ba00000, 0x000000008bb00000, 0x000000008bb00000|100%| S|CS|TAMS 0x000000008ba00000, 0x000000008ba00000| Complete 
| 187|0x000000008bb00000, 0x000000008bc00000, 0x000000008bc00000|100%| S|CS|TAMS 0x000000008bb00000, 0x000000008bb00000| Complete 
| 188|0x000000008bc00000, 0x000000008bd00000, 0x000000008bd00000|100%| S|CS|TAMS 0x000000008bc00000, 0x000000008bc00000| Complete 
| 189|0x000000008bd00000, 0x000000008be00000, 0x000000008be00000|100%| S|CS|TAMS 0x000000008bd00000, 0x000000008bd00000| Complete 
| 190|0x000000008be00000, 0x000000008be00000, 0x000000008bf00000|  0%| F|  |TAMS 0x000000008be00000, 0x000000008be00000| Untracked 
| 191|0x000000008bf00000, 0x000000008bf00000, 0x000000008c000000|  0%| F|  |TAMS 0x000000008bf00000, 0x000000008bf00000| Untracked 
| 192|0x000000008c000000, 0x000000008c000000, 0x000000008c100000|  0%| F|  |TAMS 0x000000008c000000, 0x000000008c000000| Untracked 
| 193|0x000000008c100000, 0x000000008c100000, 0x000000008c200000|  0%| F|  |TAMS 0x000000008c100000, 0x000000008c100000| Untracked 
| 194|0x000000008c200000, 0x000000008c200000, 0x000000008c300000|  0%| F|  |TAMS 0x000000008c200000, 0x000000008c200000| Untracked 
| 195|0x000000008c300000, 0x000000008c300000, 0x000000008c400000|  0%| F|  |TAMS 0x000000008c300000, 0x000000008c300000| Untracked 
| 196|0x000000008c400000, 0x000000008c400000, 0x000000008c500000|  0%| F|  |TAMS 0x000000008c400000, 0x000000008c400000| Untracked 
| 197|0x000000008c500000, 0x000000008c500000, 0x000000008c600000|  0%| F|  |TAMS 0x000000008c500000, 0x000000008c500000| Untracked 
| 198|0x000000008c600000, 0x000000008c600000, 0x000000008c700000|  0%| F|  |TAMS 0x000000008c600000, 0x000000008c600000| Untracked 
| 199|0x000000008c700000, 0x000000008c700000, 0x000000008c800000|  0%| F|  |TAMS 0x000000008c700000, 0x000000008c700000| Untracked 
| 200|0x000000008c800000, 0x000000008c800000, 0x000000008c900000|  0%| F|  |TAMS 0x000000008c800000, 0x000000008c800000| Untracked 
| 201|0x000000008c900000, 0x000000008c900000, 0x000000008ca00000|  0%| F|  |TAMS 0x000000008c900000, 0x000000008c900000| Untracked 
| 202|0x000000008ca00000, 0x000000008ca00000, 0x000000008cb00000|  0%| F|  |TAMS 0x000000008ca00000, 0x000000008ca00000| Untracked 
| 203|0x000000008cb00000, 0x000000008cb00000, 0x000000008cc00000|  0%| F|  |TAMS 0x000000008cb00000, 0x000000008cb00000| Untracked 
| 204|0x000000008cc00000, 0x000000008cc00000, 0x000000008cd00000|  0%| F|  |TAMS 0x000000008cc00000, 0x000000008cc00000| Untracked 
| 205|0x000000008cd00000, 0x000000008cd00000, 0x000000008ce00000|  0%| F|  |TAMS 0x000000008cd00000, 0x000000008cd00000| Untracked 
| 206|0x000000008ce00000, 0x000000008ce00000, 0x000000008cf00000|  0%| F|  |TAMS 0x000000008ce00000, 0x000000008ce00000| Untracked 
| 207|0x000000008cf00000, 0x000000008cf00000, 0x000000008d000000|  0%| F|  |TAMS 0x000000008cf00000, 0x000000008cf00000| Untracked 
| 208|0x000000008d000000, 0x000000008d000000, 0x000000008d100000|  0%| F|  |TAMS 0x000000008d000000, 0x000000008d000000| Untracked 
| 209|0x000000008d100000, 0x000000008d100000, 0x000000008d200000|  0%| F|  |TAMS 0x000000008d100000, 0x000000008d100000| Untracked 
| 210|0x000000008d200000, 0x000000008d200000, 0x000000008d300000|  0%| F|  |TAMS 0x000000008d200000, 0x000000008d200000| Untracked 
| 211|0x000000008d300000, 0x000000008d300000, 0x000000008d400000|  0%| F|  |TAMS 0x000000008d300000, 0x000000008d300000| Untracked 
| 212|0x000000008d400000, 0x000000008d400000, 0x000000008d500000|  0%| F|  |TAMS 0x000000008d400000, 0x000000008d400000| Untracked 
| 213|0x000000008d500000, 0x000000008d500000, 0x000000008d600000|  0%| F|  |TAMS 0x000000008d500000, 0x000000008d500000| Untracked 
| 214|0x000000008d600000, 0x000000008d600000, 0x000000008d700000|  0%| F|  |TAMS 0x000000008d600000, 0x000000008d600000| Untracked 
| 215|0x000000008d700000, 0x000000008d700000, 0x000000008d800000|  0%| F|  |TAMS 0x000000008d700000, 0x000000008d700000| Untracked 
| 216|0x000000008d800000, 0x000000008d800000, 0x000000008d900000|  0%| F|  |TAMS 0x000000008d800000, 0x000000008d800000| Untracked 
| 217|0x000000008d900000, 0x000000008d900000, 0x000000008da00000|  0%| F|  |TAMS 0x000000008d900000, 0x000000008d900000| Untracked 
| 218|0x000000008da00000, 0x000000008da00000, 0x000000008db00000|  0%| F|  |TAMS 0x000000008da00000, 0x000000008da00000| Untracked 
| 219|0x000000008db00000, 0x000000008db00000, 0x000000008dc00000|  0%| F|  |TAMS 0x000000008db00000, 0x000000008db00000| Untracked 
| 220|0x000000008dc00000, 0x000000008dc00000, 0x000000008dd00000|  0%| F|  |TAMS 0x000000008dc00000, 0x000000008dc00000| Untracked 
| 221|0x000000008dd00000, 0x000000008dd00000, 0x000000008de00000|  0%| F|  |TAMS 0x000000008dd00000, 0x000000008dd00000| Untracked 
| 222|0x000000008de00000, 0x000000008de00000, 0x000000008df00000|  0%| F|  |TAMS 0x000000008de00000, 0x000000008de00000| Untracked 
| 223|0x000000008df00000, 0x000000008df00000, 0x000000008e000000|  0%| F|  |TAMS 0x000000008df00000, 0x000000008df00000| Untracked 
| 224|0x000000008e000000, 0x000000008e000000, 0x000000008e100000|  0%| F|  |TAMS 0x000000008e000000, 0x000000008e000000| Untracked 
| 225|0x000000008e100000, 0x000000008e100000, 0x000000008e200000|  0%| F|  |TAMS 0x000000008e100000, 0x000000008e100000| Untracked 
| 226|0x000000008e200000, 0x000000008e200000, 0x000000008e300000|  0%| F|  |TAMS 0x000000008e200000, 0x000000008e200000| Untracked 
| 227|0x000000008e300000, 0x000000008e300000, 0x000000008e400000|  0%| F|  |TAMS 0x000000008e300000, 0x000000008e300000| Untracked 
| 228|0x000000008e400000, 0x000000008e400000, 0x000000008e500000|  0%| F|  |TAMS 0x000000008e400000, 0x000000008e400000| Untracked 
| 229|0x000000008e500000, 0x000000008e500000, 0x000000008e600000|  0%| F|  |TAMS 0x000000008e500000, 0x000000008e500000| Untracked 
| 230|0x000000008e600000, 0x000000008e600000, 0x000000008e700000|  0%| F|  |TAMS 0x000000008e600000, 0x000000008e600000| Untracked 
| 231|0x000000008e700000, 0x000000008e700000, 0x000000008e800000|  0%| F|  |TAMS 0x000000008e700000, 0x000000008e700000| Untracked 
| 232|0x000000008e800000, 0x000000008e800000, 0x000000008e900000|  0%| F|  |TAMS 0x000000008e800000, 0x000000008e800000| Untracked 
| 233|0x000000008e900000, 0x000000008e900000, 0x000000008ea00000|  0%| F|  |TAMS 0x000000008e900000, 0x000000008e900000| Untracked 
| 234|0x000000008ea00000, 0x000000008ea00000, 0x000000008eb00000|  0%| F|  |TAMS 0x000000008ea00000, 0x000000008ea00000| Untracked 
| 235|0x000000008eb00000, 0x000000008eb00000, 0x000000008ec00000|  0%| F|  |TAMS 0x000000008eb00000, 0x000000008eb00000| Untracked 
| 236|0x000000008ec00000, 0x000000008ec00000, 0x000000008ed00000|  0%| F|  |TAMS 0x000000008ec00000, 0x000000008ec00000| Untracked 
| 237|0x000000008ed00000, 0x000000008ed00000, 0x000000008ee00000|  0%| F|  |TAMS 0x000000008ed00000, 0x000000008ed00000| Untracked 
| 238|0x000000008ee00000, 0x000000008ee00000, 0x000000008ef00000|  0%| F|  |TAMS 0x000000008ee00000, 0x000000008ee00000| Untracked 
| 239|0x000000008ef00000, 0x000000008ef00000, 0x000000008f000000|  0%| F|  |TAMS 0x000000008ef00000, 0x000000008ef00000| Untracked 
| 240|0x000000008f000000, 0x000000008f000000, 0x000000008f100000|  0%| F|  |TAMS 0x000000008f000000, 0x000000008f000000| Untracked 
| 241|0x000000008f100000, 0x000000008f100000, 0x000000008f200000|  0%| F|  |TAMS 0x000000008f100000, 0x000000008f100000| Untracked 
| 242|0x000000008f200000, 0x000000008f200000, 0x000000008f300000|  0%| F|  |TAMS 0x000000008f200000, 0x000000008f200000| Untracked 
| 243|0x000000008f300000, 0x000000008f300000, 0x000000008f400000|  0%| F|  |TAMS 0x000000008f300000, 0x000000008f300000| Untracked 
| 244|0x000000008f400000, 0x000000008f400000, 0x000000008f500000|  0%| F|  |TAMS 0x000000008f400000, 0x000000008f400000| Untracked 
| 245|0x000000008f500000, 0x000000008f500000, 0x000000008f600000|  0%| F|  |TAMS 0x000000008f500000, 0x000000008f500000| Untracked 
| 246|0x000000008f600000, 0x000000008f600000, 0x000000008f700000|  0%| F|  |TAMS 0x000000008f600000, 0x000000008f600000| Untracked 
| 247|0x000000008f700000, 0x000000008f700000, 0x000000008f800000|  0%| F|  |TAMS 0x000000008f700000, 0x000000008f700000| Untracked 
| 248|0x000000008f800000, 0x000000008f800000, 0x000000008f900000|  0%| F|  |TAMS 0x000000008f800000, 0x000000008f800000| Untracked 
| 249|0x000000008f900000, 0x000000008f900000, 0x000000008fa00000|  0%| F|  |TAMS 0x000000008f900000, 0x000000008f900000| Untracked 
| 250|0x000000008fa00000, 0x000000008fa00000, 0x000000008fb00000|  0%| F|  |TAMS 0x000000008fa00000, 0x000000008fa00000| Untracked 
| 251|0x000000008fb00000, 0x000000008fb00000, 0x000000008fc00000|  0%| F|  |TAMS 0x000000008fb00000, 0x000000008fb00000| Untracked 
| 252|0x000000008fc00000, 0x000000008fc00000, 0x000000008fd00000|  0%| F|  |TAMS 0x000000008fc00000, 0x000000008fc00000| Untracked 
| 253|0x000000008fd00000, 0x000000008fd00000, 0x000000008fe00000|  0%| F|  |TAMS 0x000000008fd00000, 0x000000008fd00000| Untracked 
| 254|0x000000008fe00000, 0x000000008fe00000, 0x000000008ff00000|  0%| F|  |TAMS 0x000000008fe00000, 0x000000008fe00000| Untracked 
| 255|0x000000008ff00000, 0x000000008ff00000, 0x0000000090000000|  0%| F|  |TAMS 0x000000008ff00000, 0x000000008ff00000| Untracked 
| 256|0x0000000090000000, 0x0000000090000000, 0x0000000090100000|  0%| F|  |TAMS 0x0000000090000000, 0x0000000090000000| Untracked 
| 257|0x0000000090100000, 0x0000000090100000, 0x0000000090200000|  0%| F|  |TAMS 0x0000000090100000, 0x0000000090100000| Untracked 
| 258|0x0000000090200000, 0x0000000090200000, 0x0000000090300000|  0%| F|  |TAMS 0x0000000090200000, 0x0000000090200000| Untracked 
| 259|0x0000000090300000, 0x0000000090300000, 0x0000000090400000|  0%| F|  |TAMS 0x0000000090300000, 0x0000000090300000| Untracked 
| 260|0x0000000090400000, 0x0000000090400000, 0x0000000090500000|  0%| F|  |TAMS 0x0000000090400000, 0x0000000090400000| Untracked 
| 261|0x0000000090500000, 0x0000000090500000, 0x0000000090600000|  0%| F|  |TAMS 0x0000000090500000, 0x0000000090500000| Untracked 
| 262|0x0000000090600000, 0x0000000090600000, 0x0000000090700000|  0%| F|  |TAMS 0x0000000090600000, 0x0000000090600000| Untracked 
| 263|0x0000000090700000, 0x0000000090700000, 0x0000000090800000|  0%| F|  |TAMS 0x0000000090700000, 0x0000000090700000| Untracked 
| 264|0x0000000090800000, 0x0000000090800000, 0x0000000090900000|  0%| F|  |TAMS 0x0000000090800000, 0x0000000090800000| Untracked 
| 265|0x0000000090900000, 0x0000000090900000, 0x0000000090a00000|  0%| F|  |TAMS 0x0000000090900000, 0x0000000090900000| Untracked 
| 266|0x0000000090a00000, 0x0000000090a00000, 0x0000000090b00000|  0%| F|  |TAMS 0x0000000090a00000, 0x0000000090a00000| Untracked 
| 267|0x0000000090b00000, 0x0000000090b00000, 0x0000000090c00000|  0%| F|  |TAMS 0x0000000090b00000, 0x0000000090b00000| Untracked 
| 268|0x0000000090c00000, 0x0000000090c00000, 0x0000000090d00000|  0%| F|  |TAMS 0x0000000090c00000, 0x0000000090c00000| Untracked 
| 269|0x0000000090d00000, 0x0000000090d00000, 0x0000000090e00000|  0%| F|  |TAMS 0x0000000090d00000, 0x0000000090d00000| Untracked 
| 270|0x0000000090e00000, 0x0000000090e00000, 0x0000000090f00000|  0%| F|  |TAMS 0x0000000090e00000, 0x0000000090e00000| Untracked 
| 271|0x0000000090f00000, 0x0000000090f00000, 0x0000000091000000|  0%| F|  |TAMS 0x0000000090f00000, 0x0000000090f00000| Untracked 
| 272|0x0000000091000000, 0x0000000091000000, 0x0000000091100000|  0%| F|  |TAMS 0x0000000091000000, 0x0000000091000000| Untracked 
| 273|0x0000000091100000, 0x0000000091100000, 0x0000000091200000|  0%| F|  |TAMS 0x0000000091100000, 0x0000000091100000| Untracked 
| 274|0x0000000091200000, 0x0000000091200000, 0x0000000091300000|  0%| F|  |TAMS 0x0000000091200000, 0x0000000091200000| Untracked 
| 275|0x0000000091300000, 0x0000000091300000, 0x0000000091400000|  0%| F|  |TAMS 0x0000000091300000, 0x0000000091300000| Untracked 
| 276|0x0000000091400000, 0x0000000091400000, 0x0000000091500000|  0%| F|  |TAMS 0x0000000091400000, 0x0000000091400000| Untracked 
| 277|0x0000000091500000, 0x0000000091500000, 0x0000000091600000|  0%| F|  |TAMS 0x0000000091500000, 0x0000000091500000| Untracked 
| 278|0x0000000091600000, 0x0000000091600000, 0x0000000091700000|  0%| F|  |TAMS 0x0000000091600000, 0x0000000091600000| Untracked 
| 279|0x0000000091700000, 0x0000000091700000, 0x0000000091800000|  0%| F|  |TAMS 0x0000000091700000, 0x0000000091700000| Untracked 
| 280|0x0000000091800000, 0x0000000091800000, 0x0000000091900000|  0%| F|  |TAMS 0x0000000091800000, 0x0000000091800000| Untracked 
| 281|0x0000000091900000, 0x0000000091900000, 0x0000000091a00000|  0%| F|  |TAMS 0x0000000091900000, 0x0000000091900000| Untracked 
| 282|0x0000000091a00000, 0x0000000091a00000, 0x0000000091b00000|  0%| F|  |TAMS 0x0000000091a00000, 0x0000000091a00000| Untracked 
| 283|0x0000000091b00000, 0x0000000091b00000, 0x0000000091c00000|  0%| F|  |TAMS 0x0000000091b00000, 0x0000000091b00000| Untracked 
| 284|0x0000000091c00000, 0x0000000091c00000, 0x0000000091d00000|  0%| F|  |TAMS 0x0000000091c00000, 0x0000000091c00000| Untracked 
| 285|0x0000000091d00000, 0x0000000091d00000, 0x0000000091e00000|  0%| F|  |TAMS 0x0000000091d00000, 0x0000000091d00000| Untracked 
| 286|0x0000000091e00000, 0x0000000091e00000, 0x0000000091f00000|  0%| F|  |TAMS 0x0000000091e00000, 0x0000000091e00000| Untracked 
| 287|0x0000000091f00000, 0x0000000091f00000, 0x0000000092000000|  0%| F|  |TAMS 0x0000000091f00000, 0x0000000091f00000| Untracked 
| 288|0x0000000092000000, 0x0000000092000000, 0x0000000092100000|  0%| F|  |TAMS 0x0000000092000000, 0x0000000092000000| Untracked 
| 289|0x0000000092100000, 0x0000000092100000, 0x0000000092200000|  0%| F|  |TAMS 0x0000000092100000, 0x0000000092100000| Untracked 
| 290|0x0000000092200000, 0x0000000092200000, 0x0000000092300000|  0%| F|  |TAMS 0x0000000092200000, 0x0000000092200000| Untracked 
| 291|0x0000000092300000, 0x0000000092300000, 0x0000000092400000|  0%| F|  |TAMS 0x0000000092300000, 0x0000000092300000| Untracked 
| 292|0x0000000092400000, 0x0000000092400000, 0x0000000092500000|  0%| F|  |TAMS 0x0000000092400000, 0x0000000092400000| Untracked 
| 293|0x0000000092500000, 0x0000000092500000, 0x0000000092600000|  0%| F|  |TAMS 0x0000000092500000, 0x0000000092500000| Untracked 
| 294|0x0000000092600000, 0x0000000092600000, 0x0000000092700000|  0%| F|  |TAMS 0x0000000092600000, 0x0000000092600000| Untracked 
| 295|0x0000000092700000, 0x0000000092700000, 0x0000000092800000|  0%| F|  |TAMS 0x0000000092700000, 0x0000000092700000| Untracked 
| 296|0x0000000092800000, 0x0000000092800000, 0x0000000092900000|  0%| F|  |TAMS 0x0000000092800000, 0x0000000092800000| Untracked 
| 297|0x0000000092900000, 0x0000000092900000, 0x0000000092a00000|  0%| F|  |TAMS 0x0000000092900000, 0x0000000092900000| Untracked 
| 298|0x0000000092a00000, 0x0000000092a00000, 0x0000000092b00000|  0%| F|  |TAMS 0x0000000092a00000, 0x0000000092a00000| Untracked 
| 299|0x0000000092b00000, 0x0000000092b00000, 0x0000000092c00000|  0%| F|  |TAMS 0x0000000092b00000, 0x0000000092b00000| Untracked 
| 300|0x0000000092c00000, 0x0000000092c00000, 0x0000000092d00000|  0%| F|  |TAMS 0x0000000092c00000, 0x0000000092c00000| Untracked 
| 301|0x0000000092d00000, 0x0000000092d00000, 0x0000000092e00000|  0%| F|  |TAMS 0x0000000092d00000, 0x0000000092d00000| Untracked 
| 302|0x0000000092e00000, 0x0000000092e00000, 0x0000000092f00000|  0%| F|  |TAMS 0x0000000092e00000, 0x0000000092e00000| Untracked 
| 303|0x0000000092f00000, 0x0000000092f00000, 0x0000000093000000|  0%| F|  |TAMS 0x0000000092f00000, 0x0000000092f00000| Untracked 
| 304|0x0000000093000000, 0x0000000093000000, 0x0000000093100000|  0%| F|  |TAMS 0x0000000093000000, 0x0000000093000000| Untracked 
| 305|0x0000000093100000, 0x0000000093100000, 0x0000000093200000|  0%| F|  |TAMS 0x0000000093100000, 0x0000000093100000| Untracked 
| 306|0x0000000093200000, 0x0000000093200000, 0x0000000093300000|  0%| F|  |TAMS 0x0000000093200000, 0x0000000093200000| Untracked 
| 307|0x0000000093300000, 0x0000000093300000, 0x0000000093400000|  0%| F|  |TAMS 0x0000000093300000, 0x0000000093300000| Untracked 
| 308|0x0000000093400000, 0x0000000093400000, 0x0000000093500000|  0%| F|  |TAMS 0x0000000093400000, 0x0000000093400000| Untracked 
| 309|0x0000000093500000, 0x0000000093500000, 0x0000000093600000|  0%| F|  |TAMS 0x0000000093500000, 0x0000000093500000| Untracked 
| 310|0x0000000093600000, 0x0000000093600000, 0x0000000093700000|  0%| F|  |TAMS 0x0000000093600000, 0x0000000093600000| Untracked 
| 311|0x0000000093700000, 0x0000000093700000, 0x0000000093800000|  0%| F|  |TAMS 0x0000000093700000, 0x0000000093700000| Untracked 
| 312|0x0000000093800000, 0x0000000093800000, 0x0000000093900000|  0%| F|  |TAMS 0x0000000093800000, 0x0000000093800000| Untracked 
| 313|0x0000000093900000, 0x0000000093900000, 0x0000000093a00000|  0%| F|  |TAMS 0x0000000093900000, 0x0000000093900000| Untracked 
| 314|0x0000000093a00000, 0x0000000093a00000, 0x0000000093b00000|  0%| F|  |TAMS 0x0000000093a00000, 0x0000000093a00000| Untracked 
| 315|0x0000000093b00000, 0x0000000093b00000, 0x0000000093c00000|  0%| F|  |TAMS 0x0000000093b00000, 0x0000000093b00000| Untracked 
| 316|0x0000000093c00000, 0x0000000093c00000, 0x0000000093d00000|  0%| F|  |TAMS 0x0000000093c00000, 0x0000000093c00000| Untracked 
| 317|0x0000000093d00000, 0x0000000093d00000, 0x0000000093e00000|  0%| F|  |TAMS 0x0000000093d00000, 0x0000000093d00000| Untracked 
| 318|0x0000000093e00000, 0x0000000093e00000, 0x0000000093f00000|  0%| F|  |TAMS 0x0000000093e00000, 0x0000000093e00000| Untracked 
| 319|0x0000000093f00000, 0x0000000093f00000, 0x0000000094000000|  0%| F|  |TAMS 0x0000000093f00000, 0x0000000093f00000| Untracked 
| 320|0x0000000094000000, 0x0000000094000000, 0x0000000094100000|  0%| F|  |TAMS 0x0000000094000000, 0x0000000094000000| Untracked 
| 321|0x0000000094100000, 0x0000000094100000, 0x0000000094200000|  0%| F|  |TAMS 0x0000000094100000, 0x0000000094100000| Untracked 
| 322|0x0000000094200000, 0x0000000094200000, 0x0000000094300000|  0%| F|  |TAMS 0x0000000094200000, 0x0000000094200000| Untracked 
| 323|0x0000000094300000, 0x0000000094300000, 0x0000000094400000|  0%| F|  |TAMS 0x0000000094300000, 0x0000000094300000| Untracked 
| 324|0x0000000094400000, 0x0000000094400000, 0x0000000094500000|  0%| F|  |TAMS 0x0000000094400000, 0x0000000094400000| Untracked 
| 325|0x0000000094500000, 0x0000000094500000, 0x0000000094600000|  0%| F|  |TAMS 0x0000000094500000, 0x0000000094500000| Untracked 
| 326|0x0000000094600000, 0x0000000094600000, 0x0000000094700000|  0%| F|  |TAMS 0x0000000094600000, 0x0000000094600000| Untracked 
| 327|0x0000000094700000, 0x0000000094700000, 0x0000000094800000|  0%| F|  |TAMS 0x0000000094700000, 0x0000000094700000| Untracked 
| 328|0x0000000094800000, 0x0000000094800000, 0x0000000094900000|  0%| F|  |TAMS 0x0000000094800000, 0x0000000094800000| Untracked 
| 329|0x0000000094900000, 0x0000000094900000, 0x0000000094a00000|  0%| F|  |TAMS 0x0000000094900000, 0x0000000094900000| Untracked 
| 330|0x0000000094a00000, 0x0000000094a00000, 0x0000000094b00000|  0%| F|  |TAMS 0x0000000094a00000, 0x0000000094a00000| Untracked 
| 331|0x0000000094b00000, 0x0000000094b00000, 0x0000000094c00000|  0%| F|  |TAMS 0x0000000094b00000, 0x0000000094b00000| Untracked 
| 332|0x0000000094c00000, 0x0000000094c00000, 0x0000000094d00000|  0%| F|  |TAMS 0x0000000094c00000, 0x0000000094c00000| Untracked 
| 333|0x0000000094d00000, 0x0000000094d00000, 0x0000000094e00000|  0%| F|  |TAMS 0x0000000094d00000, 0x0000000094d00000| Untracked 
| 334|0x0000000094e00000, 0x0000000094e00000, 0x0000000094f00000|  0%| F|  |TAMS 0x0000000094e00000, 0x0000000094e00000| Untracked 
| 335|0x0000000094f00000, 0x0000000094f00000, 0x0000000095000000|  0%| F|  |TAMS 0x0000000094f00000, 0x0000000094f00000| Untracked 
| 336|0x0000000095000000, 0x0000000095000000, 0x0000000095100000|  0%| F|  |TAMS 0x0000000095000000, 0x0000000095000000| Untracked 
| 337|0x0000000095100000, 0x0000000095100000, 0x0000000095200000|  0%| F|  |TAMS 0x0000000095100000, 0x0000000095100000| Untracked 
| 338|0x0000000095200000, 0x0000000095200000, 0x0000000095300000|  0%| F|  |TAMS 0x0000000095200000, 0x0000000095200000| Untracked 
| 339|0x0000000095300000, 0x0000000095300000, 0x0000000095400000|  0%| F|  |TAMS 0x0000000095300000, 0x0000000095300000| Untracked 
| 340|0x0000000095400000, 0x0000000095400000, 0x0000000095500000|  0%| F|  |TAMS 0x0000000095400000, 0x0000000095400000| Untracked 
| 341|0x0000000095500000, 0x0000000095500000, 0x0000000095600000|  0%| F|  |TAMS 0x0000000095500000, 0x0000000095500000| Untracked 
| 342|0x0000000095600000, 0x0000000095600000, 0x0000000095700000|  0%| F|  |TAMS 0x0000000095600000, 0x0000000095600000| Untracked 
| 343|0x0000000095700000, 0x0000000095700000, 0x0000000095800000|  0%| F|  |TAMS 0x0000000095700000, 0x0000000095700000| Untracked 
| 344|0x0000000095800000, 0x0000000095800000, 0x0000000095900000|  0%| F|  |TAMS 0x0000000095800000, 0x0000000095800000| Untracked 
| 345|0x0000000095900000, 0x0000000095900000, 0x0000000095a00000|  0%| F|  |TAMS 0x0000000095900000, 0x0000000095900000| Untracked 
| 346|0x0000000095a00000, 0x0000000095a00000, 0x0000000095b00000|  0%| F|  |TAMS 0x0000000095a00000, 0x0000000095a00000| Untracked 
| 347|0x0000000095b00000, 0x0000000095b00000, 0x0000000095c00000|  0%| F|  |TAMS 0x0000000095b00000, 0x0000000095b00000| Untracked 
| 348|0x0000000095c00000, 0x0000000095c00000, 0x0000000095d00000|  0%| F|  |TAMS 0x0000000095c00000, 0x0000000095c00000| Untracked 
| 349|0x0000000095d00000, 0x0000000095d00000, 0x0000000095e00000|  0%| F|  |TAMS 0x0000000095d00000, 0x0000000095d00000| Untracked 
| 350|0x0000000095e00000, 0x0000000095e00000, 0x0000000095f00000|  0%| F|  |TAMS 0x0000000095e00000, 0x0000000095e00000| Untracked 
| 351|0x0000000095f00000, 0x0000000095f00000, 0x0000000096000000|  0%| F|  |TAMS 0x0000000095f00000, 0x0000000095f00000| Untracked 
| 352|0x0000000096000000, 0x0000000096000000, 0x0000000096100000|  0%| F|  |TAMS 0x0000000096000000, 0x0000000096000000| Untracked 
| 353|0x0000000096100000, 0x0000000096100000, 0x0000000096200000|  0%| F|  |TAMS 0x0000000096100000, 0x0000000096100000| Untracked 
| 354|0x0000000096200000, 0x0000000096200000, 0x0000000096300000|  0%| F|  |TAMS 0x0000000096200000, 0x0000000096200000| Untracked 
| 355|0x0000000096300000, 0x0000000096300000, 0x0000000096400000|  0%| F|  |TAMS 0x0000000096300000, 0x0000000096300000| Untracked 
| 356|0x0000000096400000, 0x0000000096400000, 0x0000000096500000|  0%| F|  |TAMS 0x0000000096400000, 0x0000000096400000| Untracked 
| 357|0x0000000096500000, 0x0000000096500000, 0x0000000096600000|  0%| F|  |TAMS 0x0000000096500000, 0x0000000096500000| Untracked 
| 358|0x0000000096600000, 0x0000000096600000, 0x0000000096700000|  0%| F|  |TAMS 0x0000000096600000, 0x0000000096600000| Untracked 
| 359|0x0000000096700000, 0x0000000096700000, 0x0000000096800000|  0%| F|  |TAMS 0x0000000096700000, 0x0000000096700000| Untracked 
| 360|0x0000000096800000, 0x0000000096800000, 0x0000000096900000|  0%| F|  |TAMS 0x0000000096800000, 0x0000000096800000| Untracked 
| 361|0x0000000096900000, 0x0000000096900000, 0x0000000096a00000|  0%| F|  |TAMS 0x0000000096900000, 0x0000000096900000| Untracked 
| 362|0x0000000096a00000, 0x0000000096a00000, 0x0000000096b00000|  0%| F|  |TAMS 0x0000000096a00000, 0x0000000096a00000| Untracked 
| 363|0x0000000096b00000, 0x0000000096b00000, 0x0000000096c00000|  0%| F|  |TAMS 0x0000000096b00000, 0x0000000096b00000| Untracked 
| 364|0x0000000096c00000, 0x0000000096c00000, 0x0000000096d00000|  0%| F|  |TAMS 0x0000000096c00000, 0x0000000096c00000| Untracked 
| 365|0x0000000096d00000, 0x0000000096d00000, 0x0000000096e00000|  0%| F|  |TAMS 0x0000000096d00000, 0x0000000096d00000| Untracked 
| 366|0x0000000096e00000, 0x0000000096e00000, 0x0000000096f00000|  0%| F|  |TAMS 0x0000000096e00000, 0x0000000096e00000| Untracked 
| 367|0x0000000096f00000, 0x0000000096f00000, 0x0000000097000000|  0%| F|  |TAMS 0x0000000096f00000, 0x0000000096f00000| Untracked 
| 368|0x0000000097000000, 0x0000000097000000, 0x0000000097100000|  0%| F|  |TAMS 0x0000000097000000, 0x0000000097000000| Untracked 
| 369|0x0000000097100000, 0x0000000097100000, 0x0000000097200000|  0%| F|  |TAMS 0x0000000097100000, 0x0000000097100000| Untracked 
| 370|0x0000000097200000, 0x0000000097200000, 0x0000000097300000|  0%| F|  |TAMS 0x0000000097200000, 0x0000000097200000| Untracked 
| 371|0x0000000097300000, 0x0000000097300000, 0x0000000097400000|  0%| F|  |TAMS 0x0000000097300000, 0x0000000097300000| Untracked 
| 372|0x0000000097400000, 0x0000000097400000, 0x0000000097500000|  0%| F|  |TAMS 0x0000000097400000, 0x0000000097400000| Untracked 
| 373|0x0000000097500000, 0x0000000097500000, 0x0000000097600000|  0%| F|  |TAMS 0x0000000097500000, 0x0000000097500000| Untracked 
| 374|0x0000000097600000, 0x0000000097600000, 0x0000000097700000|  0%| F|  |TAMS 0x0000000097600000, 0x0000000097600000| Untracked 
| 375|0x0000000097700000, 0x0000000097700000, 0x0000000097800000|  0%| F|  |TAMS 0x0000000097700000, 0x0000000097700000| Untracked 
| 376|0x0000000097800000, 0x0000000097800000, 0x0000000097900000|  0%| F|  |TAMS 0x0000000097800000, 0x0000000097800000| Untracked 
| 377|0x0000000097900000, 0x0000000097900000, 0x0000000097a00000|  0%| F|  |TAMS 0x0000000097900000, 0x0000000097900000| Untracked 
| 378|0x0000000097a00000, 0x0000000097a00000, 0x0000000097b00000|  0%| F|  |TAMS 0x0000000097a00000, 0x0000000097a00000| Untracked 
| 379|0x0000000097b00000, 0x0000000097b00000, 0x0000000097c00000|  0%| F|  |TAMS 0x0000000097b00000, 0x0000000097b00000| Untracked 
| 380|0x0000000097c00000, 0x0000000097c00000, 0x0000000097d00000|  0%| F|  |TAMS 0x0000000097c00000, 0x0000000097c00000| Untracked 

Card table byte_map: [0x0000020237580000,0x0000020237980000] _byte_map_base: 0x0000020237180000

Marking Bits (Prev, Next): (CMBitMap*) 0x0000020223c56848, (CMBitMap*) 0x0000020223c56880
 Prev Bits: [0x0000020237d80000, 0x0000020239d80000)
 Next Bits: [0x0000020239d80000, 0x000002023bd80000)

Polling page: 0x0000020223ca0000

Metaspace:

Usage:
  Non-class:     91.26 MB capacity,    89.70 MB ( 98%) used,     1.24 MB (  1%) free+waste,   330.06 KB ( <1%) overhead. 
      Class:     14.20 MB capacity,    13.23 MB ( 93%) used,   844.57 KB (  6%) free+waste,   145.44 KB (  1%) overhead. 
       Both:    105.45 MB capacity,   102.93 MB ( 98%) used,     2.06 MB (  2%) free+waste,   475.50 KB ( <1%) overhead. 

Virtual space:
  Non-class space:       92.00 MB reserved,      91.50 MB (>99%) committed 
      Class space:        1.00 GB reserved,      14.20 MB (  1%) committed 
             Both:        1.09 GB reserved,     105.70 MB (  9%) committed 

Chunk freelists:
   Non-Class:  0 bytes
       Class:  0 bytes
        Both:  0 bytes

MaxMetaspaceSize: 17179869184.00 GB
CompressedClassSpaceSize: 1.00 GB

CodeHeap 'non-profiled nmethods': size=120000Kb used=5363Kb max_used=5363Kb free=114636Kb
 bounds [0x000002022f1e0000, 0x000002022f720000, 0x0000020236710000]
CodeHeap 'profiled nmethods': size=120000Kb used=33331Kb max_used=33331Kb free=86668Kb
 bounds [0x0000020227cb0000, 0x0000020229d40000, 0x000002022f1e0000]
CodeHeap 'non-nmethods': size=5760Kb used=2312Kb max_used=2359Kb free=3447Kb
 bounds [0x0000020227710000, 0x0000020227980000, 0x0000020227cb0000]
 total_blobs=15656 nmethods=14733 adapters=832
 compilation: enabled
              stopped_count=0, restarted_count=0
 full_count=0

Compilation events (20 events):
Event: 21.237 Thread 0x000002023f133800 nmethod 15329 0x0000020229d35c10 code [0x0000020229d35dc0, 0x0000020229d35ef8]
Event: 21.237 Thread 0x000002023f133800 15330       1       java.util.Collections$EmptySet::size (2 bytes)
Event: 21.237 Thread 0x000002023f133800 nmethod 15330 0x000002022f71cc90 code [0x000002022f71ce40, 0x000002022f71cef8]
Event: 21.242 Thread 0x000002023f133800 15331       2       com.android.tools.r8.internal.I7::a (68 bytes)
Event: 21.244 Thread 0x000002023f133800 nmethod 15331 0x0000020229d35f90 code [0x0000020229d36220, 0x0000020229d369c8]
Event: 21.260 Thread 0x000002023f133800 15332       2       com.android.tools.r8.graph.r::a (47 bytes)
Event: 21.261 Thread 0x000002023f133800 nmethod 15332 0x0000020229d36d90 code [0x0000020229d36f80, 0x0000020229d37658]
Event: 21.261 Thread 0x000002023f133800 15333       2       com.android.tools.r8.graph.j0$d::d (13 bytes)
Event: 21.261 Thread 0x000002023f133800 nmethod 15333 0x0000020229d37910 code [0x0000020229d37ac0, 0x0000020229d37bd8]
Event: 21.261 Thread 0x000002023f133800 15335       2       com.android.tools.r8.dex.b$$Lambda$1567/0x0000000100b43040::get$Lambda (9 bytes)
Event: 21.261 Thread 0x000002023f133800 nmethod 15335 0x0000020229d37c90 code [0x0000020229d37e40, 0x0000020229d37fb8]
Event: 21.261 Thread 0x000002023f133800 15338       2       com.android.tools.r8.graph.f0$v::<init> (7 bytes)
Event: 21.262 Thread 0x000002023f133800 nmethod 15338 0x0000020229d38090 code [0x0000020229d38240, 0x0000020229d38398]
Event: 21.262 Thread 0x000002023f133800 15336       2       com.android.tools.r8.graph.z::W (6 bytes)
Event: 21.262 Thread 0x000002023f133800 nmethod 15336 0x0000020229d38410 code [0x0000020229d385c0, 0x0000020229d386d8]
Event: 21.262 Thread 0x000002023f133800 15337       2       com.android.tools.r8.graph.z::X (10 bytes)
Event: 21.262 Thread 0x000002023f133800 nmethod 15337 0x0000020229d38790 code [0x0000020229d38940, 0x0000020229d38a68]
Event: 21.262 Thread 0x000002023f133800 15339 %     3       com.android.tools.r8.graph.r::a @ 45 (173 bytes)
Event: 21.267 Thread 0x000002023f133800 nmethod 15339% 0x0000020229d38b10 code [0x0000020229d38fe0, 0x0000020229d3bba8]
Event: 21.267 Thread 0x000002023f133800 15341       2       com.android.tools.r8.dex.b$$Lambda$1568/0x0000000100b43440::get$Lambda (9 bytes)

GC Heap History (20 events):
Event: 17.412 GC heap after
{Heap after GC invocations=38 (full 0):
 garbage-first heap   total 270336K, used 126289K [0x0000000080000000, 0x0000000100000000)
  region size 1024K, 4 young (4096K), 4 survivors (4096K)
 Metaspace       used 102806K, capacity 105158K, committed 105420K, reserved 1140736K
  class space    used 13239K, capacity 14111K, committed 14284K, reserved 1048576K
}
Event: 17.636 GC heap before
{Heap before GC invocations=38 (full 0):
 garbage-first heap   total 270336K, used 220497K [0x0000000080000000, 0x0000000100000000)
  region size 1024K, 96 young (98304K), 4 survivors (4096K)
 Metaspace       used 103151K, capacity 105532K, committed 105932K, reserved 1140736K
  class space    used 13259K, capacity 14121K, committed 14284K, reserved 1048576K
}
Event: 17.645 GC heap after
{Heap after GC invocations=39 (full 0):
 garbage-first heap   total 270336K, used 127275K [0x0000000080000000, 0x0000000100000000)
  region size 1024K, 5 young (5120K), 5 survivors (5120K)
 Metaspace       used 103151K, capacity 105532K, committed 105932K, reserved 1140736K
  class space    used 13259K, capacity 14121K, committed 14284K, reserved 1048576K
}
Event: 17.995 GC heap before
{Heap before GC invocations=40 (full 0):
 garbage-first heap   total 270336K, used 223531K [0x0000000080000000, 0x0000000100000000)
  region size 1024K, 99 young (101376K), 5 survivors (5120K)
 Metaspace       used 103257K, capacity 105605K, committed 105932K, reserved 1140736K
  class space    used 13260K, capacity 14122K, committed 14284K, reserved 1048576K
}
Event: 18.011 GC heap after
{Heap after GC invocations=41 (full 0):
 garbage-first heap   total 324608K, used 127200K [0x0000000080000000, 0x0000000100000000)
  region size 1024K, 5 young (5120K), 5 survivors (5120K)
 Metaspace       used 103257K, capacity 105605K, committed 105932K, reserved 1140736K
  class space    used 13260K, capacity 14122K, committed 14284K, reserved 1048576K
}
Event: 18.327 GC heap before
{Heap before GC invocations=41 (full 0):
 garbage-first heap   total 324608K, used 259296K [0x0000000080000000, 0x0000000100000000)
  region size 1024K, 134 young (137216K), 5 survivors (5120K)
 Metaspace       used 103328K, capacity 105674K, committed 105932K, reserved 1140736K
  class space    used 13260K, capacity 14122K, committed 14284K, reserved 1048576K
}
Event: 18.334 GC heap after
{Heap after GC invocations=42 (full 0):
 garbage-first heap   total 324608K, used 128436K [0x0000000080000000, 0x0000000100000000)
  region size 1024K, 6 young (6144K), 6 survivors (6144K)
 Metaspace       used 103328K, capacity 105674K, committed 105932K, reserved 1140736K
  class space    used 13260K, capacity 14122K, committed 14284K, reserved 1048576K
}
Event: 18.694 GC heap before
{Heap before GC invocations=42 (full 0):
 garbage-first heap   total 324608K, used 271796K [0x0000000080000000, 0x0000000100000000)
  region size 1024K, 146 young (149504K), 6 survivors (6144K)
 Metaspace       used 104517K, capacity 106935K, committed 107084K, reserved 1142784K
  class space    used 13415K, capacity 14322K, committed 14412K, reserved 1048576K
}
Event: 18.705 GC heap after
{Heap after GC invocations=43 (full 0):
 garbage-first heap   total 324608K, used 130823K [0x0000000080000000, 0x0000000100000000)
  region size 1024K, 8 young (8192K), 8 survivors (8192K)
 Metaspace       used 104517K, capacity 106935K, committed 107084K, reserved 1142784K
  class space    used 13415K, capacity 14322K, committed 14412K, reserved 1048576K
}
Event: 19.106 GC heap before
{Heap before GC invocations=43 (full 0):
 garbage-first heap   total 324608K, used 278279K [0x0000000080000000, 0x0000000100000000)
  region size 1024K, 151 young (154624K), 8 survivors (8192K)
 Metaspace       used 104955K, capacity 107531K, committed 107724K, reserved 1142784K
  class space    used 13483K, capacity 14450K, committed 14540K, reserved 1048576K
}
Event: 19.117 GC heap after
{Heap after GC invocations=44 (full 0):
 garbage-first heap   total 324608K, used 130681K [0x0000000080000000, 0x0000000100000000)
  region size 1024K, 8 young (8192K), 8 survivors (8192K)
 Metaspace       used 104955K, capacity 107531K, committed 107724K, reserved 1142784K
  class space    used 13483K, capacity 14450K, committed 14540K, reserved 1048576K
}
Event: 19.454 GC heap before
{Heap before GC invocations=44 (full 0):
 garbage-first heap   total 324608K, used 280185K [0x0000000080000000, 0x0000000100000000)
  region size 1024K, 154 young (157696K), 8 survivors (8192K)
 Metaspace       used 104974K, capacity 107534K, committed 107724K, reserved 1142784K
  class space    used 13483K, capacity 14451K, committed 14540K, reserved 1048576K
}
Event: 19.466 GC heap after
{Heap after GC invocations=45 (full 0):
 garbage-first heap   total 390144K, used 132272K [0x0000000080000000, 0x0000000100000000)
  region size 1024K, 10 young (10240K), 10 survivors (10240K)
 Metaspace       used 104974K, capacity 107534K, committed 107724K, reserved 1142784K
  class space    used 13483K, capacity 14451K, committed 14540K, reserved 1048576K
}
Event: 19.875 GC heap before
{Heap before GC invocations=45 (full 0):
 garbage-first heap   total 390144K, used 314544K [0x0000000080000000, 0x0000000100000000)
  region size 1024K, 188 young (192512K), 10 survivors (10240K)
 Metaspace       used 105053K, capacity 107611K, committed 107724K, reserved 1142784K
  class space    used 13493K, capacity 14455K, committed 14540K, reserved 1048576K
}
Event: 19.885 GC heap after
{Heap after GC invocations=46 (full 0):
 garbage-first heap   total 390144K, used 133778K [0x0000000080000000, 0x0000000100000000)
  region size 1024K, 11 young (11264K), 11 survivors (11264K)
 Metaspace       used 105053K, capacity 107611K, committed 107724K, reserved 1142784K
  class space    used 13493K, capacity 14455K, committed 14540K, reserved 1048576K
}
Event: 20.298 GC heap before
{Heap before GC invocations=46 (full 0):
 garbage-first heap   total 390144K, used 334482K [0x0000000080000000, 0x0000000100000000)
  region size 1024K, 207 young (211968K), 11 survivors (11264K)
 Metaspace       used 105087K, capacity 107613K, committed 107724K, reserved 1142784K
  class space    used 13494K, capacity 14455K, committed 14540K, reserved 1048576K
}
Event: 20.311 GC heap after
{Heap after GC invocations=47 (full 0):
 garbage-first heap   total 390144K, used 135988K [0x0000000080000000, 0x0000000100000000)
  region size 1024K, 13 young (13312K), 13 survivors (13312K)
 Metaspace       used 105087K, capacity 107613K, committed 107724K, reserved 1142784K
  class space    used 13494K, capacity 14455K, committed 14540K, reserved 1048576K
}
Event: 20.726 GC heap before
{Heap before GC invocations=47 (full 0):
 garbage-first heap   total 390144K, used 336692K [0x0000000080000000, 0x0000000100000000)
  region size 1024K, 209 young (214016K), 13 survivors (13312K)
 Metaspace       used 105115K, capacity 107677K, committed 107980K, reserved 1142784K
  class space    used 13494K, capacity 14455K, committed 14540K, reserved 1048576K
}
Event: 20.741 GC heap after
{Heap after GC invocations=48 (full 0):
 garbage-first heap   total 390144K, used 138162K [0x0000000080000000, 0x0000000100000000)
  region size 1024K, 15 young (15360K), 15 survivors (15360K)
 Metaspace       used 105115K, capacity 107677K, committed 107980K, reserved 1142784K
  class space    used 13494K, capacity 14455K, committed 14540K, reserved 1048576K
}
Event: 21.268 GC heap before
{Heap before GC invocations=48 (full 0):
 garbage-first heap   total 390144K, used 333746K [0x0000000080000000, 0x0000000100000000)
  region size 1024K, 206 young (210944K), 15 survivors (15360K)
 Metaspace       used 105397K, capacity 107985K, committed 108236K, reserved 1142784K
  class space    used 13546K, capacity 14537K, committed 14540K, reserved 1048576K
}

Deoptimization events (20 events):
Event: 20.453 Thread 0x000002024376c000 DEOPT PACKING pc=0x000002022f6fcb80 sp=0x00000053167f8e90
Event: 20.453 Thread 0x000002024376c000 DEOPT UNPACKING pc=0x000002022773662f sp=0x00000053167f8ec8 mode 2
Event: 20.848 Thread 0x000002024376c000 Uncommon trap: trap_request=0xfffffff4 fr.pc=0x000002022f70c16c relative=0x00000000000061ac
Event: 20.848 Thread 0x000002024376c000 Uncommon trap: reason=null_check action=make_not_entrant pc=0x000002022f70c16c method=com.android.tools.r8.internal.W4.a(II)Lcom/android/tools/r8/internal/f9; @ 14 c2
Event: 20.848 Thread 0x000002024376c000 DEOPT PACKING pc=0x000002022f70c16c sp=0x00000053167f8d00
Event: 20.848 Thread 0x000002024376c000 DEOPT UNPACKING pc=0x000002022773662f sp=0x00000053167f8d28 mode 2
Event: 21.039 Thread 0x0000020243768800 DEOPT PACKING pc=0x00000202299bb3c8 sp=0x00000053165f9a90
Event: 21.039 Thread 0x0000020243768800 DEOPT UNPACKING pc=0x0000020227736dde sp=0x00000053165f8f90 mode 0
Event: 21.135 Thread 0x0000020243768800 Uncommon trap: trap_request=0xffffff4d fr.pc=0x000002022f6d19bc relative=0x00000000000056fc
Event: 21.135 Thread 0x0000020243768800 Uncommon trap: reason=unstable_if action=reinterpret pc=0x000002022f6d19bc method=com.android.tools.r8.internal.W4.b(I)Lcom/android/tools/r8/internal/Vv; @ 105 c2
Event: 21.135 Thread 0x0000020243768800 DEOPT PACKING pc=0x000002022f6d19bc sp=0x00000053165f9900
Event: 21.135 Thread 0x0000020243768800 DEOPT UNPACKING pc=0x000002022773662f sp=0x00000053165f9868 mode 2
Event: 21.158 Thread 0x0000020243768800 Uncommon trap: trap_request=0xffffff4d fr.pc=0x000002022f62bfc0 relative=0x0000000000000180
Event: 21.158 Thread 0x0000020243768800 Uncommon trap: reason=unstable_if action=reinterpret pc=0x000002022f62bfc0 method=java.util.IdentityHashMap.maskNull(Ljava/lang/Object;)Ljava/lang/Object; @ 1 c2
Event: 21.158 Thread 0x0000020243768800 DEOPT PACKING pc=0x000002022f62bfc0 sp=0x00000053165fb170
Event: 21.158 Thread 0x0000020243768800 DEOPT UNPACKING pc=0x000002022773662f sp=0x00000053165fb098 mode 2
Event: 21.202 Thread 0x0000020243768800 Uncommon trap: trap_request=0xffffff7e fr.pc=0x000002022f702bc0 relative=0x00000000000002e0
Event: 21.202 Thread 0x0000020243768800 Uncommon trap: reason=predicate action=maybe_recompile pc=0x000002022f702bc0 method=com.android.tools.r8.internal.h8.a(Ljava/util/Iterator;Ljava/util/Iterator;Lcom/android/tools/r8/internal/BE$a;)I @ 5 c2
Event: 21.202 Thread 0x0000020243768800 DEOPT PACKING pc=0x000002022f702bc0 sp=0x00000053165fa770
Event: 21.202 Thread 0x0000020243768800 DEOPT UNPACKING pc=0x000002022773662f sp=0x00000053165fa718 mode 2

Classes redefined (0 events):
No events

Internal exceptions (20 events):
Event: 15.238 Thread 0x0000020243769800 Exception <a 'java/lang/NoSuchMethodError'{0x000000008cc09340}: 'java.lang.Object java.lang.invoke.DirectMethodHandle$Holder.newInvokeSpecial(java.lang.Object, int)'> (0x000000008cc09340) thrown at [./src/hotspot/share/interpreter/linkResolver.cpp, line 773]
Event: 15.379 Thread 0x0000020243769800 Exception <a 'java/lang/NoSuchMethodError'{0x000000008c29d748}: 'java.lang.Object java.lang.invoke.DirectMethodHandle$Holder.invokeInterface(java.lang.Object, java.lang.Object, int)'> (0x000000008c29d748) thrown at [./src/hotspot/share/interpreter/linkResolver.cpp, line 773]
Event: 16.140 Thread 0x0000020243769800 Implicit null exception at 0x000002022f636b8f to 0x000002022f6372f0
Event: 16.186 Thread 0x0000020243769800 Implicit null exception at 0x000002022f61d50f to 0x000002022f620f00
Event: 16.357 Thread 0x0000020243769800 Exception <a 'java/lang/NoSuchMethodError'{0x000000008b792068}: 'int java.lang.invoke.DirectMethodHandle$Holder.invokeInterface(java.lang.Object, java.lang.Object, int)'> (0x000000008b792068) thrown at [./src/hotspot/share/interpreter/linkResolver.cpp, line 773]
Event: 17.391 Thread 0x0000020243768800 Exception <a 'java/lang/NoSuchMethodError'{0x000000008aef9488}: 'java.lang.Object java.lang.invoke.DirectMethodHandle$Holder.invokeSpecial(java.lang.Object, java.lang.Object, java.lang.Object, java.lang.Object, java.lang.Object, java.lang.Object, java.lang.Object, java.lang.Object, java.lang.Object, java.lang.Object, java.lang.Object)'> (0x000000008aef9488) thrown at [./src/hotspot/share/interpreter/linkResolver.cpp, line 773]
Event: 17.392 Thread 0x0000020243768800 Exception <a 'java/lang/NoSuchMethodError'{0x000000008ab05380}: 'java.lang.Object java.lang.invoke.Invokers$Holder.linkToTargetMethod(java.lang.Object, java.lang.Object, java.lang.Object, java.lang.Object, java.lang.Object, java.lang.Object, java.lang.Object, java.lang.Object, java.lang.Object, java.lang.Object)'> (0x000000008ab05380) thrown at [./src/hotspot/share/interpreter/linkResolver.cpp, line 773]
Event: 17.416 Thread 0x0000020243768800 Exception <a 'java/lang/IncompatibleClassChangeError'{0x000000009079b898}: Found class java.lang.Object, but interface was expected> (0x000000009079b898) thrown at [./src/hotspot/share/interpreter/linkResolver.cpp, line 839]
Event: 18.440 Thread 0x0000020243769800 Exception <a 'java/lang/NoSuchMethodError'{0x0000000090769f08}: 'void java.lang.invoke.DirectMethodHandle$Holder.invokeSpecial(java.lang.Object, java.lang.Object, int, java.lang.Object, java.lang.Object, java.lang.Object, java.lang.Object)'> (0x0000000090769f08) thrown at [./src/hotspot/share/interpreter/linkResolver.cpp, line 773]
Event: 18.441 Thread 0x0000020243769800 Exception <a 'java/lang/NoSuchMethodError'{0x0000000090775b08}: 'java.lang.Object java.lang.invoke.Invokers$Holder.linkToTargetMethod(java.lang.Object, int, java.lang.Object, java.lang.Object, java.lang.Object, java.lang.Object)'> (0x0000000090775b08) thrown at [./src/hotspot/share/interpreter/linkResolver.cpp, line 773]
Event: 18.442 Thread 0x0000020243769800 Exception <a 'java/lang/NoSuchMethodError'{0x0000000090779fb8}: 'void java.lang.invoke.DirectMethodHandle$Holder.invokeSpecial(java.lang.Object, java.lang.Object, java.lang.Object, java.lang.Object, java.lang.Object, java.lang.Object, java.lang.Object, java.lang.Object, java.lang.Object)'> (0x0000000090779fb8) thrown at [./src/hotspot/share/interpreter/linkResolver.cpp, line 773]
Event: 18.445 Thread 0x0000020243769800 Exception <a 'java/lang/NoSuchMethodError'{0x000000009038fcb0}: 'void java.lang.invoke.DirectMethodHandle$Holder.invokeStatic(java.lang.Object, java.lang.Object, java.lang.Object, java.lang.Object, java.lang.Object, java.lang.Object, java.lang.Object, java.lang.Object)'> (0x000000009038fcb0) thrown at [./src/hotspot/share/interpreter/linkResolver.cpp, line 773]
Event: 18.590 Thread 0x0000020243769800 Exception <a 'java/lang/IncompatibleClassChangeError'{0x000000008d09bf00}: Found class java.lang.Object, but interface was expected> (0x000000008d09bf00) thrown at [./src/hotspot/share/interpreter/linkResolver.cpp, line 839]
Event: 18.724 Thread 0x0000020243769800 Exception <a 'java/lang/NoSuchMethodError'{0x0000000093334af8}: 'void java.lang.invoke.DirectMethodHandle$Holder.invokeVirtual(java.lang.Object, java.lang.Object, int)'> (0x0000000093334af8) thrown at [./src/hotspot/share/interpreter/linkResolver.cpp, line 773]
Event: 18.795 Thread 0x0000020243769800 Exception <a 'sun/nio/fs/WindowsException'{0x00000000923bf1c0}> (0x00000000923bf1c0) thrown at [./src/hotspot/share/prims/jni.cpp, line 615]
Event: 18.824 Thread 0x0000020243769800 Exception <a 'java/lang/NoSuchMethodError'{0x0000000091765f30}: 'void java.lang.invoke.DirectMethodHandle$Holder.invokeStatic(java.lang.Object, java.lang.Object, java.lang.Object, java.lang.Object, java.lang.Object, java.lang.Object, java.lang.Object)'> (0x0000000091765f30) thrown at [./src/hotspot/share/interpreter/linkResolver.cpp, line 773]
Event: 19.061 Thread 0x0000020243768800 Implicit null exception at 0x000002022f6bd192 to 0x000002022f6bec38
Event: 20.453 Thread 0x000002024376c000 Implicit null exception at 0x000002022f6f5594 to 0x000002022f6fcb68
Event: 20.848 Thread 0x000002024376c000 Implicit null exception at 0x000002022f7070dc to 0x000002022f70c154
Event: 21.158 Thread 0x0000020243768800 Implicit null exception at 0x000002022f62be6f to 0x000002022f62bfac

Events (20 events):
Event: 21.245 loading class com/android/tools/r8/graph/v0 done
Event: 21.246 loading class com/android/tools/r8/shaking/A0$b
Event: 21.246 loading class com/android/tools/r8/shaking/A0$b done
Event: 21.246 loading class com/android/tools/r8/graph/X
Event: 21.246 loading class com/android/tools/r8/graph/X done
Event: 21.246 loading class com/android/tools/r8/shaking/A0$b
Event: 21.246 loading class com/android/tools/r8/shaking/A0$b done
Event: 21.255 loading class com/android/tools/r8/graph/v0
Event: 21.255 loading class com/android/tools/r8/graph/v0 done
Event: 21.255 loading class com/android/tools/r8/graph/v0
Event: 21.255 loading class com/android/tools/r8/graph/v0 done
Event: 21.256 loading class com/android/tools/r8/shaking/A0
Event: 21.256 loading class com/android/tools/r8/shaking/A0 done
Event: 21.256 loading class com/android/tools/r8/shaking/A0
Event: 21.256 loading class com/android/tools/r8/shaking/A0 done
Event: 21.256 loading class com/android/tools/r8/shaking/A0
Event: 21.256 loading class com/android/tools/r8/shaking/A0 done
Event: 21.256 loading class com/android/tools/r8/shaking/A0
Event: 21.256 loading class com/android/tools/r8/shaking/A0 done
Event: 21.268 Executing VM operation: G1CollectForAllocation


Dynamic libraries:
0x00007ff76b2f0000 - 0x00007ff76b2fa000 	C:\Program Files\Android\Android Studio\jre\bin\java.exe
0x00007ffa7a520000 - 0x00007ffa7a70d000 	C:\Windows\SYSTEM32\ntdll.dll
0x00007ffa50270000 - 0x00007ffa50287000 	C:\Program Files\Avast Software\Avast\aswhook.dll
0x00007ffa78ea0000 - 0x00007ffa78f53000 	C:\Windows\System32\KERNEL32.DLL
0x00007ffa773b0000 - 0x00007ffa77645000 	C:\Windows\System32\KERNELBASE.dll
0x00007ffa77110000 - 0x00007ffa7720a000 	C:\Windows\System32\ucrtbase.dll
0x00007ffa5cbd0000 - 0x00007ffa5cbe7000 	C:\Program Files\Android\Android Studio\jre\bin\VCRUNTIME140.dll
0x00007ffa5ac80000 - 0x00007ffa5ac99000 	C:\Program Files\Android\Android Studio\jre\bin\jli.dll
0x00007ffa7a1a0000 - 0x00007ffa7a337000 	C:\Windows\System32\USER32.dll
0x00007ffa77650000 - 0x00007ffa77670000 	C:\Windows\System32\win32u.dll
0x00007ffa5e5e0000 - 0x00007ffa5e859000 	C:\Windows\WinSxS\amd64_microsoft.windows.common-controls_6595b64144ccf1df_6.0.17763.1339_none_de7015e4534c7114\COMCTL32.dll
0x00007ffa79ee0000 - 0x00007ffa79f09000 	C:\Windows\System32\GDI32.dll
0x00007ffa79fd0000 - 0x00007ffa7a06e000 	C:\Windows\System32\msvcrt.dll
0x00007ffa79520000 - 0x00007ffa7984c000 	C:\Windows\System32\combase.dll
0x00007ffa77210000 - 0x00007ffa773ab000 	C:\Windows\System32\gdi32full.dll
0x00007ffa793f0000 - 0x00007ffa79512000 	C:\Windows\System32\RPCRT4.dll
0x00007ffa77670000 - 0x00007ffa77710000 	C:\Windows\System32\msvcp_win.dll
0x00007ffa77040000 - 0x00007ffa770be000 	C:\Windows\System32\bcryptPrimitives.dll
0x00007ffa7a490000 - 0x00007ffa7a4be000 	C:\Windows\System32\IMM32.DLL
0x000000006b370000 - 0x000000006b37c000 	C:\Program Files (x86)\360\Total Security\safemon\SafeWrapper.dll
0x00007ffa78c70000 - 0x00007ffa78d13000 	C:\Windows\System32\ADVAPI32.dll
0x00007ffa78d20000 - 0x00007ffa78dbe000 	C:\Windows\System32\sechost.dll
0x00007ff9eb160000 - 0x00007ff9eb1f2000 	C:\Program Files (x86)\360\Total Security\safemon\libzdtp64.dll
0x00007ffa77770000 - 0x00007ffa78c68000 	C:\Windows\System32\SHELL32.dll
0x00007ffa770c0000 - 0x00007ffa7710a000 	C:\Windows\System32\cfgmgr32.dll
0x00007ffa79860000 - 0x00007ffa79909000 	C:\Windows\System32\shcore.dll
0x00007ffa768e0000 - 0x00007ffa77034000 	C:\Windows\System32\windows.storage.dll
0x00007ffa765b0000 - 0x00007ffa765d4000 	C:\Windows\System32\profapi.dll
0x00007ffa76550000 - 0x00007ffa765ad000 	C:\Windows\System32\powrprof.dll
0x00007ffa7a4c0000 - 0x00007ffa7a512000 	C:\Windows\System32\shlwapi.dll
0x00007ffa76530000 - 0x00007ffa76541000 	C:\Windows\System32\kernel.appcore.dll
0x00007ffa766e0000 - 0x00007ffa766f7000 	C:\Windows\System32\cryptsp.dll
0x00007ffa76120000 - 0x00007ffa7612a000 	C:\Windows\SYSTEM32\VERSION.dll
0x00007ff9eb0c0000 - 0x00007ff9eb15d000 	C:\Program Files\Android\Android Studio\jre\bin\msvcp140.dll
0x00007ffa249f0000 - 0x00007ffa254c5000 	C:\Program Files\Android\Android Studio\jre\bin\server\jvm.dll
0x00007ffa78dc0000 - 0x00007ffa78dc8000 	C:\Windows\System32\PSAPI.DLL
0x00007ffa66f60000 - 0x00007ffa66f69000 	C:\Windows\SYSTEM32\WSOCK32.dll
0x00007ffa72690000 - 0x00007ffa726b4000 	C:\Windows\SYSTEM32\WINMM.dll
0x00007ffa72660000 - 0x00007ffa7268d000 	C:\Windows\SYSTEM32\winmmbase.dll
0x00007ffa7a420000 - 0x00007ffa7a48d000 	C:\Windows\System32\WS2_32.dll
0x00007ffa68bc0000 - 0x00007ffa68bd1000 	C:\Program Files\Android\Android Studio\jre\bin\verify.dll
0x00007ffa74e30000 - 0x00007ffa7501d000 	C:\Windows\SYSTEM32\DBGHELP.DLL
0x00007ffa6d000000 - 0x00007ffa6d02a000 	C:\Windows\SYSTEM32\dbgcore.DLL
0x00007ffa68af0000 - 0x00007ffa68b19000 	C:\Program Files\Android\Android Studio\jre\bin\java.dll
0x00007ffa71db0000 - 0x00007ffa71dbb000 	C:\Program Files\Android\Android Studio\jre\bin\jimage.dll
0x00007ffa68a30000 - 0x00007ffa68a48000 	C:\Program Files\Android\Android Studio\jre\bin\zip.dll
0x00007ffa66910000 - 0x00007ffa6692a000 	C:\Program Files\Android\Android Studio\jre\bin\net.dll
0x00007ffa73f80000 - 0x00007ffa74072000 	C:\Windows\SYSTEM32\WINHTTP.dll
0x00007ffa75d20000 - 0x00007ffa75d87000 	C:\Windows\system32\mswsock.dll
0x00007ffa66490000 - 0x00007ffa664a4000 	C:\Program Files\Android\Android Studio\jre\bin\nio.dll
0x00007ffa59280000 - 0x00007ffa592a7000 	C:\Users\Julia\.gradle\native\8bec1ad78214c89d9ad589b4d07fe93259594b29d510b10fafb7a158f7737e5d\windows-amd64\native-platform.dll
0x00007ffa3ac10000 - 0x00007ffa3ad4d000 	C:\Users\Julia\.gradle\native\53dbd7edfb1c66fb8903c78663c9afc45aea4f116125fa6feffd364cf09443e8\windows-amd64\native-platform-file-events.dll
0x00007ffa71b20000 - 0x00007ffa71b2a000 	C:\Program Files\Android\Android Studio\jre\bin\management.dll
0x00007ffa71b00000 - 0x00007ffa71b0d000 	C:\Program Files\Android\Android Studio\jre\bin\management_ext.dll
0x00007ffa758a0000 - 0x00007ffa758d3000 	C:\Windows\system32\rsaenh.dll
0x00007ffa76600000 - 0x00007ffa76626000 	C:\Windows\System32\bcrypt.dll
0x00007ffa76420000 - 0x00007ffa76448000 	C:\Windows\SYSTEM32\USERENV.dll
0x00007ffa75ef0000 - 0x00007ffa75efc000 	C:\Windows\SYSTEM32\CRYPTBASE.dll
0x00007ffa75a40000 - 0x00007ffa75a7d000 	C:\Windows\SYSTEM32\IPHLPAPI.DLL
0x00007ffa79850000 - 0x00007ffa79858000 	C:\Windows\System32\NSI.dll
0x00007ffa69c50000 - 0x00007ffa69c66000 	C:\Windows\SYSTEM32\dhcpcsvc6.DLL
0x00007ffa69760000 - 0x00007ffa6977c000 	C:\Windows\SYSTEM32\dhcpcsvc.DLL
0x00007ffa75a80000 - 0x00007ffa75b47000 	C:\Windows\SYSTEM32\DNSAPI.dll

dbghelp: loaded successfully - version: 4.0.5 - missing functions: none
symbol engine: initialized successfully - sym options: 0x614 - pdb path: .;C:\Program Files\Android\Android Studio\jre\bin;C:\Windows\SYSTEM32;C:\Program Files\Avast Software\Avast;C:\Windows\WinSxS\amd64_microsoft.windows.common-controls_6595b64144ccf1df_6.0.17763.1339_none_de7015e4534c7114;C:\Program Files (x86)\360\Total Security\safemon;C:\Program Files\Android\Android Studio\jre\bin\server;C:\Users\Julia\.gradle\native\8bec1ad78214c89d9ad589b4d07fe93259594b29d510b10fafb7a158f7737e5d\windows-amd64;C:\Users\Julia\.gradle\native\53dbd7edfb1c66fb8903c78663c9afc45aea4f116125fa6feffd364cf09443e8\windows-amd64

VM Arguments:
jvm_args: --add-opens=java.base/java.util=ALL-UNNAMED --add-opens=java.base/java.lang=ALL-UNNAMED --add-opens=java.base/java.lang.invoke=ALL-UNNAMED --add-opens=java.base/java.util=ALL-UNNAMED --add-opens=java.prefs/java.util.prefs=ALL-UNNAMED --add-opens=java.prefs/java.util.prefs=ALL-UNNAMED --add-opens=java.base/java.nio.charset=ALL-UNNAMED --add-opens=java.base/java.net=ALL-UNNAMED --add-opens=java.base/java.util.concurrent.atomic=ALL-UNNAMED -Xmx2048m -Dfile.encoding=UTF-8 -Duser.country=RU -Duser.language=ru -Duser.variant 
java_command: org.gradle.launcher.daemon.bootstrap.GradleDaemon 7.0.2
java_class_path (initial): C:\Users\Julia\.gradle\wrapper\dists\gradle-7.0.2-bin\857tjihv64xamwrf0h14cai3r\gradle-7.0.2\lib\gradle-launcher-7.0.2.jar
Launcher Type: SUN_STANDARD

[Global flags]
     intx CICompilerCount                          = 4                                         {product} {ergonomic}
     uint ConcGCThreads                            = 2                                         {product} {ergonomic}
     uint G1ConcRefinementThreads                  = 8                                         {product} {ergonomic}
   size_t G1HeapRegionSize                         = 1048576                                   {product} {ergonomic}
    uintx GCDrainStackTargetSize                   = 64                                        {product} {ergonomic}
   size_t InitialHeapSize                          = 132120576                                 {product} {ergonomic}
   size_t MarkStackSize                            = 4194304                                   {product} {ergonomic}
   size_t MaxHeapSize                              = 2147483648                                {product} {command line}
   size_t MaxNewSize                               = 1287651328                                {product} {ergonomic}
   size_t MinHeapDeltaBytes                        = 1048576                                   {product} {ergonomic}
    uintx NonNMethodCodeHeapSize                   = 5836300                                {pd product} {ergonomic}
    uintx NonProfiledCodeHeapSize                  = 122910970                              {pd product} {ergonomic}
    uintx ProfiledCodeHeapSize                     = 122910970                              {pd product} {ergonomic}
    uintx ReservedCodeCacheSize                    = 251658240                              {pd product} {ergonomic}
     bool SegmentedCodeCache                       = true                                      {product} {ergonomic}
     bool UseCompressedClassPointers               = true                                 {lp64_product} {ergonomic}
     bool UseCompressedOops                        = true                                 {lp64_product} {ergonomic}
     bool UseG1GC                                  = true                                      {product} {ergonomic}
     bool UseLargePagesIndividualAllocation        = false                                  {pd product} {ergonomic}

Logging:
Log output configuration:
 #0: stdout all=warning uptime,level,tags
 #1: stderr all=off uptime,level,tags

Environment Variables:
JAVA_HOME=C:\Users\Julia\.jdks\jbr-11.0.13\bin
PATH=C:\Program Files\NVIDIA GPU Computing Toolkit\CUDA\v11.6\bin;C:\Program Files\NVIDIA GPU Computing Toolkit\CUDA\v11.6\libnvvp;C:\Program Files (x86)\Common Files\Oracle\Java\javapath;C:\Windows\system32;C:\Windows;C:\Windows\System32\Wbem;C:\Windows\System32\WindowsPowerShell\v1.0\;C:\Program Files\Git\cmd;C:\Program Files\MATLAB\R2016b\runtime\win64;C:\Program Files\MATLAB\R2016b\bin;C:\Program Files\MATLAB\R2016b\polyspace\bin;C:\Program Files\NVIDIA Corporation\Nsight Compute 2022.1.1\;C:\Program Files (x86)\NVIDIA Corporation\PhysX\Common;;C:\Program Files\Docker\Docker\resources\bin;C:\ProgramData\DockerDesktop\version-bin;C:\Users\Julia\AppData\Local\Microsoft\WindowsApps;C:\intelFPGA\16.1\modelsim_ase\win32aloem;C:\intelFPGA_lite\16.1\modelsim_ase\win32aloem;C:\Program Files\JetBrains\IntelliJ IDEA Community Edition 2021.3.1\bin;;C:\Program Files\JetBrains\PyCharm Community Edition 2021.3.2\bin;;C:\Users\Julia\AppData\Local\Programs\Microsoft VS Code\bin;C:\Program Files\JetBrains\CLion 2022.1.2\bin;;C:\Users\Julia\AppData\Local\Programs\Python\Python310;C:\Program Files\Graphviz\bin
USERNAME=Julia
OS=Windows_NT
PROCESSOR_IDENTIFIER=Intel64 Family 6 Model 142 Stepping 11, GenuineIntel



---------------  S Y S T E M  ---------------

OS: Windows 10 , 64 bit Build 17763 (10.0.17763.1339)
OS uptime: 0 days 1:05 hours

CPU:total 8 (initial active 8) (4 cores per cpu, 2 threads per core) family 6 model 142 stepping 11 microcode 0xb8, cmov, cx8, fxsr, mmx, sse, sse2, sse3, ssse3, sse4.1, sse4.2, popcnt, avx, avx2, aes, clmul, erms, 3dnowpref, lzcnt, ht, tsc, tscinvbit, bmi1, bmi2, adx, fma

Memory: 4k page, system-wide physical 8037M (104M free)
TotalPageFile size 10085M (AvailPageFile size 17M)
current process WorkingSet (physical memory assigned to process): 604M, peak: 619M
current process commit charge ("private bytes"): 754M, peak: 823M

vm_info: OpenJDK 64-Bit Server VM (11.0.11+9-b60-7590822) for windows-amd64 JRE (11.0.11+9-b60-7590822), built on Jul 29 2021 21:43:44 by "builder" with MS VC++ 14.0 (VS2015)

END.
